<?xml version="1.0" encoding="UTF-8"?>
<coverage generated="1528108330813" clover="3.2.0">
  <project timestamp="1528108330813" name="All files">
    <metrics statements="707" coveredstatements="548" conditionals="344" coveredconditionals="207" methods="234" coveredmethods="135" elements="1285" coveredelements="890" complexity="0" loc="707" ncloc="707" packages="14" files="46" classes="46">
      <package name="assets">
        <metrics statements="6" coveredstatements="6" conditionals="0" coveredconditionals="0" methods="0" coveredmethods="0"/>
        <file name="buttondisabled.png" path="/Users/sooraj/Desktop/chainios/chainsidepay-merchant/src/assets/buttondisabled.png">
          <metrics statements="1" coveredstatements="1" conditionals="0" coveredconditionals="0" methods="0" coveredmethods="0"/>
          <line num="1" count="7" type="stmt"/>
        </file>
        <file name="header.png" path="/Users/sooraj/Desktop/chainios/chainsidepay-merchant/src/assets/header.png">
          <metrics statements="1" coveredstatements="1" conditionals="0" coveredconditionals="0" methods="0" coveredmethods="0"/>
          <line num="1" count="8" type="stmt"/>
        </file>
        <file name="loading.png" path="/Users/sooraj/Desktop/chainios/chainsidepay-merchant/src/assets/loading.png">
          <metrics statements="1" coveredstatements="1" conditionals="0" coveredconditionals="0" methods="0" coveredmethods="0"/>
          <line num="1" count="1" type="stmt"/>
        </file>
        <file name="nfc-logo.png" path="/Users/sooraj/Desktop/chainios/chainsidepay-merchant/src/assets/nfc-logo.png">
          <metrics statements="1" coveredstatements="1" conditionals="0" coveredconditionals="0" methods="0" coveredmethods="0"/>
          <line num="1" count="1" type="stmt"/>
        </file>
        <file name="pos-setup.png" path="/Users/sooraj/Desktop/chainios/chainsidepay-merchant/src/assets/pos-setup.png">
          <metrics statements="1" coveredstatements="1" conditionals="0" coveredconditionals="0" methods="0" coveredmethods="0"/>
          <line num="1" count="1" type="stmt"/>
        </file>
        <file name="timeout.png" path="/Users/sooraj/Desktop/chainios/chainsidepay-merchant/src/assets/timeout.png">
          <metrics statements="1" coveredstatements="1" conditionals="0" coveredconditionals="0" methods="0" coveredmethods="0"/>
          <line num="1" count="1" type="stmt"/>
        </file>
      </package>
      <package name="components.Button">
        <metrics statements="3" coveredstatements="3" conditionals="2" coveredconditionals="1" methods="1" coveredmethods="1"/>
        <file name="Button.js" path="/Users/sooraj/Desktop/chainios/chainsidepay-merchant/src/components/Button/Button.js">
          <metrics statements="3" coveredstatements="3" conditionals="2" coveredconditionals="1" methods="1" coveredmethods="1"/>
          <line num="10" count="7" type="stmt"/>
          <line num="11" count="7" type="stmt"/>
          <line num="18" count="38" type="stmt"/>
        </file>
      </package>
      <package name="components.FeedBack">
        <metrics statements="84" coveredstatements="79" conditionals="38" coveredconditionals="30" methods="23" coveredmethods="14"/>
        <file name="FeedBack.js" path="/Users/sooraj/Desktop/chainios/chainsidepay-merchant/src/components/FeedBack/FeedBack.js">
          <metrics statements="82" coveredstatements="77" conditionals="38" coveredconditionals="30" methods="23" coveredmethods="14"/>
          <line num="26" count="1" type="stmt"/>
          <line num="45" count="13" type="stmt"/>
          <line num="46" count="13" type="stmt"/>
          <line num="53" count="1" type="stmt"/>
          <line num="54" count="1" type="stmt"/>
          <line num="58" count="1" type="stmt"/>
          <line num="59" count="1" type="stmt"/>
          <line num="65" count="1" type="stmt"/>
          <line num="69" count="5" type="stmt"/>
          <line num="70" count="5" type="stmt"/>
          <line num="71" count="5" type="stmt"/>
          <line num="82" count="5" type="stmt"/>
          <line num="85" count="5" type="cond" truecount="2" falsecount="0"/>
          <line num="86" count="1" type="stmt"/>
          <line num="88" count="3" type="stmt"/>
          <line num="89" count="3" type="cond" truecount="4" falsecount="0"/>
          <line num="90" count="1" type="stmt"/>
          <line num="91" count="1" type="stmt"/>
          <line num="92" count="1" type="stmt"/>
          <line num="93" count="1" type="stmt"/>
          <line num="94" count="1" type="stmt"/>
          <line num="95" count="1" type="stmt"/>
          <line num="96" count="1" type="stmt"/>
          <line num="97" count="2" type="cond" truecount="3" falsecount="1"/>
          <line num="98" count="2" type="stmt"/>
          <line num="99" count="2" type="stmt"/>
          <line num="100" count="2" type="stmt"/>
          <line num="101" count="2" type="stmt"/>
          <line num="102" count="2" type="stmt"/>
          <line num="103" count="2" type="stmt"/>
          <line num="104" count="2" type="stmt"/>
          <line num="108" count="1" type="stmt"/>
          <line num="109" count="1" type="stmt"/>
          <line num="110" count="1" type="stmt"/>
          <line num="111" count="1" type="stmt"/>
          <line num="112" count="1" type="stmt"/>
          <line num="113" count="1" type="stmt"/>
          <line num="114" count="1" type="stmt"/>
          <line num="121" count="3" type="stmt"/>
          <line num="122" count="3" type="stmt"/>
          <line num="123" count="3" type="stmt"/>
          <line num="134" count="3" type="stmt"/>
          <line num="137" count="3" type="cond" truecount="1" falsecount="1"/>
          <line num="138" count="0" type="stmt"/>
          <line num="140" count="2" type="stmt"/>
          <line num="141" count="2" type="cond" truecount="4" falsecount="0"/>
          <line num="142" count="1" type="stmt"/>
          <line num="143" count="1" type="stmt"/>
          <line num="144" count="1" type="stmt"/>
          <line num="145" count="1" type="stmt"/>
          <line num="146" count="1" type="stmt"/>
          <line num="147" count="1" type="stmt"/>
          <line num="148" count="1" type="stmt"/>
          <line num="149" count="1" type="cond" truecount="3" falsecount="1"/>
          <line num="150" count="1" type="stmt"/>
          <line num="151" count="1" type="stmt"/>
          <line num="152" count="1" type="stmt"/>
          <line num="153" count="1" type="stmt"/>
          <line num="154" count="1" type="stmt"/>
          <line num="155" count="1" type="stmt"/>
          <line num="156" count="1" type="stmt"/>
          <line num="160" count="1" type="stmt"/>
          <line num="161" count="1" type="stmt"/>
          <line num="162" count="1" type="stmt"/>
          <line num="163" count="1" type="stmt"/>
          <line num="164" count="1" type="stmt"/>
          <line num="165" count="1" type="stmt"/>
          <line num="166" count="1" type="stmt"/>
          <line num="172" count="1" type="stmt"/>
          <line num="177" count="3" type="stmt"/>
          <line num="178" count="3" type="stmt"/>
          <line num="179" count="3" type="stmt"/>
          <line num="180" count="3" type="stmt"/>
          <line num="181" count="3" type="stmt"/>
          <line num="182" count="3" type="stmt"/>
          <line num="183" count="3" type="stmt"/>
          <line num="188" count="25" type="stmt"/>
          <line num="189" count="25" type="stmt"/>
          <line num="193" count="0" type="stmt"/>
          <line num="208" count="0" type="stmt"/>
          <line num="216" count="0" type="cond" truecount="1" falsecount="1"/>
          <line num="246" count="0" type="stmt"/>
        </file>
        <file name="Styles.js" path="/Users/sooraj/Desktop/chainios/chainsidepay-merchant/src/components/FeedBack/Styles.js">
          <metrics statements="2" coveredstatements="2" conditionals="0" coveredconditionals="0" methods="0" coveredmethods="0"/>
          <line num="6" count="1" type="stmt"/>
          <line num="8" count="1" type="stmt"/>
        </file>
      </package>
      <package name="components.Header">
        <metrics statements="10" coveredstatements="6" conditionals="12" coveredconditionals="10" methods="6" coveredmethods="2"/>
        <file name="Header.js" path="/Users/sooraj/Desktop/chainios/chainsidepay-merchant/src/components/Header/Header.js">
          <metrics statements="5" coveredstatements="2" conditionals="8" coveredconditionals="8" methods="4" coveredmethods="1"/>
          <line num="18" count="5" type="stmt"/>
          <line num="37" count="23" type="stmt"/>
          <line num="41" count="0" type="stmt"/>
          <line num="59" count="0" type="stmt"/>
          <line num="69" count="0" type="stmt"/>
        </file>
        <file name="HeaderStyles.js" path="/Users/sooraj/Desktop/chainios/chainsidepay-merchant/src/components/Header/HeaderStyles.js">
          <metrics statements="2" coveredstatements="2" conditionals="0" coveredconditionals="0" methods="0" coveredmethods="0"/>
          <line num="6" count="6" type="stmt"/>
          <line num="8" count="6" type="stmt"/>
        </file>
        <file name="HeaderWithTitle.js" path="/Users/sooraj/Desktop/chainios/chainsidepay-merchant/src/components/Header/HeaderWithTitle.js">
          <metrics statements="3" coveredstatements="2" conditionals="4" coveredconditionals="2" methods="2" coveredmethods="1"/>
          <line num="18" count="1" type="stmt"/>
          <line num="33" count="25" type="stmt"/>
          <line num="37" count="0" type="stmt"/>
        </file>
      </package>
      <package name="components.Home">
        <metrics statements="96" coveredstatements="55" conditionals="99" coveredconditionals="42" methods="21" coveredmethods="11"/>
        <file name="Accounting.js" path="/Users/sooraj/Desktop/chainios/chainsidepay-merchant/src/components/Home/Accounting.js">
          <metrics statements="96" coveredstatements="55" conditionals="99" coveredconditionals="42" methods="21" coveredmethods="11"/>
          <line num="12" count="5" type="stmt"/>
          <line num="17" count="5" type="stmt"/>
          <line num="20" count="5" type="stmt"/>
          <line num="27" count="5" type="stmt"/>
          <line num="48" count="5" type="stmt"/>
          <line num="49" count="5" type="stmt"/>
          <line num="50" count="5" type="stmt"/>
          <line num="57" count="90" type="cond" truecount="4" falsecount="0"/>
          <line num="65" count="581" type="cond" truecount="1" falsecount="1"/>
          <line num="72" count="180" type="cond" truecount="2" falsecount="0"/>
          <line num="82" count="180" type="cond" truecount="1" falsecount="1"/>
          <line num="83" count="180" type="cond" truecount="1" falsecount="1"/>
          <line num="85" count="180" type="stmt"/>
          <line num="86" count="900" type="cond" truecount="1" falsecount="1"/>
          <line num="88" count="900" type="cond" truecount="2" falsecount="0"/>
          <line num="91" count="180" type="stmt"/>
          <line num="101" count="0" type="stmt"/>
          <line num="103" count="0" type="cond" truecount="0" falsecount="2"/>
          <line num="106" count="0" type="cond" truecount="0" falsecount="4"/>
          <line num="109" count="0" type="stmt"/>
          <line num="110" count="0" type="stmt"/>
          <line num="112" count="0" type="stmt"/>
          <line num="119" count="401" type="stmt"/>
          <line num="120" count="401" type="cond" truecount="1" falsecount="1"/>
          <line num="134" count="90" type="stmt"/>
          <line num="137" count="90" type="cond" truecount="1" falsecount="1"/>
          <line num="140" count="90" type="cond" truecount="3" falsecount="1"/>
          <line num="143" count="90" type="stmt"/>
          <line num="150" count="0" type="cond" truecount="0" falsecount="5"/>
          <line num="153" count="0" type="cond" truecount="0" falsecount="2"/>
          <line num="161" count="0" type="stmt"/>
          <line num="179" count="5" type="stmt"/>
          <line num="181" count="401" type="cond" truecount="1" falsecount="1"/>
          <line num="182" count="0" type="stmt"/>
          <line num="183" count="0" type="stmt"/>
          <line num="188" count="401" type="cond" truecount="2" falsecount="0"/>
          <line num="191" count="401" type="cond" truecount="2" falsecount="0"/>
          <line num="194" count="41" type="cond" truecount="2" falsecount="0"/>
          <line num="197" count="41" type="stmt"/>
          <line num="198" count="41" type="stmt"/>
          <line num="206" count="41" type="cond" truecount="1" falsecount="1"/>
          <line num="216" count="5" type="stmt"/>
          <line num="217" count="221" type="stmt"/>
          <line num="218" count="221" type="stmt"/>
          <line num="221" count="221" type="stmt"/>
          <line num="232" count="5" type="stmt"/>
          <line num="234" count="90" type="cond" truecount="1" falsecount="1"/>
          <line num="235" count="0" type="stmt"/>
          <line num="236" count="0" type="stmt"/>
          <line num="241" count="90" type="stmt"/>
          <line num="244" count="90" type="stmt"/>
          <line num="254" count="90" type="stmt"/>
          <line num="257" count="90" type="cond" truecount="1" falsecount="1"/>
          <line num="258" count="90" type="cond" truecount="2" falsecount="0"/>
          <line num="259" count="90" type="cond" truecount="1" falsecount="1"/>
          <line num="262" count="90" type="cond" truecount="2" falsecount="2"/>
          <line num="277" count="5" type="stmt"/>
          <line num="279" count="90" type="cond" truecount="1" falsecount="1"/>
          <line num="280" count="0" type="stmt"/>
          <line num="281" count="0" type="stmt"/>
          <line num="286" count="90" type="stmt"/>
          <line num="289" count="90" type="stmt"/>
          <line num="301" count="90" type="stmt"/>
          <line num="304" count="90" type="cond" truecount="3" falsecount="1"/>
          <line num="307" count="90" type="stmt"/>
          <line num="323" count="5" type="stmt"/>
          <line num="324" count="0" type="cond" truecount="0" falsecount="2"/>
          <line num="327" count="0" type="stmt"/>
          <line num="339" count="0" type="stmt"/>
          <line num="342" count="0" type="cond" truecount="0" falsecount="2"/>
          <line num="345" count="0" type="stmt"/>
          <line num="348" count="0" type="stmt"/>
          <line num="349" count="0" type="cond" truecount="0" falsecount="2"/>
          <line num="351" count="0" type="stmt"/>
          <line num="354" count="0" type="stmt"/>
          <line num="357" count="0" type="cond" truecount="0" falsecount="4"/>
          <line num="360" count="0" type="stmt"/>
          <line num="362" count="0" type="cond" truecount="0" falsecount="2"/>
          <line num="363" count="0" type="stmt"/>
          <line num="368" count="0" type="stmt"/>
          <line num="370" count="0" type="cond" truecount="0" falsecount="4"/>
          <line num="372" count="0" type="cond" truecount="0" falsecount="2"/>
          <line num="374" count="0" type="stmt"/>
          <line num="383" count="5" type="cond" truecount="1" falsecount="1"/>
          <line num="384" count="5" type="cond" truecount="3" falsecount="1"/>
          <line num="385" count="5" type="stmt"/>
          <line num="387" count="5" type="stmt"/>
          <line num="388" count="0" type="cond" truecount="0" falsecount="4"/>
          <line num="390" count="0" type="stmt"/>
          <line num="391" count="0" type="stmt"/>
          <line num="397" count="0" type="stmt"/>
          <line num="398" count="0" type="stmt"/>
          <line num="400" count="0" type="stmt"/>
          <line num="402" count="0" type="stmt"/>
          <line num="404" count="0" type="stmt"/>
          <line num="409" count="0" type="stmt"/>
        </file>
      </package>
      <package name="components.OnBoarding.Alerts">
        <metrics statements="13" coveredstatements="9" conditionals="2" coveredconditionals="2" methods="6" coveredmethods="2"/>
        <file name="Alert.js" path="/Users/sooraj/Desktop/chainios/chainsidepay-merchant/src/components/OnBoarding/Alerts/Alert.js">
          <metrics statements="10" coveredstatements="6" conditionals="2" coveredconditionals="2" methods="6" coveredmethods="2"/>
          <line num="37" count="17" type="stmt"/>
          <line num="39" count="17" type="stmt"/>
          <line num="43" count="17" type="stmt"/>
          <line num="44" count="17" type="stmt"/>
          <line num="48" count="0" type="stmt"/>
          <line num="52" count="0" type="stmt"/>
          <line num="56" count="24" type="cond" truecount="2" falsecount="0"/>
          <line num="57" count="24" type="stmt"/>
          <line num="62" count="0" type="stmt"/>
          <line num="83" count="0" type="stmt"/>
        </file>
        <file name="ErrorStyles.js" path="/Users/sooraj/Desktop/chainios/chainsidepay-merchant/src/components/OnBoarding/Alerts/ErrorStyles.js">
          <metrics statements="1" coveredstatements="1" conditionals="0" coveredconditionals="0" methods="0" coveredmethods="0"/>
          <line num="6" count="4" type="stmt"/>
        </file>
        <file name="SucessStyles.js" path="/Users/sooraj/Desktop/chainios/chainsidepay-merchant/src/components/OnBoarding/Alerts/SucessStyles.js">
          <metrics statements="2" coveredstatements="2" conditionals="0" coveredconditionals="0" methods="0" coveredmethods="0"/>
          <line num="6" count="4" type="stmt"/>
          <line num="8" count="4" type="stmt"/>
        </file>
      </package>
      <package name="components.OnBoarding.POSManual">
        <metrics statements="46" coveredstatements="34" conditionals="10" coveredconditionals="7" methods="23" coveredmethods="15"/>
        <file name="POSManual.js" path="/Users/sooraj/Desktop/chainios/chainsidepay-merchant/src/components/OnBoarding/POSManual/POSManual.js">
          <metrics statements="44" coveredstatements="32" conditionals="10" coveredconditionals="7" methods="23" coveredmethods="15"/>
          <line num="27" count="1" type="stmt"/>
          <line num="29" count="1" type="stmt"/>
          <line num="50" count="10" type="stmt"/>
          <line num="51" count="10" type="stmt"/>
          <line num="59" count="1" type="stmt"/>
          <line num="60" count="1" type="stmt"/>
          <line num="64" count="1" type="stmt"/>
          <line num="68" count="1" type="stmt"/>
          <line num="74" count="1" type="stmt"/>
          <line num="78" count="3" type="stmt"/>
          <line num="79" count="3" type="stmt"/>
          <line num="80" count="3" type="stmt"/>
          <line num="83" count="3" type="stmt"/>
          <line num="84" count="0" type="cond" truecount="0" falsecount="2"/>
          <line num="85" count="0" type="stmt"/>
          <line num="87" count="0" type="stmt"/>
          <line num="88" count="0" type="stmt"/>
          <line num="94" count="0" type="stmt"/>
          <line num="101" count="2" type="stmt"/>
          <line num="105" count="2" type="stmt"/>
          <line num="109" count="2" type="stmt"/>
          <line num="113" count="2" type="cond" truecount="4" falsecount="0"/>
          <line num="114" count="1" type="stmt"/>
          <line num="116" count="1" type="stmt"/>
          <line num="117" count="1" type="stmt"/>
          <line num="118" count="1" type="stmt"/>
          <line num="130" count="1" type="stmt"/>
          <line num="131" count="1" type="stmt"/>
          <line num="134" count="1" type="stmt"/>
          <line num="135" count="1" type="cond" truecount="1" falsecount="1"/>
          <line num="136" count="1" type="stmt"/>
          <line num="137" count="1" type="stmt"/>
          <line num="138" count="1" type="stmt"/>
          <line num="139" count="1" type="stmt"/>
          <line num="140" count="1" type="stmt"/>
          <line num="142" count="0" type="stmt"/>
          <line num="145" count="0" type="stmt"/>
          <line num="152" count="1" type="stmt"/>
          <line num="156" count="16" type="stmt"/>
          <line num="158" count="0" type="stmt"/>
          <line num="180" count="0" type="stmt"/>
          <line num="188" count="0" type="stmt"/>
          <line num="195" count="0" type="stmt"/>
          <line num="210" count="0" type="stmt"/>
        </file>
        <file name="Styles.js" path="/Users/sooraj/Desktop/chainios/chainsidepay-merchant/src/components/OnBoarding/POSManual/Styles.js">
          <metrics statements="2" coveredstatements="2" conditionals="0" coveredconditionals="0" methods="0" coveredmethods="0"/>
          <line num="6" count="1" type="stmt"/>
          <line num="8" count="1" type="stmt"/>
        </file>
      </package>
      <package name="components.Payment.Alert">
        <metrics statements="2" coveredstatements="2" conditionals="2" coveredconditionals="1" methods="1" coveredmethods="1"/>
        <file name="Alert.js" path="/Users/sooraj/Desktop/chainios/chainsidepay-merchant/src/components/Payment/Alert/Alert.js">
          <metrics statements="2" coveredstatements="2" conditionals="2" coveredconditionals="1" methods="1" coveredmethods="1"/>
          <line num="31" count="1" type="stmt"/>
          <line num="32" count="1" type="stmt"/>
        </file>
      </package>
      <package name="components.Payment.Cancel">
        <metrics statements="60" coveredstatements="52" conditionals="18" coveredconditionals="11" methods="19" coveredmethods="13"/>
        <file name="Cancel.js" path="/Users/sooraj/Desktop/chainios/chainsidepay-merchant/src/components/Payment/Cancel/Cancel.js">
          <metrics statements="58" coveredstatements="50" conditionals="18" coveredconditionals="11" methods="19" coveredmethods="13"/>
          <line num="26" count="1" type="stmt"/>
          <line num="27" count="1" type="stmt"/>
          <line num="45" count="5" type="stmt"/>
          <line num="46" count="5" type="stmt"/>
          <line num="54" count="5" type="stmt"/>
          <line num="55" count="5" type="stmt"/>
          <line num="56" count="0" type="stmt"/>
          <line num="58" count="5" type="stmt"/>
          <line num="62" count="7" type="stmt"/>
          <line num="63" count="7" type="stmt"/>
          <line num="64" count="7" type="stmt"/>
          <line num="65" count="7" type="stmt"/>
          <line num="66" count="7" type="stmt"/>
          <line num="77" count="7" type="stmt"/>
          <line num="80" count="7" type="cond" truecount="1" falsecount="1"/>
          <line num="81" count="0" type="stmt"/>
          <line num="83" count="5" type="cond" truecount="1" falsecount="1"/>
          <line num="84" count="0" type="stmt"/>
          <line num="86" count="5" type="stmt"/>
          <line num="87" count="5" type="stmt"/>
          <line num="88" count="5" type="stmt"/>
          <line num="89" count="5" type="stmt"/>
          <line num="90" count="5" type="stmt"/>
          <line num="91" count="5" type="stmt"/>
          <line num="92" count="5" type="stmt"/>
          <line num="96" count="2" type="stmt"/>
          <line num="97" count="2" type="stmt"/>
          <line num="98" count="2" type="stmt"/>
          <line num="99" count="2" type="stmt"/>
          <line num="100" count="2" type="stmt"/>
          <line num="101" count="2" type="stmt"/>
          <line num="102" count="2" type="stmt"/>
          <line num="108" count="1" type="stmt"/>
          <line num="109" count="1" type="stmt"/>
          <line num="113" count="1" type="stmt"/>
          <line num="114" count="1" type="stmt"/>
          <line num="118" count="1" type="stmt"/>
          <line num="119" count="1" type="stmt"/>
          <line num="123" count="0" type="stmt"/>
          <line num="127" count="1" type="stmt"/>
          <line num="128" count="1" type="stmt"/>
          <line num="129" count="1" type="stmt"/>
          <line num="130" count="1" type="stmt"/>
          <line num="131" count="1" type="stmt"/>
          <line num="132" count="1" type="stmt"/>
          <line num="133" count="1" type="stmt"/>
          <line num="138" count="14" type="stmt"/>
          <line num="139" count="14" type="stmt"/>
          <line num="140" count="14" type="stmt"/>
          <line num="141" count="14" type="cond" truecount="1" falsecount="1"/>
          <line num="142" count="14" type="cond" truecount="1" falsecount="1"/>
          <line num="143" count="14" type="cond" truecount="2" falsecount="0"/>
          <line num="144" count="3" type="stmt"/>
          <line num="148" count="0" type="stmt"/>
          <line num="149" count="0" type="stmt"/>
          <line num="196" count="0" type="stmt"/>
          <line num="210" count="11" type="stmt"/>
          <line num="222" count="0" type="stmt"/>
        </file>
        <file name="Styles.js" path="/Users/sooraj/Desktop/chainios/chainsidepay-merchant/src/components/Payment/Cancel/Styles.js">
          <metrics statements="2" coveredstatements="2" conditionals="0" coveredconditionals="0" methods="0" coveredmethods="0"/>
          <line num="6" count="1" type="stmt"/>
          <line num="8" count="1" type="stmt"/>
        </file>
      </package>
      <package name="components.Payment.Complete">
        <metrics statements="48" coveredstatements="35" conditionals="30" coveredconditionals="21" methods="24" coveredmethods="12"/>
        <file name="Complete.js" path="/Users/sooraj/Desktop/chainios/chainsidepay-merchant/src/components/Payment/Complete/Complete.js">
          <metrics statements="26" coveredstatements="15" conditionals="20" coveredconditionals="15" methods="18" coveredmethods="7"/>
          <line num="28" count="1" type="stmt"/>
          <line num="47" count="5" type="stmt"/>
          <line num="48" count="5" type="stmt"/>
          <line num="55" count="1" type="stmt"/>
          <line num="56" count="1" type="stmt"/>
          <line num="60" count="1" type="stmt"/>
          <line num="61" count="1" type="stmt"/>
          <line num="66" count="1" type="stmt"/>
          <line num="72" count="1" type="stmt"/>
          <line num="77" count="5" type="stmt"/>
          <line num="78" count="5" type="cond" truecount="4" falsecount="0"/>
          <line num="79" count="3" type="stmt"/>
          <line num="81" count="3" type="stmt"/>
          <line num="83" count="0" type="stmt"/>
          <line num="90" count="0" type="stmt"/>
          <line num="91" count="0" type="stmt"/>
          <line num="100" count="3" type="stmt"/>
          <line num="117" count="0" type="stmt"/>
          <line num="125" count="0" type="stmt"/>
          <line num="131" count="0" type="stmt"/>
          <line num="145" count="2" type="stmt"/>
          <line num="150" count="0" type="stmt"/>
          <line num="151" count="0" type="stmt"/>
          <line num="172" count="0" type="stmt"/>
          <line num="180" count="0" type="stmt"/>
          <line num="189" count="0" type="stmt"/>
        </file>
        <file name="OverPaymentAlert.js" path="/Users/sooraj/Desktop/chainios/chainsidepay-merchant/src/components/Payment/Complete/OverPaymentAlert.js">
          <metrics statements="13" coveredstatements="11" conditionals="6" coveredconditionals="3" methods="4" coveredmethods="3"/>
          <line num="23" count="1" type="stmt"/>
          <line num="24" count="1" type="stmt"/>
          <line num="49" count="4" type="stmt"/>
          <line num="50" count="4" type="stmt"/>
          <line num="56" count="4" type="stmt"/>
          <line num="57" count="0" type="stmt"/>
          <line num="58" count="0" type="stmt"/>
          <line num="64" count="4" type="stmt"/>
          <line num="65" count="4" type="stmt"/>
          <line num="66" count="4" type="cond" truecount="1" falsecount="1"/>
          <line num="67" count="4" type="cond" truecount="1" falsecount="1"/>
          <line num="68" count="4" type="cond" truecount="1" falsecount="1"/>
          <line num="69" count="4" type="stmt"/>
        </file>
        <file name="OverPaymentAlertStyles.js" path="/Users/sooraj/Desktop/chainios/chainsidepay-merchant/src/components/Payment/Complete/OverPaymentAlertStyles.js">
          <metrics statements="2" coveredstatements="2" conditionals="0" coveredconditionals="0" methods="0" coveredmethods="0"/>
          <line num="6" count="1" type="stmt"/>
          <line num="8" count="1" type="stmt"/>
        </file>
        <file name="RiskAlert.js" path="/Users/sooraj/Desktop/chainios/chainsidepay-merchant/src/components/Payment/Complete/RiskAlert.js">
          <metrics statements="2" coveredstatements="2" conditionals="0" coveredconditionals="0" methods="1" coveredmethods="1"/>
          <line num="20" count="1" type="stmt"/>
          <line num="41" count="4" type="stmt"/>
        </file>
        <file name="RiskAlertStyles.js" path="/Users/sooraj/Desktop/chainios/chainsidepay-merchant/src/components/Payment/Complete/RiskAlertStyles.js">
          <metrics statements="2" coveredstatements="2" conditionals="0" coveredconditionals="0" methods="0" coveredmethods="0"/>
          <line num="6" count="1" type="stmt"/>
          <line num="8" count="1" type="stmt"/>
        </file>
        <file name="Status.js" path="/Users/sooraj/Desktop/chainios/chainsidepay-merchant/src/components/Payment/Complete/Status.js">
          <metrics statements="1" coveredstatements="1" conditionals="4" coveredconditionals="3" methods="1" coveredmethods="1"/>
          <line num="31" count="5" type="stmt"/>
        </file>
        <file name="Styles.js" path="/Users/sooraj/Desktop/chainios/chainsidepay-merchant/src/components/Payment/Complete/Styles.js">
          <metrics statements="2" coveredstatements="2" conditionals="0" coveredconditionals="0" methods="0" coveredmethods="0"/>
          <line num="6" count="2" type="stmt"/>
          <line num="8" count="2" type="stmt"/>
        </file>
      </package>
      <package name="components.Payment.PopUp">
        <metrics statements="55" coveredstatements="42" conditionals="18" coveredconditionals="16" methods="26" coveredmethods="14"/>
        <file name="NotificationPopUp.js" path="/Users/sooraj/Desktop/chainios/chainsidepay-merchant/src/components/Payment/PopUp/NotificationPopUp.js">
          <metrics statements="17" coveredstatements="11" conditionals="4" coveredconditionals="2" methods="9" coveredmethods="5"/>
          <line num="21" count="2" type="stmt"/>
          <line num="22" count="2" type="stmt"/>
          <line num="37" count="3" type="stmt"/>
          <line num="39" count="3" type="stmt"/>
          <line num="43" count="3" type="stmt"/>
          <line num="44" count="3" type="stmt"/>
          <line num="48" count="1" type="stmt"/>
          <line num="52" count="1" type="cond" truecount="1" falsecount="1"/>
          <line num="53" count="0" type="stmt"/>
          <line num="58" count="3" type="stmt"/>
          <line num="59" count="0" type="stmt"/>
          <line num="60" count="0" type="stmt"/>
          <line num="65" count="4" type="cond" truecount="1" falsecount="1"/>
          <line num="66" count="4" type="stmt"/>
          <line num="72" count="0" type="stmt"/>
          <line num="101" count="0" type="stmt"/>
          <line num="111" count="0" type="stmt"/>
        </file>
        <file name="NotificationPopUpStyles.js" path="/Users/sooraj/Desktop/chainios/chainsidepay-merchant/src/components/Payment/PopUp/NotificationPopUpStyles.js">
          <metrics statements="2" coveredstatements="2" conditionals="0" coveredconditionals="0" methods="0" coveredmethods="0"/>
          <line num="7" count="2" type="stmt"/>
          <line num="9" count="2" type="stmt"/>
        </file>
        <file name="PopUp.js" path="/Users/sooraj/Desktop/chainios/chainsidepay-merchant/src/components/Payment/PopUp/PopUp.js">
          <metrics statements="10" coveredstatements="7" conditionals="0" coveredconditionals="0" methods="7" coveredmethods="4"/>
          <line num="29" count="3" type="stmt"/>
          <line num="31" count="3" type="stmt"/>
          <line num="35" count="3" type="stmt"/>
          <line num="36" count="3" type="stmt"/>
          <line num="40" count="1" type="stmt"/>
          <line num="44" count="1" type="stmt"/>
          <line num="49" count="5" type="stmt"/>
          <line num="55" count="0" type="stmt"/>
          <line num="71" count="0" type="stmt"/>
          <line num="79" count="0" type="stmt"/>
        </file>
        <file name="PopUpStyles.js" path="/Users/sooraj/Desktop/chainios/chainsidepay-merchant/src/components/Payment/PopUp/PopUpStyles.js">
          <metrics statements="2" coveredstatements="2" conditionals="0" coveredconditionals="0" methods="0" coveredmethods="0"/>
          <line num="7" count="2" type="stmt"/>
          <line num="9" count="2" type="stmt"/>
        </file>
        <file name="Prompt.js" path="/Users/sooraj/Desktop/chainios/chainsidepay-merchant/src/components/Payment/PopUp/Prompt.js">
          <metrics statements="22" coveredstatements="18" conditionals="14" coveredconditionals="14" methods="10" coveredmethods="5"/>
          <line num="34" count="7" type="stmt"/>
          <line num="36" count="7" type="stmt"/>
          <line num="42" count="7" type="stmt"/>
          <line num="43" count="7" type="stmt"/>
          <line num="47" count="1" type="stmt"/>
          <line num="51" count="1" type="stmt"/>
          <line num="55" count="4" type="stmt"/>
          <line num="56" count="4" type="stmt"/>
          <line num="57" count="4" type="cond" truecount="2" falsecount="0"/>
          <line num="58" count="2" type="stmt"/>
          <line num="59" count="2" type="cond" truecount="2" falsecount="0"/>
          <line num="60" count="1" type="stmt"/>
          <line num="62" count="1" type="stmt"/>
          <line num="65" count="2" type="stmt"/>
          <line num="66" count="2" type="cond" truecount="2" falsecount="0"/>
          <line num="67" count="1" type="stmt"/>
          <line num="69" count="1" type="stmt"/>
          <line num="75" count="17" type="stmt"/>
          <line num="81" count="0" type="stmt"/>
          <line num="98" count="0" type="stmt"/>
          <line num="104" count="0" type="stmt"/>
          <line num="112" count="0" type="stmt"/>
        </file>
        <file name="PromptStyles.js" path="/Users/sooraj/Desktop/chainios/chainsidepay-merchant/src/components/Payment/PopUp/PromptStyles.js">
          <metrics statements="2" coveredstatements="2" conditionals="0" coveredconditionals="0" methods="0" coveredmethods="0"/>
          <line num="7" count="2" type="stmt"/>
          <line num="9" count="2" type="stmt"/>
        </file>
      </package>
      <package name="components.Payment.Request">
        <metrics statements="191" coveredstatements="161" conditionals="101" coveredconditionals="60" methods="50" coveredmethods="34"/>
        <file name="AmountCard.js" path="/Users/sooraj/Desktop/chainios/chainsidepay-merchant/src/components/Payment/Request/AmountCard.js">
          <metrics statements="12" coveredstatements="11" conditionals="12" coveredconditionals="6" methods="4" coveredmethods="4"/>
          <line num="15" count="4" type="stmt"/>
          <line num="16" count="4" type="stmt"/>
          <line num="34" count="12" type="stmt"/>
          <line num="35" count="12" type="stmt"/>
          <line num="41" count="12" type="stmt"/>
          <line num="42" count="4" type="stmt"/>
          <line num="43" count="0" type="stmt"/>
          <line num="48" count="22" type="stmt"/>
          <line num="49" count="22" type="stmt"/>
          <line num="50" count="22" type="cond" truecount="1" falsecount="1"/>
          <line num="51" count="22" type="cond" truecount="1" falsecount="1"/>
          <line num="52" count="22" type="stmt"/>
        </file>
        <file name="Request.js" path="/Users/sooraj/Desktop/chainios/chainsidepay-merchant/src/components/Payment/Request/Request.js">
          <metrics statements="133" coveredstatements="112" conditionals="54" coveredconditionals="38" methods="39" coveredmethods="24"/>
          <line num="33" count="1" type="stmt"/>
          <line num="34" count="1" type="stmt"/>
          <line num="53" count="21" type="stmt"/>
          <line num="54" count="21" type="stmt"/>
          <line num="70" count="21" type="stmt"/>
          <line num="75" count="12" type="stmt"/>
          <line num="76" count="12" type="stmt"/>
          <line num="77" count="12" type="stmt"/>
          <line num="78" count="12" type="stmt"/>
          <line num="89" count="12" type="stmt"/>
          <line num="92" count="5" type="cond" truecount="1" falsecount="1"/>
          <line num="93" count="0" type="stmt"/>
          <line num="95" count="5" type="stmt"/>
          <line num="96" count="5" type="stmt"/>
          <line num="97" count="5" type="stmt"/>
          <line num="98" count="5" type="cond" truecount="2" falsecount="0"/>
          <line num="99" count="4" type="stmt"/>
          <line num="103" count="11" type="stmt"/>
          <line num="104" count="11" type="stmt"/>
          <line num="105" count="11" type="stmt"/>
          <line num="106" count="11" type="stmt"/>
          <line num="107" count="11" type="stmt"/>
          <line num="108" count="11" type="stmt"/>
          <line num="109" count="11" type="stmt"/>
          <line num="115" count="1" type="stmt"/>
          <line num="116" count="1" type="stmt"/>
          <line num="117" count="1" type="stmt"/>
          <line num="118" count="1" type="stmt"/>
          <line num="119" count="1" type="stmt"/>
          <line num="120" count="1" type="stmt"/>
          <line num="121" count="1" type="stmt"/>
          <line num="135" count="1" type="stmt"/>
          <line num="139" count="1" type="stmt"/>
          <line num="143" count="1" type="stmt"/>
          <line num="148" count="2" type="stmt"/>
          <line num="149" count="2" type="cond" truecount="2" falsecount="0"/>
          <line num="150" count="1" type="stmt"/>
          <line num="152" count="1" type="stmt"/>
          <line num="157" count="1" type="stmt"/>
          <line num="158" count="1" type="stmt"/>
          <line num="159" count="1" type="stmt"/>
          <line num="160" count="1" type="stmt"/>
          <line num="161" count="1" type="stmt"/>
          <line num="162" count="1" type="stmt"/>
          <line num="176" count="1" type="cond" truecount="1" falsecount="1"/>
          <line num="177" count="0" type="stmt"/>
          <line num="182" count="2" type="stmt"/>
          <line num="183" count="2" type="cond" truecount="2" falsecount="0"/>
          <line num="184" count="1" type="stmt"/>
          <line num="185" count="1" type="cond" truecount="1" falsecount="1"/>
          <line num="186" count="1" type="stmt"/>
          <line num="191" count="2" type="cond" truecount="1" falsecount="1"/>
          <line num="192" count="0" type="stmt"/>
          <line num="194" count="2" type="stmt"/>
          <line num="199" count="3" type="cond" truecount="1" falsecount="1"/>
          <line num="200" count="0" type="stmt"/>
          <line num="202" count="3" type="stmt"/>
          <line num="203" count="3" type="stmt"/>
          <line num="204" count="3" type="stmt"/>
          <line num="205" count="3" type="cond" truecount="1" falsecount="1"/>
          <line num="206" count="3" type="stmt"/>
          <line num="208" count="0" type="stmt"/>
          <line num="210" count="3" type="stmt"/>
          <line num="211" count="3" type="stmt"/>
          <line num="222" count="2" type="stmt"/>
          <line num="225" count="1" type="cond" truecount="1" falsecount="1"/>
          <line num="226" count="0" type="stmt"/>
          <line num="228" count="1" type="stmt"/>
          <line num="229" count="1" type="cond" truecount="1" falsecount="1"/>
          <line num="230" count="1" type="stmt"/>
          <line num="232" count="0" type="stmt"/>
          <line num="236" count="1" type="stmt"/>
          <line num="237" count="1" type="stmt"/>
          <line num="238" count="1" type="stmt"/>
          <line num="239" count="1" type="stmt"/>
          <line num="240" count="1" type="stmt"/>
          <line num="241" count="1" type="stmt"/>
          <line num="242" count="1" type="stmt"/>
          <line num="243" count="1" type="stmt"/>
          <line num="250" count="0" type="stmt"/>
          <line num="251" count="0" type="stmt"/>
          <line num="255" count="0" type="stmt"/>
          <line num="256" count="0" type="stmt"/>
          <line num="260" count="4" type="stmt"/>
          <line num="264" count="1" type="stmt"/>
          <line num="269" count="3" type="cond" truecount="4" falsecount="0"/>
          <line num="270" count="2" type="stmt"/>
          <line num="271" count="2" type="stmt"/>
          <line num="272" count="2" type="stmt"/>
          <line num="273" count="2" type="stmt"/>
          <line num="274" count="2" type="stmt"/>
          <line num="275" count="2" type="stmt"/>
          <line num="276" count="2" type="stmt"/>
          <line num="277" count="1" type="cond" truecount="2" falsecount="2"/>
          <line num="278" count="1" type="stmt"/>
          <line num="279" count="1" type="stmt"/>
          <line num="280" count="1" type="stmt"/>
          <line num="281" count="1" type="stmt"/>
          <line num="282" count="1" type="stmt"/>
          <line num="283" count="1" type="stmt"/>
          <line num="284" count="1" type="stmt"/>
          <line num="290" count="2" type="cond" truecount="4" falsecount="0"/>
          <line num="291" count="1" type="stmt"/>
          <line num="292" count="1" type="stmt"/>
          <line num="293" count="1" type="stmt"/>
          <line num="294" count="1" type="stmt"/>
          <line num="295" count="1" type="stmt"/>
          <line num="296" count="1" type="stmt"/>
          <line num="297" count="1" type="stmt"/>
          <line num="298" count="1" type="cond" truecount="2" falsecount="2"/>
          <line num="299" count="1" type="stmt"/>
          <line num="300" count="1" type="stmt"/>
          <line num="301" count="1" type="stmt"/>
          <line num="302" count="1" type="stmt"/>
          <line num="303" count="1" type="stmt"/>
          <line num="304" count="1" type="stmt"/>
          <line num="305" count="1" type="stmt"/>
          <line num="310" count="2" type="stmt"/>
          <line num="321" count="64" type="stmt"/>
          <line num="322" count="64" type="cond" truecount="2" falsecount="0"/>
          <line num="323" count="11" type="cond" truecount="1" falsecount="1"/>
          <line num="324" count="0" type="stmt"/>
          <line num="329" count="0" type="stmt"/>
          <line num="330" count="0" type="stmt"/>
          <line num="347" count="11" type="stmt"/>
          <line num="350" count="0" type="stmt"/>
          <line num="351" count="0" type="stmt"/>
          <line num="352" count="0" type="stmt"/>
          <line num="393" count="0" type="stmt"/>
          <line num="405" count="0" type="stmt"/>
          <line num="413" count="0" type="stmt"/>
          <line num="461" count="0" type="stmt"/>
          <line num="471" count="53" type="stmt"/>
        </file>
        <file name="Styles.js" path="/Users/sooraj/Desktop/chainios/chainsidepay-merchant/src/components/Payment/Request/Styles.js">
          <metrics statements="2" coveredstatements="2" conditionals="0" coveredconditionals="0" methods="0" coveredmethods="0"/>
          <line num="6" count="4" type="stmt"/>
          <line num="8" count="4" type="stmt"/>
        </file>
        <file name="Timer.js" path="/Users/sooraj/Desktop/chainios/chainsidepay-merchant/src/components/Payment/Request/Timer.js">
          <metrics statements="44" coveredstatements="36" conditionals="35" coveredconditionals="16" methods="7" coveredmethods="6"/>
          <line num="4" count="1" type="cond" truecount="1" falsecount="1"/>
          <line num="16" count="3" type="stmt"/>
          <line num="17" count="3" type="stmt"/>
          <line num="23" count="3" type="stmt"/>
          <line num="25" count="3" type="stmt"/>
          <line num="26" count="3" type="stmt"/>
          <line num="30" count="3" type="stmt"/>
          <line num="31" count="3" type="stmt"/>
          <line num="40" count="11" type="cond" truecount="2" falsecount="3"/>
          <line num="41" count="0" type="stmt"/>
          <line num="46" count="0" type="stmt"/>
          <line num="47" count="0" type="stmt"/>
          <line num="51" count="3" type="stmt"/>
          <line num="52" count="3" type="cond" truecount="1" falsecount="1"/>
          <line num="53" count="3" type="stmt"/>
          <line num="56" count="3" type="stmt"/>
          <line num="57" count="3" type="stmt"/>
          <line num="59" count="3" type="cond" truecount="1" falsecount="1"/>
          <line num="60" count="0" type="stmt"/>
          <line num="63" count="3" type="stmt"/>
          <line num="64" count="3" type="cond" truecount="1" falsecount="1"/>
          <line num="66" count="3" type="cond" truecount="1" falsecount="1"/>
          <line num="67" count="3" type="cond" truecount="1" falsecount="1"/>
          <line num="68" count="3" type="stmt"/>
          <line num="75" count="3" type="cond" truecount="1" falsecount="1"/>
          <line num="76" count="0" type="cond" truecount="0" falsecount="2"/>
          <line num="77" count="0" type="stmt"/>
          <line num="80" count="3" type="cond" truecount="1" falsecount="1"/>
          <line num="81" count="0" type="stmt"/>
          <line num="86" count="14" type="cond" truecount="1" falsecount="1"/>
          <line num="87" count="0" type="stmt"/>
          <line num="90" count="14" type="stmt"/>
          <line num="92" count="14" type="stmt"/>
          <line num="93" count="14" type="stmt"/>
          <line num="94" count="14" type="stmt"/>
          <line num="96" count="14" type="cond" truecount="1" falsecount="1"/>
          <line num="97" count="14" type="cond" truecount="1" falsecount="1"/>
          <line num="98" count="14" type="cond" truecount="1" falsecount="1"/>
          <line num="100" count="14" type="cond" truecount="1" falsecount="1"/>
          <line num="102" count="14" type="stmt"/>
          <line num="106" count="14" type="stmt"/>
          <line num="107" count="14" type="stmt"/>
          <line num="118" count="1" type="stmt"/>
          <line num="127" count="1" type="stmt"/>
        </file>
      </package>
      <package name="components.Payment.TimeOut">
        <metrics statements="40" coveredstatements="28" conditionals="8" coveredconditionals="6" methods="15" coveredmethods="7"/>
        <file name="Alert.js" path="/Users/sooraj/Desktop/chainios/chainsidepay-merchant/src/components/Payment/TimeOut/Alert.js">
          <metrics statements="22" coveredstatements="14" conditionals="4" coveredconditionals="2" methods="7" coveredmethods="3"/>
          <line num="33" count="1" type="stmt"/>
          <line num="34" count="1" type="stmt"/>
          <line num="35" count="1" type="stmt"/>
          <line num="36" count="1" type="stmt"/>
          <line num="37" count="1" type="stmt"/>
          <line num="38" count="1" type="stmt"/>
          <line num="56" count="1" type="stmt"/>
          <line num="57" count="1" type="stmt"/>
          <line num="63" count="1" type="stmt"/>
          <line num="64" count="0" type="stmt"/>
          <line num="65" count="0" type="stmt"/>
          <line num="70" count="0" type="stmt"/>
          <line num="71" count="0" type="stmt"/>
          <line num="75" count="0" type="stmt"/>
          <line num="76" count="0" type="stmt"/>
          <line num="81" count="0" type="stmt"/>
          <line num="87" count="0" type="stmt"/>
          <line num="92" count="1" type="stmt"/>
          <line num="93" count="1" type="stmt"/>
          <line num="94" count="1" type="cond" truecount="1" falsecount="1"/>
          <line num="95" count="1" type="cond" truecount="1" falsecount="1"/>
          <line num="96" count="1" type="stmt"/>
        </file>
        <file name="AlertCustomStyles.js" path="/Users/sooraj/Desktop/chainios/chainsidepay-merchant/src/components/Payment/TimeOut/AlertCustomStyles.js">
          <metrics statements="2" coveredstatements="2" conditionals="0" coveredconditionals="0" methods="0" coveredmethods="0"/>
          <line num="6" count="1" type="stmt"/>
          <line num="8" count="1" type="stmt"/>
        </file>
        <file name="Styles.js" path="/Users/sooraj/Desktop/chainios/chainsidepay-merchant/src/components/Payment/TimeOut/Styles.js">
          <metrics statements="2" coveredstatements="2" conditionals="0" coveredconditionals="0" methods="0" coveredmethods="0"/>
          <line num="6" count="2" type="stmt"/>
          <line num="8" count="2" type="stmt"/>
        </file>
        <file name="TimeOut.js" path="/Users/sooraj/Desktop/chainios/chainsidepay-merchant/src/components/Payment/TimeOut/TimeOut.js">
          <metrics statements="14" coveredstatements="10" conditionals="4" coveredconditionals="4" methods="8" coveredmethods="4"/>
          <line num="26" count="1" type="stmt"/>
          <line num="27" count="1" type="stmt"/>
          <line num="45" count="1" type="stmt"/>
          <line num="46" count="1" type="stmt"/>
          <line num="50" count="1" type="stmt"/>
          <line num="51" count="1" type="stmt"/>
          <line num="56" count="1" type="stmt"/>
          <line num="62" count="1" type="stmt"/>
          <line num="67" count="2" type="stmt"/>
          <line num="68" count="2" type="stmt"/>
          <line num="73" count="0" type="stmt"/>
          <line num="74" count="0" type="stmt"/>
          <line num="99" count="0" type="stmt"/>
          <line num="109" count="0" type="stmt"/>
        </file>
      </package>
      <package name="config">
        <metrics statements="53" coveredstatements="36" conditionals="4" coveredconditionals="0" methods="19" coveredmethods="9"/>
        <file name="ApiConfig.js" path="/Users/sooraj/Desktop/chainios/chainsidepay-merchant/src/config/ApiConfig.js">
          <metrics statements="17" coveredstatements="17" conditionals="0" coveredconditionals="0" methods="0" coveredmethods="0"/>
          <line num="1" count="5" type="stmt"/>
          <line num="3" count="5" type="stmt"/>
          <line num="4" count="5" type="stmt"/>
          <line num="5" count="5" type="stmt"/>
          <line num="6" count="5" type="stmt"/>
          <line num="7" count="5" type="stmt"/>
          <line num="8" count="5" type="stmt"/>
          <line num="9" count="5" type="stmt"/>
          <line num="10" count="5" type="stmt"/>
          <line num="11" count="5" type="stmt"/>
          <line num="12" count="5" type="stmt"/>
          <line num="13" count="5" type="stmt"/>
          <line num="14" count="5" type="stmt"/>
          <line num="16" count="5" type="stmt"/>
          <line num="17" count="5" type="stmt"/>
          <line num="18" count="5" type="stmt"/>
          <line num="19" count="5" type="stmt"/>
        </file>
        <file name="Common.js" path="/Users/sooraj/Desktop/chainios/chainsidepay-merchant/src/config/Common.js">
          <metrics statements="31" coveredstatements="14" conditionals="4" coveredconditionals="0" methods="19" coveredmethods="9"/>
          <line num="8" count="4" type="stmt"/>
          <line num="9" count="4" type="stmt"/>
          <line num="10" count="4" type="stmt"/>
          <line num="11" count="4" type="stmt"/>
          <line num="13" count="4" type="stmt"/>
          <line num="17" count="0" type="stmt"/>
          <line num="21" count="0" type="stmt"/>
          <line num="25" count="0" type="stmt"/>
          <line num="29" count="0" type="stmt"/>
          <line num="33" count="5" type="stmt"/>
          <line num="37" count="0" type="cond" truecount="0" falsecount="2"/>
          <line num="38" count="0" type="stmt"/>
          <line num="40" count="0" type="stmt"/>
          <line num="45" count="0" type="stmt"/>
          <line num="49" count="28" type="stmt"/>
          <line num="50" count="14" type="stmt"/>
          <line num="52" count="0" type="stmt"/>
          <line num="57" count="0" type="stmt"/>
          <line num="61" count="1" type="stmt"/>
          <line num="62" count="1" type="stmt"/>
          <line num="64" count="0" type="stmt"/>
          <line num="70" count="1" type="stmt"/>
          <line num="71" count="1" type="stmt"/>
          <line num="82" count="1" type="stmt"/>
          <line num="85" count="0" type="cond" truecount="0" falsecount="2"/>
          <line num="86" count="0" type="stmt"/>
          <line num="87" count="0" type="stmt"/>
          <line num="88" count="0" type="stmt"/>
          <line num="89" count="0" type="stmt"/>
          <line num="91" count="0" type="stmt"/>
          <line num="93" count="1" type="stmt"/>
        </file>
        <file name="FirebaseConfig.js" path="/Users/sooraj/Desktop/chainios/chainsidepay-merchant/src/config/FirebaseConfig.js">
          <metrics statements="2" coveredstatements="2" conditionals="0" coveredconditionals="0" methods="0" coveredmethods="0"/>
          <line num="3" count="1" type="stmt"/>
          <line num="7" count="1" type="stmt"/>
        </file>
        <file name="Locale.js" path="/Users/sooraj/Desktop/chainios/chainsidepay-merchant/src/config/Locale.js">
          <metrics statements="3" coveredstatements="3" conditionals="0" coveredconditionals="0" methods="0" coveredmethods="0"/>
          <line num="3" count="10" type="stmt"/>
          <line num="4" count="10" type="stmt"/>
          <line num="6" count="10" type="stmt"/>
        </file>
      </package>
    </metrics>
  </project>
</coverage>
