{"/Users/sooraj/Desktop/chainios/chainsidepay-merchant/src/assets/buttondisabled.png": {"path":"/Users/sooraj/Desktop/chainios/chainsidepay-merchant/src/assets/buttondisabled.png","statementMap":{"0":{"start":{"line":1,"column":0},"end":{"line":3,"column":6}}},"fnMap":{},"branchMap":{},"s":{"0":7},"f":{},"b":{},"_coverageSchema":"332fd63041d2c1bcb487cc26dd0d5f7d97098a6c","hash":"e7f3ab990814630af7358346f52a3819580a4872"}
,"/Users/sooraj/Desktop/chainios/chainsidepay-merchant/src/assets/header.png": {"path":"/Users/sooraj/Desktop/chainios/chainsidepay-merchant/src/assets/header.png","statementMap":{"0":{"start":{"line":1,"column":0},"end":{"line":3,"column":6}}},"fnMap":{},"branchMap":{},"s":{"0":8},"f":{},"b":{},"_coverageSchema":"332fd63041d2c1bcb487cc26dd0d5f7d97098a6c","hash":"6782d8c596b0337f57a74d41531492c768fda04f"}
,"/Users/sooraj/Desktop/chainios/chainsidepay-merchant/src/assets/loading.png": {"path":"/Users/sooraj/Desktop/chainios/chainsidepay-merchant/src/assets/loading.png","statementMap":{"0":{"start":{"line":1,"column":0},"end":{"line":3,"column":6}}},"fnMap":{},"branchMap":{},"s":{"0":1},"f":{},"b":{},"_coverageSchema":"332fd63041d2c1bcb487cc26dd0d5f7d97098a6c","hash":"f207e723e7c3cf77989d6174c0d9e7b2f3426c71"}
,"/Users/sooraj/Desktop/chainios/chainsidepay-merchant/src/assets/nfc-logo.png": {"path":"/Users/sooraj/Desktop/chainios/chainsidepay-merchant/src/assets/nfc-logo.png","statementMap":{"0":{"start":{"line":1,"column":0},"end":{"line":3,"column":6}}},"fnMap":{},"branchMap":{},"s":{"0":1},"f":{},"b":{},"_coverageSchema":"332fd63041d2c1bcb487cc26dd0d5f7d97098a6c","hash":"c2e1d53a3fa3e9f8ddc7a2aa535c75a86d5a93d7"}
,"/Users/sooraj/Desktop/chainios/chainsidepay-merchant/src/assets/pos-setup.png": {"path":"/Users/sooraj/Desktop/chainios/chainsidepay-merchant/src/assets/pos-setup.png","statementMap":{"0":{"start":{"line":1,"column":0},"end":{"line":3,"column":6}}},"fnMap":{},"branchMap":{},"s":{"0":1},"f":{},"b":{},"_coverageSchema":"332fd63041d2c1bcb487cc26dd0d5f7d97098a6c","hash":"92c3d12cba7e0ddf1f633b2a954286ffd35935b7"}
,"/Users/sooraj/Desktop/chainios/chainsidepay-merchant/src/assets/timeout.png": {"path":"/Users/sooraj/Desktop/chainios/chainsidepay-merchant/src/assets/timeout.png","statementMap":{"0":{"start":{"line":1,"column":0},"end":{"line":3,"column":6}}},"fnMap":{},"branchMap":{},"s":{"0":1},"f":{},"b":{},"_coverageSchema":"332fd63041d2c1bcb487cc26dd0d5f7d97098a6c","hash":"0718982d6861d73500eaeab6922b251b9b9771c1"}
,"/Users/sooraj/Desktop/chainios/chainsidepay-merchant/src/components/Button/Button.js": {"path":"/Users/sooraj/Desktop/chainios/chainsidepay-merchant/src/components/Button/Button.js","statementMap":{"0":{"start":{"line":10,"column":20},"end":{"line":10,"column":54}},"1":{"start":{"line":11,"column":23},"end":{"line":11,"column":65}},"2":{"start":{"line":18,"column":4},"end":{"line":25,"column":6}}},"fnMap":{"0":{"name":"(anonymous_0)","decl":{"start":{"line":17,"column":2},"end":{"line":17,"column":3}},"loc":{"start":{"line":17,"column":11},"end":{"line":26,"column":3}},"line":17}},"branchMap":{"0":{"loc":{"start":{"line":21,"column":16},"end":{"line":21,"column":77}},"type":"cond-expr","locations":[{"start":{"line":21,"column":49},"end":{"line":21,"column":63}},{"start":{"line":21,"column":66},"end":{"line":21,"column":77}}],"line":21}},"s":{"0":7,"1":7,"2":38},"f":{"0":38},"b":{"0":[0,38]},"_coverageSchema":"332fd63041d2c1bcb487cc26dd0d5f7d97098a6c","hash":"d443703c3d97af5f9f2f946b9b2c2dc5c9a88517"}
,"/Users/sooraj/Desktop/chainios/chainsidepay-merchant/src/components/FeedBack/FeedBack.js": {"path":"/Users/sooraj/Desktop/chainios/chainsidepay-merchant/src/components/FeedBack/FeedBack.js","statementMap":{"0":{"start":{"line":26,"column":24},"end":{"line":26,"column":53}},"1":{"start":{"line":45,"column":4},"end":{"line":45,"column":17}},"2":{"start":{"line":46,"column":4},"end":{"line":49,"column":6}},"3":{"start":{"line":53,"column":23},"end":{"line":53,"column":44}},"4":{"start":{"line":54,"column":4},"end":{"line":54,"column":13}},"5":{"start":{"line":58,"column":4},"end":{"line":58,"column":40}},"6":{"start":{"line":59,"column":24},"end":{"line":64,"column":6}},"7":{"start":{"line":65,"column":4},"end":{"line":65,"column":48}},"8":{"start":{"line":69,"column":21},"end":{"line":69,"column":36}},"9":{"start":{"line":70,"column":23},"end":{"line":70,"column":40}},"10":{"start":{"line":71,"column":4},"end":{"line":116,"column":10}},"11":{"start":{"line":82,"column":6},"end":{"line":82,"column":22}},"12":{"start":{"line":85,"column":4},"end":{"line":106,"column":5}},"13":{"start":{"line":86,"column":6},"end":{"line":86,"column":70}},"14":{"start":{"line":86,"column":41},"end":{"line":86,"column":68}},"15":{"start":{"line":88,"column":29},"end":{"line":88,"column":48}},"16":{"start":{"line":89,"column":6},"end":{"line":105,"column":7}},"17":{"start":{"line":90,"column":25},"end":{"line":90,"column":39}},"18":{"start":{"line":91,"column":26},"end":{"line":91,"column":35}},"19":{"start":{"line":92,"column":22},"end":{"line":92,"column":52}},"20":{"start":{"line":93,"column":25},"end":{"line":93,"column":54}},"21":{"start":{"line":94,"column":28},"end":{"line":94,"column":52}},"22":{"start":{"line":95,"column":29},"end":{"line":95,"column":150}},"23":{"start":{"line":96,"column":8},"end":{"line":96,"column":71}},"24":{"start":{"line":97,"column":13},"end":{"line":105,"column":7}},"25":{"start":{"line":98,"column":25},"end":{"line":98,"column":40}},"26":{"start":{"line":99,"column":26},"end":{"line":99,"column":35}},"27":{"start":{"line":100,"column":22},"end":{"line":100,"column":50}},"28":{"start":{"line":101,"column":25},"end":{"line":101,"column":52}},"29":{"start":{"line":102,"column":28},"end":{"line":102,"column":52}},"30":{"start":{"line":103,"column":29},"end":{"line":103,"column":148}},"31":{"start":{"line":104,"column":8},"end":{"line":104,"column":71}},"32":{"start":{"line":108,"column":21},"end":{"line":108,"column":36}},"33":{"start":{"line":109,"column":22},"end":{"line":109,"column":31}},"34":{"start":{"line":110,"column":18},"end":{"line":110,"column":46}},"35":{"start":{"line":111,"column":21},"end":{"line":111,"column":48}},"36":{"start":{"line":112,"column":24},"end":{"line":112,"column":48}},"37":{"start":{"line":113,"column":25},"end":{"line":113,"column":144}},"38":{"start":{"line":114,"column":4},"end":{"line":114,"column":67}},"39":{"start":{"line":121,"column":20},"end":{"line":121,"column":35}},"40":{"start":{"line":122,"column":23},"end":{"line":122,"column":40}},"41":{"start":{"line":123,"column":4},"end":{"line":168,"column":10}},"42":{"start":{"line":134,"column":6},"end":{"line":134,"column":22}},"43":{"start":{"line":137,"column":4},"end":{"line":158,"column":5}},"44":{"start":{"line":138,"column":6},"end":{"line":138,"column":71}},"45":{"start":{"line":138,"column":41},"end":{"line":138,"column":69}},"46":{"start":{"line":140,"column":29},"end":{"line":140,"column":48}},"47":{"start":{"line":141,"column":6},"end":{"line":157,"column":7}},"48":{"start":{"line":142,"column":25},"end":{"line":142,"column":39}},"49":{"start":{"line":143,"column":26},"end":{"line":143,"column":35}},"50":{"start":{"line":144,"column":22},"end":{"line":144,"column":56}},"51":{"start":{"line":145,"column":25},"end":{"line":145,"column":58}},"52":{"start":{"line":146,"column":28},"end":{"line":146,"column":57}},"53":{"start":{"line":147,"column":29},"end":{"line":147,"column":150}},"54":{"start":{"line":148,"column":8},"end":{"line":148,"column":71}},"55":{"start":{"line":149,"column":13},"end":{"line":157,"column":7}},"56":{"start":{"line":150,"column":25},"end":{"line":150,"column":40}},"57":{"start":{"line":151,"column":26},"end":{"line":151,"column":35}},"58":{"start":{"line":152,"column":22},"end":{"line":152,"column":55}},"59":{"start":{"line":153,"column":25},"end":{"line":153,"column":57}},"60":{"start":{"line":154,"column":28},"end":{"line":154,"column":57}},"61":{"start":{"line":155,"column":29},"end":{"line":155,"column":148}},"62":{"start":{"line":156,"column":8},"end":{"line":156,"column":71}},"63":{"start":{"line":160,"column":21},"end":{"line":160,"column":36}},"64":{"start":{"line":161,"column":22},"end":{"line":161,"column":31}},"65":{"start":{"line":162,"column":18},"end":{"line":162,"column":51}},"66":{"start":{"line":163,"column":21},"end":{"line":163,"column":53}},"67":{"start":{"line":164,"column":24},"end":{"line":164,"column":53}},"68":{"start":{"line":165,"column":25},"end":{"line":165,"column":144}},"69":{"start":{"line":166,"column":4},"end":{"line":166,"column":67}},"70":{"start":{"line":172,"column":4},"end":{"line":172,"column":34}},"71":{"start":{"line":177,"column":21},"end":{"line":177,"column":36}},"72":{"start":{"line":178,"column":22},"end":{"line":178,"column":31}},"73":{"start":{"line":179,"column":18},"end":{"line":179,"column":51}},"74":{"start":{"line":180,"column":21},"end":{"line":180,"column":53}},"75":{"start":{"line":181,"column":24},"end":{"line":181,"column":53}},"76":{"start":{"line":182,"column":25},"end":{"line":182,"column":144}},"77":{"start":{"line":183,"column":4},"end":{"line":183,"column":67}},"78":{"start":{"line":188,"column":22},"end":{"line":188,"column":43}},"79":{"start":{"line":189,"column":4},"end":{"line":253,"column":6}},"80":{"start":{"line":193,"column":31},"end":{"line":193,"column":44}},"81":{"start":{"line":208,"column":38},"end":{"line":208,"column":61}},"82":{"start":{"line":216,"column":72},"end":{"line":216,"column":129}},"83":{"start":{"line":216,"column":103},"end":{"line":216,"column":128}},"84":{"start":{"line":216,"column":138},"end":{"line":216,"column":194}},"85":{"start":{"line":216,"column":169},"end":{"line":216,"column":193}},"86":{"start":{"line":246,"column":37},"end":{"line":246,"column":57}}},"fnMap":{"0":{"name":"(anonymous_0)","decl":{"start":{"line":44,"column":2},"end":{"line":44,"column":3}},"loc":{"start":{"line":44,"column":21},"end":{"line":50,"column":3}},"line":44},"1":{"name":"(anonymous_1)","decl":{"start":{"line":52,"column":2},"end":{"line":52,"column":3}},"loc":{"start":{"line":52,"column":11},"end":{"line":55,"column":3}},"line":52},"2":{"name":"(anonymous_2)","decl":{"start":{"line":57,"column":2},"end":{"line":57,"column":3}},"loc":{"start":{"line":57,"column":18},"end":{"line":66,"column":3}},"line":57},"3":{"name":"(anonymous_3)","decl":{"start":{"line":68,"column":2},"end":{"line":68,"column":3}},"loc":{"start":{"line":68,"column":22},"end":{"line":117,"column":3}},"line":68},"4":{"name":"(anonymous_4)","decl":{"start":{"line":81,"column":12},"end":{"line":81,"column":13}},"loc":{"start":{"line":81,"column":31},"end":{"line":83,"column":5}},"line":81},"5":{"name":"(anonymous_5)","decl":{"start":{"line":84,"column":8},"end":{"line":84,"column":9}},"loc":{"start":{"line":84,"column":26},"end":{"line":107,"column":3}},"line":84},"6":{"name":"(anonymous_6)","decl":{"start":{"line":86,"column":29},"end":{"line":86,"column":30}},"loc":{"start":{"line":86,"column":41},"end":{"line":86,"column":68}},"line":86},"7":{"name":"(anonymous_7)","decl":{"start":{"line":107,"column":11},"end":{"line":107,"column":12}},"loc":{"start":{"line":107,"column":18},"end":{"line":115,"column":3}},"line":107},"8":{"name":"(anonymous_8)","decl":{"start":{"line":120,"column":2},"end":{"line":120,"column":3}},"loc":{"start":{"line":120,"column":23},"end":{"line":169,"column":3}},"line":120},"9":{"name":"(anonymous_9)","decl":{"start":{"line":133,"column":12},"end":{"line":133,"column":13}},"loc":{"start":{"line":133,"column":31},"end":{"line":135,"column":5}},"line":133},"10":{"name":"(anonymous_10)","decl":{"start":{"line":136,"column":8},"end":{"line":136,"column":9}},"loc":{"start":{"line":136,"column":26},"end":{"line":159,"column":3}},"line":136},"11":{"name":"(anonymous_11)","decl":{"start":{"line":138,"column":29},"end":{"line":138,"column":30}},"loc":{"start":{"line":138,"column":41},"end":{"line":138,"column":69}},"line":138},"12":{"name":"(anonymous_12)","decl":{"start":{"line":159,"column":11},"end":{"line":159,"column":12}},"loc":{"start":{"line":159,"column":18},"end":{"line":167,"column":3}},"line":159},"13":{"name":"(anonymous_13)","decl":{"start":{"line":171,"column":2},"end":{"line":171,"column":3}},"loc":{"start":{"line":171,"column":29},"end":{"line":173,"column":3}},"line":171},"14":{"name":"(anonymous_14)","decl":{"start":{"line":176,"column":2},"end":{"line":176,"column":3}},"loc":{"start":{"line":176,"column":13},"end":{"line":184,"column":3}},"line":176},"15":{"name":"(anonymous_15)","decl":{"start":{"line":187,"column":2},"end":{"line":187,"column":3}},"loc":{"start":{"line":187,"column":11},"end":{"line":254,"column":3}},"line":187},"16":{"name":"(anonymous_16)","decl":{"start":{"line":193,"column":25},"end":{"line":193,"column":26}},"loc":{"start":{"line":193,"column":31},"end":{"line":193,"column":44}},"line":193},"17":{"name":"(anonymous_17)","decl":{"start":{"line":208,"column":30},"end":{"line":208,"column":31}},"loc":{"start":{"line":208,"column":38},"end":{"line":208,"column":61}},"line":208},"18":{"name":"(anonymous_18)","decl":{"start":{"line":216,"column":66},"end":{"line":216,"column":67}},"loc":{"start":{"line":216,"column":72},"end":{"line":216,"column":129}},"line":216},"19":{"name":"(anonymous_19)","decl":{"start":{"line":216,"column":94},"end":{"line":216,"column":95}},"loc":{"start":{"line":216,"column":103},"end":{"line":216,"column":128}},"line":216},"20":{"name":"(anonymous_20)","decl":{"start":{"line":216,"column":132},"end":{"line":216,"column":133}},"loc":{"start":{"line":216,"column":138},"end":{"line":216,"column":194}},"line":216},"21":{"name":"(anonymous_21)","decl":{"start":{"line":216,"column":160},"end":{"line":216,"column":161}},"loc":{"start":{"line":216,"column":169},"end":{"line":216,"column":193}},"line":216},"22":{"name":"(anonymous_22)","decl":{"start":{"line":246,"column":31},"end":{"line":246,"column":32}},"loc":{"start":{"line":246,"column":37},"end":{"line":246,"column":57}},"line":246}},"branchMap":{"0":{"loc":{"start":{"line":85,"column":4},"end":{"line":106,"column":5}},"type":"if","locations":[{"start":{"line":85,"column":4},"end":{"line":106,"column":5}},{"start":{"line":85,"column":4},"end":{"line":106,"column":5}}],"line":85},"1":{"loc":{"start":{"line":89,"column":6},"end":{"line":105,"column":7}},"type":"if","locations":[{"start":{"line":89,"column":6},"end":{"line":105,"column":7}},{"start":{"line":89,"column":6},"end":{"line":105,"column":7}}],"line":89},"2":{"loc":{"start":{"line":89,"column":10},"end":{"line":89,"column":94}},"type":"binary-expr","locations":[{"start":{"line":89,"column":11},"end":{"line":89,"column":49}},{"start":{"line":89,"column":55},"end":{"line":89,"column":93}}],"line":89},"3":{"loc":{"start":{"line":97,"column":13},"end":{"line":105,"column":7}},"type":"if","locations":[{"start":{"line":97,"column":13},"end":{"line":105,"column":7}},{"start":{"line":97,"column":13},"end":{"line":105,"column":7}}],"line":97},"4":{"loc":{"start":{"line":97,"column":17},"end":{"line":97,"column":99}},"type":"binary-expr","locations":[{"start":{"line":97,"column":18},"end":{"line":97,"column":55}},{"start":{"line":97,"column":61},"end":{"line":97,"column":98}}],"line":97},"5":{"loc":{"start":{"line":137,"column":4},"end":{"line":158,"column":5}},"type":"if","locations":[{"start":{"line":137,"column":4},"end":{"line":158,"column":5}},{"start":{"line":137,"column":4},"end":{"line":158,"column":5}}],"line":137},"6":{"loc":{"start":{"line":141,"column":6},"end":{"line":157,"column":7}},"type":"if","locations":[{"start":{"line":141,"column":6},"end":{"line":157,"column":7}},{"start":{"line":141,"column":6},"end":{"line":157,"column":7}}],"line":141},"7":{"loc":{"start":{"line":141,"column":10},"end":{"line":141,"column":94}},"type":"binary-expr","locations":[{"start":{"line":141,"column":11},"end":{"line":141,"column":49}},{"start":{"line":141,"column":55},"end":{"line":141,"column":93}}],"line":141},"8":{"loc":{"start":{"line":149,"column":13},"end":{"line":157,"column":7}},"type":"if","locations":[{"start":{"line":149,"column":13},"end":{"line":157,"column":7}},{"start":{"line":149,"column":13},"end":{"line":157,"column":7}}],"line":149},"9":{"loc":{"start":{"line":149,"column":17},"end":{"line":149,"column":99}},"type":"binary-expr","locations":[{"start":{"line":149,"column":18},"end":{"line":149,"column":55}},{"start":{"line":149,"column":61},"end":{"line":149,"column":98}}],"line":149},"10":{"loc":{"start":{"line":196,"column":17},"end":{"line":196,"column":127}},"type":"cond-expr","locations":[{"start":{"line":196,"column":79},"end":{"line":196,"column":102}},{"start":{"line":196,"column":105},"end":{"line":196,"column":127}}],"line":196},"11":{"loc":{"start":{"line":196,"column":17},"end":{"line":196,"column":76}},"type":"binary-expr","locations":[{"start":{"line":196,"column":17},"end":{"line":196,"column":34}},{"start":{"line":196,"column":38},"end":{"line":196,"column":76}}],"line":196},"12":{"loc":{"start":{"line":203,"column":18},"end":{"line":203,"column":117}},"type":"cond-expr","locations":[{"start":{"line":203,"column":59},"end":{"line":203,"column":87}},{"start":{"line":203,"column":90},"end":{"line":203,"column":117}}],"line":203},"13":{"loc":{"start":{"line":209,"column":29},"end":{"line":209,"column":90}},"type":"cond-expr","locations":[{"start":{"line":209,"column":70},"end":{"line":209,"column":85}},{"start":{"line":209,"column":88},"end":{"line":209,"column":90}}],"line":209},"14":{"loc":{"start":{"line":216,"column":25},"end":{"line":216,"column":194}},"type":"cond-expr","locations":[{"start":{"line":216,"column":66},"end":{"line":216,"column":129}},{"start":{"line":216,"column":132},"end":{"line":216,"column":194}}],"line":216},"15":{"loc":{"start":{"line":217,"column":23},"end":{"line":217,"column":89}},"type":"cond-expr","locations":[{"start":{"line":217,"column":52},"end":{"line":217,"column":65}},{"start":{"line":217,"column":68},"end":{"line":217,"column":89}}],"line":217},"16":{"loc":{"start":{"line":218,"column":26},"end":{"line":218,"column":66}},"type":"cond-expr","locations":[{"start":{"line":218,"column":55},"end":{"line":218,"column":60}},{"start":{"line":218,"column":62},"end":{"line":218,"column":66}}],"line":218},"17":{"loc":{"start":{"line":226,"column":18},"end":{"line":231,"column":20}},"type":"cond-expr","locations":[{"start":{"line":228,"column":18},"end":{"line":228,"column":51}},{"start":{"line":231,"column":18},"end":{"line":231,"column":20}}],"line":226},"18":{"loc":{"start":{"line":238,"column":12},"end":{"line":250,"column":22}},"type":"cond-expr","locations":[{"start":{"line":240,"column":14},"end":{"line":248,"column":16}},{"start":{"line":250,"column":14},"end":{"line":250,"column":22}}],"line":238}},"s":{"0":1,"1":13,"2":13,"3":1,"4":1,"5":1,"6":1,"7":1,"8":5,"9":5,"10":5,"11":5,"12":5,"13":1,"14":0,"15":3,"16":3,"17":1,"18":1,"19":1,"20":1,"21":1,"22":1,"23":1,"24":2,"25":2,"26":2,"27":2,"28":2,"29":2,"30":2,"31":2,"32":1,"33":1,"34":1,"35":1,"36":1,"37":1,"38":1,"39":3,"40":3,"41":3,"42":3,"43":3,"44":0,"45":0,"46":2,"47":2,"48":1,"49":1,"50":1,"51":1,"52":1,"53":1,"54":1,"55":1,"56":1,"57":1,"58":1,"59":1,"60":1,"61":1,"62":1,"63":1,"64":1,"65":1,"66":1,"67":1,"68":1,"69":1,"70":1,"71":3,"72":3,"73":3,"74":3,"75":3,"76":3,"77":3,"78":25,"79":25,"80":0,"81":0,"82":0,"83":0,"84":0,"85":0,"86":0},"f":{"0":13,"1":1,"2":1,"3":5,"4":5,"5":5,"6":0,"7":1,"8":3,"9":3,"10":3,"11":0,"12":1,"13":1,"14":3,"15":25,"16":0,"17":0,"18":0,"19":0,"20":0,"21":0,"22":0},"b":{"0":[1,3],"1":[1,2],"2":[3,3],"3":[2,0],"4":[2,2],"5":[0,2],"6":[1,1],"7":[2,2],"8":[1,0],"9":[1,1],"10":[25,0],"11":[25,25],"12":[25,0],"13":[25,0],"14":[25,0],"15":[1,24],"16":[1,24],"17":[25,0],"18":[10,15]},"_coverageSchema":"332fd63041d2c1bcb487cc26dd0d5f7d97098a6c","hash":"e4710e2a1749b0956060b209dba68a54312f8cf4"}
,"/Users/sooraj/Desktop/chainios/chainsidepay-merchant/src/components/FeedBack/Styles.js": {"path":"/Users/sooraj/Desktop/chainios/chainsidepay-merchant/src/components/FeedBack/Styles.js","statementMap":{"0":{"start":{"line":6,"column":18},"end":{"line":6,"column":42}},"1":{"start":{"line":8,"column":15},"end":{"line":71,"column":2}}},"fnMap":{},"branchMap":{},"s":{"0":1,"1":1},"f":{},"b":{},"_coverageSchema":"332fd63041d2c1bcb487cc26dd0d5f7d97098a6c","hash":"dd4f6347b7c0a1ac8d6e932aa7f70f359ee60007"}
,"/Users/sooraj/Desktop/chainios/chainsidepay-merchant/src/components/Header/Header.js": {"path":"/Users/sooraj/Desktop/chainios/chainsidepay-merchant/src/components/Header/Header.js","statementMap":{"0":{"start":{"line":18,"column":20},"end":{"line":18,"column":54}},"1":{"start":{"line":37,"column":4},"end":{"line":80,"column":6}},"2":{"start":{"line":41,"column":25},"end":{"line":41,"column":51}},"3":{"start":{"line":59,"column":27},"end":{"line":59,"column":56}},"4":{"start":{"line":69,"column":27},"end":{"line":69,"column":57}}},"fnMap":{"0":{"name":"(anonymous_0)","decl":{"start":{"line":36,"column":2},"end":{"line":36,"column":3}},"loc":{"start":{"line":36,"column":11},"end":{"line":81,"column":3}},"line":36},"1":{"name":"(anonymous_1)","decl":{"start":{"line":41,"column":19},"end":{"line":41,"column":20}},"loc":{"start":{"line":41,"column":25},"end":{"line":41,"column":51}},"line":41},"2":{"name":"(anonymous_2)","decl":{"start":{"line":59,"column":21},"end":{"line":59,"column":22}},"loc":{"start":{"line":59,"column":27},"end":{"line":59,"column":56}},"line":59},"3":{"name":"(anonymous_3)","decl":{"start":{"line":69,"column":21},"end":{"line":69,"column":22}},"loc":{"start":{"line":69,"column":27},"end":{"line":69,"column":57}},"line":69}},"branchMap":{"0":{"loc":{"start":{"line":38,"column":69},"end":{"line":38,"column":157}},"type":"cond-expr","locations":[{"start":{"line":38,"column":103},"end":{"line":38,"column":132}},{"start":{"line":38,"column":135},"end":{"line":38,"column":157}}],"line":38},"1":{"loc":{"start":{"line":49,"column":20},"end":{"line":49,"column":73}},"type":"cond-expr","locations":[{"start":{"line":49,"column":44},"end":{"line":49,"column":69}},{"start":{"line":49,"column":72},"end":{"line":49,"column":73}}],"line":49},"2":{"loc":{"start":{"line":64,"column":20},"end":{"line":64,"column":49}},"type":"cond-expr","locations":[{"start":{"line":64,"column":43},"end":{"line":64,"column":45}},{"start":{"line":64,"column":48},"end":{"line":64,"column":49}}],"line":64},"3":{"loc":{"start":{"line":74,"column":20},"end":{"line":74,"column":50}},"type":"cond-expr","locations":[{"start":{"line":74,"column":44},"end":{"line":74,"column":46}},{"start":{"line":74,"column":49},"end":{"line":74,"column":50}}],"line":74}},"s":{"0":5,"1":23,"2":0,"3":0,"4":0},"f":{"0":23,"1":0,"2":0,"3":0},"b":{"0":[2,21],"1":[1,22],"2":[21,2],"3":[21,2]},"_coverageSchema":"332fd63041d2c1bcb487cc26dd0d5f7d97098a6c","hash":"96eabd219625dc3582dc373281f5552e7c654f5b"}
,"/Users/sooraj/Desktop/chainios/chainsidepay-merchant/src/components/Header/HeaderStyles.js": {"path":"/Users/sooraj/Desktop/chainios/chainsidepay-merchant/src/components/Header/HeaderStyles.js","statementMap":{"0":{"start":{"line":6,"column":19},"end":{"line":6,"column":43}},"1":{"start":{"line":8,"column":15},"end":{"line":51,"column":2}}},"fnMap":{},"branchMap":{},"s":{"0":6,"1":6},"f":{},"b":{},"_coverageSchema":"332fd63041d2c1bcb487cc26dd0d5f7d97098a6c","hash":"80786e3903f455c087d9f380ee8db0fb92f3dd4c"}
,"/Users/sooraj/Desktop/chainios/chainsidepay-merchant/src/components/Header/HeaderWithTitle.js": {"path":"/Users/sooraj/Desktop/chainios/chainsidepay-merchant/src/components/Header/HeaderWithTitle.js","statementMap":{"0":{"start":{"line":18,"column":20},"end":{"line":18,"column":54}},"1":{"start":{"line":33,"column":4},"end":{"line":53,"column":6}},"2":{"start":{"line":37,"column":25},"end":{"line":37,"column":51}}},"fnMap":{"0":{"name":"(anonymous_0)","decl":{"start":{"line":32,"column":2},"end":{"line":32,"column":3}},"loc":{"start":{"line":32,"column":11},"end":{"line":54,"column":3}},"line":32},"1":{"name":"(anonymous_1)","decl":{"start":{"line":37,"column":19},"end":{"line":37,"column":20}},"loc":{"start":{"line":37,"column":25},"end":{"line":37,"column":51}},"line":37}},"branchMap":{"0":{"loc":{"start":{"line":34,"column":51},"end":{"line":34,"column":139}},"type":"cond-expr","locations":[{"start":{"line":34,"column":85},"end":{"line":34,"column":114}},{"start":{"line":34,"column":117},"end":{"line":34,"column":139}}],"line":34},"1":{"loc":{"start":{"line":44,"column":20},"end":{"line":44,"column":73}},"type":"cond-expr","locations":[{"start":{"line":44,"column":44},"end":{"line":44,"column":69}},{"start":{"line":44,"column":72},"end":{"line":44,"column":73}}],"line":44}},"s":{"0":1,"1":25,"2":0},"f":{"0":25,"1":0},"b":{"0":[0,25],"1":[25,0]},"_coverageSchema":"332fd63041d2c1bcb487cc26dd0d5f7d97098a6c","hash":"3fecd0171a86090ccdef2bd49011da3eb471f2d2"}
,"/Users/sooraj/Desktop/chainios/chainsidepay-merchant/src/components/Home/Accounting.js": {"path":"/Users/sooraj/Desktop/chainios/chainsidepay-merchant/src/components/Home/Accounting.js","statementMap":{"0":{"start":{"line":12,"column":0},"end":{"line":413,"column":9}},"1":{"start":{"line":17,"column":11},"end":{"line":17,"column":13}},"2":{"start":{"line":20,"column":1},"end":{"line":20,"column":23}},"3":{"start":{"line":27,"column":1},"end":{"line":42,"column":3}},"4":{"start":{"line":48,"column":17},"end":{"line":48,"column":36}},"5":{"start":{"line":49,"column":18},"end":{"line":49,"column":31}},"6":{"start":{"line":50,"column":13},"end":{"line":50,"column":38}},"7":{"start":{"line":57,"column":2},"end":{"line":57,"column":65}},"8":{"start":{"line":65,"column":2},"end":{"line":65,"column":86}},"9":{"start":{"line":72,"column":2},"end":{"line":72,"column":57}},"10":{"start":{"line":82,"column":2},"end":{"line":82,"column":24}},"11":{"start":{"line":83,"column":2},"end":{"line":83,"column":20}},"12":{"start":{"line":85,"column":2},"end":{"line":90,"column":3}},"13":{"start":{"line":86,"column":3},"end":{"line":89,"column":4}},"14":{"start":{"line":88,"column":4},"end":{"line":88,"column":53}},"15":{"start":{"line":88,"column":29},"end":{"line":88,"column":53}},"16":{"start":{"line":91,"column":2},"end":{"line":91,"column":16}},"17":{"start":{"line":101,"column":16},"end":{"line":101,"column":18}},"18":{"start":{"line":103,"column":2},"end":{"line":103,"column":27}},"19":{"start":{"line":103,"column":12},"end":{"line":103,"column":27}},"20":{"start":{"line":106,"column":2},"end":{"line":106,"column":76}},"21":{"start":{"line":106,"column":42},"end":{"line":106,"column":76}},"22":{"start":{"line":109,"column":2},"end":{"line":111,"column":3}},"23":{"start":{"line":110,"column":3},"end":{"line":110,"column":55}},"24":{"start":{"line":112,"column":2},"end":{"line":112,"column":17}},"25":{"start":{"line":119,"column":2},"end":{"line":119,"column":34}},"26":{"start":{"line":120,"column":2},"end":{"line":120,"column":32}},"27":{"start":{"line":134,"column":17},"end":{"line":134,"column":45}},"28":{"start":{"line":137,"column":2},"end":{"line":137,"column":56}},"29":{"start":{"line":137,"column":38},"end":{"line":137,"column":56}},"30":{"start":{"line":140,"column":2},"end":{"line":159,"column":3}},"31":{"start":{"line":143,"column":3},"end":{"line":147,"column":5}},"32":{"start":{"line":150,"column":9},"end":{"line":159,"column":3}},"33":{"start":{"line":153,"column":3},"end":{"line":157,"column":5}},"34":{"start":{"line":161,"column":2},"end":{"line":161,"column":16}},"35":{"start":{"line":179,"column":16},"end":{"line":207,"column":2}},"36":{"start":{"line":181,"column":2},"end":{"line":185,"column":3}},"37":{"start":{"line":182,"column":3},"end":{"line":184,"column":6}},"38":{"start":{"line":183,"column":4},"end":{"line":183,"column":34}},"39":{"start":{"line":188,"column":2},"end":{"line":188,"column":21}},"40":{"start":{"line":191,"column":2},"end":{"line":191,"column":46}},"41":{"start":{"line":191,"column":33},"end":{"line":191,"column":46}},"42":{"start":{"line":194,"column":2},"end":{"line":194,"column":51}},"43":{"start":{"line":197,"column":14},"end":{"line":197,"column":57}},"44":{"start":{"line":198,"column":17},"end":{"line":203,"column":4}},"45":{"start":{"line":206,"column":2},"end":{"line":206,"column":47}},"46":{"start":{"line":216,"column":15},"end":{"line":222,"column":2}},"47":{"start":{"line":217,"column":2},"end":{"line":217,"column":71}},"48":{"start":{"line":218,"column":14},"end":{"line":218,"column":37}},"49":{"start":{"line":221,"column":2},"end":{"line":221,"column":78}},"50":{"start":{"line":232,"column":20},"end":{"line":263,"column":2}},"51":{"start":{"line":234,"column":2},"end":{"line":238,"column":3}},"52":{"start":{"line":235,"column":3},"end":{"line":237,"column":6}},"53":{"start":{"line":236,"column":4},"end":{"line":236,"column":59}},"54":{"start":{"line":241,"column":2},"end":{"line":241,"column":28}},"55":{"start":{"line":244,"column":13},"end":{"line":251,"column":4}},"56":{"start":{"line":254,"column":18},"end":{"line":254,"column":48}},"57":{"start":{"line":257,"column":14},"end":{"line":257,"column":35}},"58":{"start":{"line":258,"column":10},"end":{"line":258,"column":73}},"59":{"start":{"line":259,"column":9},"end":{"line":259,"column":46}},"60":{"start":{"line":262,"column":2},"end":{"line":262,"column":229}},"61":{"start":{"line":277,"column":19},"end":{"line":308,"column":2}},"62":{"start":{"line":279,"column":2},"end":{"line":283,"column":3}},"63":{"start":{"line":280,"column":3},"end":{"line":282,"column":6}},"64":{"start":{"line":281,"column":4},"end":{"line":281,"column":74}},"65":{"start":{"line":286,"column":2},"end":{"line":286,"column":28}},"66":{"start":{"line":289,"column":13},"end":{"line":298,"column":4}},"67":{"start":{"line":301,"column":13},"end":{"line":301,"column":45}},"68":{"start":{"line":304,"column":15},"end":{"line":304,"column":81}},"69":{"start":{"line":307,"column":2},"end":{"line":307,"column":153}},"70":{"start":{"line":323,"column":1},"end":{"line":376,"column":3}},"71":{"start":{"line":324,"column":2},"end":{"line":324,"column":23}},"72":{"start":{"line":324,"column":13},"end":{"line":324,"column":23}},"73":{"start":{"line":327,"column":13},"end":{"line":336,"column":4}},"74":{"start":{"line":339,"column":13},"end":{"line":339,"column":45}},"75":{"start":{"line":342,"column":20},"end":{"line":342,"column":88}},"76":{"start":{"line":345,"column":15},"end":{"line":345,"column":16}},"77":{"start":{"line":348,"column":15},"end":{"line":365,"column":5}},"78":{"start":{"line":349,"column":4},"end":{"line":364,"column":5}},"79":{"start":{"line":351,"column":5},"end":{"line":351,"column":40}},"80":{"start":{"line":354,"column":5},"end":{"line":354,"column":25}},"81":{"start":{"line":357,"column":21},"end":{"line":357,"column":81}},"82":{"start":{"line":360,"column":13},"end":{"line":360,"column":153}},"83":{"start":{"line":362,"column":5},"end":{"line":362,"column":58}},"84":{"start":{"line":362,"column":34},"end":{"line":362,"column":58}},"85":{"start":{"line":363,"column":5},"end":{"line":363,"column":17}},"86":{"start":{"line":368,"column":2},"end":{"line":375,"column":5}},"87":{"start":{"line":370,"column":3},"end":{"line":373,"column":4}},"88":{"start":{"line":372,"column":4},"end":{"line":372,"column":174}},"89":{"start":{"line":374,"column":3},"end":{"line":374,"column":14}},"90":{"start":{"line":383,"column":1},"end":{"line":410,"column":2}},"91":{"start":{"line":384,"column":2},"end":{"line":386,"column":3}},"92":{"start":{"line":385,"column":3},"end":{"line":385,"column":34}},"93":{"start":{"line":387,"column":2},"end":{"line":387,"column":27}},"94":{"start":{"line":388,"column":8},"end":{"line":410,"column":2}},"95":{"start":{"line":390,"column":2},"end":{"line":392,"column":5}},"96":{"start":{"line":391,"column":3},"end":{"line":391,"column":14}},"97":{"start":{"line":397,"column":2},"end":{"line":406,"column":22}},"98":{"start":{"line":398,"column":3},"end":{"line":405,"column":5}},"99":{"start":{"line":400,"column":4},"end":{"line":400,"column":36}},"100":{"start":{"line":402,"column":4},"end":{"line":402,"column":31}},"101":{"start":{"line":404,"column":4},"end":{"line":404,"column":15}},"102":{"start":{"line":409,"column":2},"end":{"line":409,"column":27}}},"fnMap":{"0":{"name":"(anonymous_0)","decl":{"start":{"line":12,"column":1},"end":{"line":12,"column":2}},"loc":{"start":{"line":12,"column":27},"end":{"line":413,"column":1}},"line":12},"1":{"name":"isString","decl":{"start":{"line":56,"column":10},"end":{"line":56,"column":18}},"loc":{"start":{"line":56,"column":24},"end":{"line":58,"column":2}},"line":56},"2":{"name":"isArray","decl":{"start":{"line":64,"column":10},"end":{"line":64,"column":17}},"loc":{"start":{"line":64,"column":23},"end":{"line":66,"column":2}},"line":64},"3":{"name":"isObject","decl":{"start":{"line":71,"column":10},"end":{"line":71,"column":18}},"loc":{"start":{"line":71,"column":24},"end":{"line":73,"column":2}},"line":71},"4":{"name":"defaults","decl":{"start":{"line":80,"column":10},"end":{"line":80,"column":18}},"loc":{"start":{"line":80,"column":33},"end":{"line":92,"column":2}},"line":80},"5":{"name":"map","decl":{"start":{"line":100,"column":10},"end":{"line":100,"column":13}},"loc":{"start":{"line":100,"column":38},"end":{"line":113,"column":2}},"line":100},"6":{"name":"checkPrecision","decl":{"start":{"line":118,"column":10},"end":{"line":118,"column":24}},"loc":{"start":{"line":118,"column":36},"end":{"line":121,"column":2}},"line":118},"7":{"name":"checkCurrencyFormat","decl":{"start":{"line":133,"column":10},"end":{"line":133,"column":29}},"loc":{"start":{"line":133,"column":38},"end":{"line":162,"column":2}},"line":133},"8":{"name":"(anonymous_8)","decl":{"start":{"line":179,"column":43},"end":{"line":179,"column":44}},"loc":{"start":{"line":179,"column":68},"end":{"line":207,"column":2}},"line":179},"9":{"name":"(anonymous_9)","decl":{"start":{"line":182,"column":21},"end":{"line":182,"column":22}},"loc":{"start":{"line":182,"column":35},"end":{"line":184,"column":4}},"line":182},"10":{"name":"(anonymous_10)","decl":{"start":{"line":216,"column":29},"end":{"line":216,"column":30}},"loc":{"start":{"line":216,"column":56},"end":{"line":222,"column":2}},"line":216},"11":{"name":"(anonymous_11)","decl":{"start":{"line":232,"column":52},"end":{"line":232,"column":53}},"loc":{"start":{"line":232,"column":99},"end":{"line":263,"column":2}},"line":232},"12":{"name":"(anonymous_12)","decl":{"start":{"line":235,"column":22},"end":{"line":235,"column":23}},"loc":{"start":{"line":235,"column":36},"end":{"line":237,"column":4}},"line":235},"13":{"name":"(anonymous_13)","decl":{"start":{"line":277,"column":37},"end":{"line":277,"column":38}},"loc":{"start":{"line":277,"column":100},"end":{"line":308,"column":2}},"line":277},"14":{"name":"(anonymous_14)","decl":{"start":{"line":280,"column":22},"end":{"line":280,"column":23}},"loc":{"start":{"line":280,"column":35},"end":{"line":282,"column":4}},"line":280},"15":{"name":"(anonymous_15)","decl":{"start":{"line":323,"column":20},"end":{"line":323,"column":21}},"loc":{"start":{"line":323,"column":81},"end":{"line":376,"column":2}},"line":323},"16":{"name":"(anonymous_16)","decl":{"start":{"line":348,"column":25},"end":{"line":348,"column":26}},"loc":{"start":{"line":348,"column":42},"end":{"line":365,"column":4}},"line":348},"17":{"name":"(anonymous_17)","decl":{"start":{"line":368,"column":24},"end":{"line":368,"column":25}},"loc":{"start":{"line":368,"column":41},"end":{"line":375,"column":3}},"line":368},"18":{"name":"(anonymous_18)","decl":{"start":{"line":390,"column":13},"end":{"line":390,"column":14}},"loc":{"start":{"line":390,"column":24},"end":{"line":392,"column":3}},"line":390},"19":{"name":"(anonymous_19)","decl":{"start":{"line":397,"column":20},"end":{"line":397,"column":21}},"loc":{"start":{"line":397,"column":44},"end":{"line":406,"column":3}},"line":397},"20":{"name":"(anonymous_20)","decl":{"start":{"line":398,"column":10},"end":{"line":398,"column":11}},"loc":{"start":{"line":398,"column":21},"end":{"line":405,"column":4}},"line":398}},"branchMap":{"0":{"loc":{"start":{"line":57,"column":12},"end":{"line":57,"column":63}},"type":"binary-expr","locations":[{"start":{"line":57,"column":12},"end":{"line":57,"column":22}},{"start":{"line":57,"column":27},"end":{"line":57,"column":30}},{"start":{"line":57,"column":34},"end":{"line":57,"column":48}},{"start":{"line":57,"column":52},"end":{"line":57,"column":62}}],"line":57},"1":{"loc":{"start":{"line":65,"column":9},"end":{"line":65,"column":85}},"type":"cond-expr","locations":[{"start":{"line":65,"column":25},"end":{"line":65,"column":43}},{"start":{"line":65,"column":46},"end":{"line":65,"column":85}}],"line":65},"2":{"loc":{"start":{"line":72,"column":9},"end":{"line":72,"column":56}},"type":"binary-expr","locations":[{"start":{"line":72,"column":9},"end":{"line":72,"column":12}},{"start":{"line":72,"column":16},"end":{"line":72,"column":56}}],"line":72},"3":{"loc":{"start":{"line":82,"column":11},"end":{"line":82,"column":23}},"type":"binary-expr","locations":[{"start":{"line":82,"column":11},"end":{"line":82,"column":17}},{"start":{"line":82,"column":21},"end":{"line":82,"column":23}}],"line":82},"4":{"loc":{"start":{"line":83,"column":9},"end":{"line":83,"column":19}},"type":"binary-expr","locations":[{"start":{"line":83,"column":9},"end":{"line":83,"column":13}},{"start":{"line":83,"column":17},"end":{"line":83,"column":19}}],"line":83},"5":{"loc":{"start":{"line":86,"column":3},"end":{"line":89,"column":4}},"type":"if","locations":[{"start":{"line":86,"column":3},"end":{"line":89,"column":4}},{"start":{"line":86,"column":3},"end":{"line":89,"column":4}}],"line":86},"6":{"loc":{"start":{"line":88,"column":4},"end":{"line":88,"column":53}},"type":"if","locations":[{"start":{"line":88,"column":4},"end":{"line":88,"column":53}},{"start":{"line":88,"column":4},"end":{"line":88,"column":53}}],"line":88},"7":{"loc":{"start":{"line":103,"column":2},"end":{"line":103,"column":27}},"type":"if","locations":[{"start":{"line":103,"column":2},"end":{"line":103,"column":27}},{"start":{"line":103,"column":2},"end":{"line":103,"column":27}}],"line":103},"8":{"loc":{"start":{"line":106,"column":2},"end":{"line":106,"column":76}},"type":"if","locations":[{"start":{"line":106,"column":2},"end":{"line":106,"column":76}},{"start":{"line":106,"column":2},"end":{"line":106,"column":76}}],"line":106},"9":{"loc":{"start":{"line":106,"column":6},"end":{"line":106,"column":40}},"type":"binary-expr","locations":[{"start":{"line":106,"column":6},"end":{"line":106,"column":15}},{"start":{"line":106,"column":19},"end":{"line":106,"column":40}}],"line":106},"10":{"loc":{"start":{"line":120,"column":9},"end":{"line":120,"column":31}},"type":"cond-expr","locations":[{"start":{"line":120,"column":21},"end":{"line":120,"column":25}},{"start":{"line":120,"column":28},"end":{"line":120,"column":31}}],"line":120},"11":{"loc":{"start":{"line":137,"column":2},"end":{"line":137,"column":56}},"type":"if","locations":[{"start":{"line":137,"column":2},"end":{"line":137,"column":56}},{"start":{"line":137,"column":2},"end":{"line":137,"column":56}}],"line":137},"12":{"loc":{"start":{"line":140,"column":2},"end":{"line":159,"column":3}},"type":"if","locations":[{"start":{"line":140,"column":2},"end":{"line":159,"column":3}},{"start":{"line":140,"column":2},"end":{"line":159,"column":3}}],"line":140},"13":{"loc":{"start":{"line":140,"column":7},"end":{"line":140,"column":47}},"type":"binary-expr","locations":[{"start":{"line":140,"column":7},"end":{"line":140,"column":25}},{"start":{"line":140,"column":29},"end":{"line":140,"column":47}}],"line":140},"14":{"loc":{"start":{"line":150,"column":9},"end":{"line":159,"column":3}},"type":"if","locations":[{"start":{"line":150,"column":9},"end":{"line":159,"column":3}},{"start":{"line":150,"column":9},"end":{"line":159,"column":3}}],"line":150},"15":{"loc":{"start":{"line":150,"column":14},"end":{"line":150,"column":63}},"type":"binary-expr","locations":[{"start":{"line":150,"column":14},"end":{"line":150,"column":21}},{"start":{"line":150,"column":25},"end":{"line":150,"column":36}},{"start":{"line":150,"column":40},"end":{"line":150,"column":63}}],"line":150},"16":{"loc":{"start":{"line":153,"column":10},"end":{"line":157,"column":4}},"type":"cond-expr","locations":[{"start":{"line":153,"column":38},"end":{"line":153,"column":46}},{"start":{"line":153,"column":49},"end":{"line":157,"column":4}}],"line":153},"17":{"loc":{"start":{"line":181,"column":2},"end":{"line":185,"column":3}},"type":"if","locations":[{"start":{"line":181,"column":2},"end":{"line":185,"column":3}},{"start":{"line":181,"column":2},"end":{"line":185,"column":3}}],"line":181},"18":{"loc":{"start":{"line":188,"column":10},"end":{"line":188,"column":20}},"type":"binary-expr","locations":[{"start":{"line":188,"column":10},"end":{"line":188,"column":15}},{"start":{"line":188,"column":19},"end":{"line":188,"column":20}}],"line":188},"19":{"loc":{"start":{"line":191,"column":2},"end":{"line":191,"column":46}},"type":"if","locations":[{"start":{"line":191,"column":2},"end":{"line":191,"column":46}},{"start":{"line":191,"column":2},"end":{"line":191,"column":46}}],"line":191},"20":{"loc":{"start":{"line":194,"column":12},"end":{"line":194,"column":50}},"type":"binary-expr","locations":[{"start":{"line":194,"column":12},"end":{"line":194,"column":19}},{"start":{"line":194,"column":23},"end":{"line":194,"column":50}}],"line":194},"21":{"loc":{"start":{"line":206,"column":9},"end":{"line":206,"column":46}},"type":"cond-expr","locations":[{"start":{"line":206,"column":31},"end":{"line":206,"column":42}},{"start":{"line":206,"column":45},"end":{"line":206,"column":46}}],"line":206},"22":{"loc":{"start":{"line":234,"column":2},"end":{"line":238,"column":3}},"type":"if","locations":[{"start":{"line":234,"column":2},"end":{"line":238,"column":3}},{"start":{"line":234,"column":2},"end":{"line":238,"column":3}}],"line":234},"23":{"loc":{"start":{"line":245,"column":5},"end":{"line":249,"column":5}},"type":"cond-expr","locations":[{"start":{"line":245,"column":27},"end":{"line":245,"column":36}},{"start":{"line":245,"column":39},"end":{"line":249,"column":5}}],"line":245},"24":{"loc":{"start":{"line":257,"column":14},"end":{"line":257,"column":35}},"type":"cond-expr","locations":[{"start":{"line":257,"column":27},"end":{"line":257,"column":30}},{"start":{"line":257,"column":33},"end":{"line":257,"column":35}}],"line":257},"25":{"loc":{"start":{"line":258,"column":36},"end":{"line":258,"column":47}},"type":"binary-expr","locations":[{"start":{"line":258,"column":36},"end":{"line":258,"column":42}},{"start":{"line":258,"column":46},"end":{"line":258,"column":47}}],"line":258},"26":{"loc":{"start":{"line":259,"column":9},"end":{"line":259,"column":46}},"type":"cond-expr","locations":[{"start":{"line":259,"column":27},"end":{"line":259,"column":42}},{"start":{"line":259,"column":45},"end":{"line":259,"column":46}}],"line":259},"27":{"loc":{"start":{"line":262,"column":21},"end":{"line":262,"column":67}},"type":"cond-expr","locations":[{"start":{"line":262,"column":27},"end":{"line":262,"column":62}},{"start":{"line":262,"column":65},"end":{"line":262,"column":67}}],"line":262},"28":{"loc":{"start":{"line":262,"column":139},"end":{"line":262,"column":227}},"type":"cond-expr","locations":[{"start":{"line":262,"column":154},"end":{"line":262,"column":222}},{"start":{"line":262,"column":225},"end":{"line":262,"column":227}}],"line":262},"29":{"loc":{"start":{"line":279,"column":2},"end":{"line":283,"column":3}},"type":"if","locations":[{"start":{"line":279,"column":2},"end":{"line":283,"column":3}},{"start":{"line":279,"column":2},"end":{"line":283,"column":3}}],"line":279},"30":{"loc":{"start":{"line":290,"column":5},"end":{"line":296,"column":5}},"type":"cond-expr","locations":[{"start":{"line":290,"column":24},"end":{"line":290,"column":30}},{"start":{"line":290,"column":33},"end":{"line":296,"column":5}}],"line":290},"31":{"loc":{"start":{"line":304,"column":15},"end":{"line":304,"column":81}},"type":"cond-expr","locations":[{"start":{"line":304,"column":28},"end":{"line":304,"column":39}},{"start":{"line":304,"column":42},"end":{"line":304,"column":81}}],"line":304},"32":{"loc":{"start":{"line":304,"column":42},"end":{"line":304,"column":81}},"type":"cond-expr","locations":[{"start":{"line":304,"column":55},"end":{"line":304,"column":66}},{"start":{"line":304,"column":69},"end":{"line":304,"column":81}}],"line":304},"33":{"loc":{"start":{"line":324,"column":2},"end":{"line":324,"column":23}},"type":"if","locations":[{"start":{"line":324,"column":2},"end":{"line":324,"column":23}},{"start":{"line":324,"column":2},"end":{"line":324,"column":23}}],"line":324},"34":{"loc":{"start":{"line":328,"column":5},"end":{"line":334,"column":5}},"type":"cond-expr","locations":[{"start":{"line":328,"column":24},"end":{"line":328,"column":30}},{"start":{"line":328,"column":33},"end":{"line":334,"column":5}}],"line":328},"35":{"loc":{"start":{"line":342,"column":20},"end":{"line":342,"column":88}},"type":"cond-expr","locations":[{"start":{"line":342,"column":76},"end":{"line":342,"column":80}},{"start":{"line":342,"column":83},"end":{"line":342,"column":88}}],"line":342},"36":{"loc":{"start":{"line":349,"column":4},"end":{"line":364,"column":5}},"type":"if","locations":[{"start":{"line":349,"column":4},"end":{"line":364,"column":5}},{"start":{"line":349,"column":4},"end":{"line":364,"column":5}}],"line":349},"37":{"loc":{"start":{"line":357,"column":21},"end":{"line":357,"column":81}},"type":"cond-expr","locations":[{"start":{"line":357,"column":31},"end":{"line":357,"column":42}},{"start":{"line":357,"column":45},"end":{"line":357,"column":81}}],"line":357},"38":{"loc":{"start":{"line":357,"column":45},"end":{"line":357,"column":81}},"type":"cond-expr","locations":[{"start":{"line":357,"column":55},"end":{"line":357,"column":66}},{"start":{"line":357,"column":69},"end":{"line":357,"column":81}}],"line":357},"39":{"loc":{"start":{"line":362,"column":5},"end":{"line":362,"column":58}},"type":"if","locations":[{"start":{"line":362,"column":5},"end":{"line":362,"column":58}},{"start":{"line":362,"column":5},"end":{"line":362,"column":58}}],"line":362},"40":{"loc":{"start":{"line":370,"column":3},"end":{"line":373,"column":4}},"type":"if","locations":[{"start":{"line":370,"column":3},"end":{"line":373,"column":4}},{"start":{"line":370,"column":3},"end":{"line":373,"column":4}}],"line":370},"41":{"loc":{"start":{"line":370,"column":7},"end":{"line":370,"column":46}},"type":"binary-expr","locations":[{"start":{"line":370,"column":7},"end":{"line":370,"column":20}},{"start":{"line":370,"column":24},"end":{"line":370,"column":46}}],"line":370},"42":{"loc":{"start":{"line":372,"column":11},"end":{"line":372,"column":173}},"type":"cond-expr","locations":[{"start":{"line":372,"column":28},"end":{"line":372,"column":115}},{"start":{"line":372,"column":118},"end":{"line":372,"column":173}}],"line":372},"43":{"loc":{"start":{"line":383,"column":1},"end":{"line":410,"column":2}},"type":"if","locations":[{"start":{"line":383,"column":1},"end":{"line":410,"column":2}},{"start":{"line":383,"column":1},"end":{"line":410,"column":2}}],"line":383},"44":{"loc":{"start":{"line":384,"column":2},"end":{"line":386,"column":3}},"type":"if","locations":[{"start":{"line":384,"column":2},"end":{"line":386,"column":3}},{"start":{"line":384,"column":2},"end":{"line":386,"column":3}}],"line":384},"45":{"loc":{"start":{"line":384,"column":6},"end":{"line":384,"column":53}},"type":"binary-expr","locations":[{"start":{"line":384,"column":6},"end":{"line":384,"column":35}},{"start":{"line":384,"column":39},"end":{"line":384,"column":53}}],"line":384},"46":{"loc":{"start":{"line":388,"column":8},"end":{"line":410,"column":2}},"type":"if","locations":[{"start":{"line":388,"column":8},"end":{"line":410,"column":2}},{"start":{"line":388,"column":8},"end":{"line":410,"column":2}}],"line":388},"47":{"loc":{"start":{"line":388,"column":12},"end":{"line":388,"column":54}},"type":"binary-expr","locations":[{"start":{"line":388,"column":12},"end":{"line":388,"column":40}},{"start":{"line":388,"column":44},"end":{"line":388,"column":54}}],"line":388}},"s":{"0":5,"1":5,"2":5,"3":5,"4":5,"5":5,"6":5,"7":90,"8":581,"9":180,"10":180,"11":180,"12":180,"13":900,"14":900,"15":270,"16":180,"17":0,"18":0,"19":0,"20":0,"21":0,"22":0,"23":0,"24":0,"25":401,"26":401,"27":90,"28":90,"29":0,"30":90,"31":90,"32":0,"33":0,"34":0,"35":5,"36":401,"37":0,"38":0,"39":401,"40":401,"41":360,"42":41,"43":41,"44":41,"45":41,"46":5,"47":221,"48":221,"49":221,"50":5,"51":90,"52":0,"53":0,"54":90,"55":90,"56":90,"57":90,"58":90,"59":90,"60":90,"61":5,"62":90,"63":0,"64":0,"65":90,"66":90,"67":90,"68":90,"69":90,"70":5,"71":0,"72":0,"73":0,"74":0,"75":0,"76":0,"77":0,"78":0,"79":0,"80":0,"81":0,"82":0,"83":0,"84":0,"85":0,"86":0,"87":0,"88":0,"89":0,"90":5,"91":5,"92":5,"93":5,"94":0,"95":0,"96":0,"97":0,"98":0,"99":0,"100":0,"101":0,"102":0},"f":{"0":5,"1":90,"2":581,"3":180,"4":180,"5":0,"6":401,"7":90,"8":401,"9":0,"10":221,"11":90,"12":0,"13":90,"14":0,"15":0,"16":0,"17":0,"18":0,"19":0,"20":0},"b":{"0":[90,90,90,90],"1":[581,0],"2":[180,90],"3":[180,0],"4":[180,0],"5":[900,0],"6":[270,630],"7":[0,0],"8":[0,0],"9":[0,0],"10":[0,401],"11":[0,90],"12":[90,0],"13":[90,90],"14":[0,0],"15":[0,0,0],"16":[0,0],"17":[0,401],"18":[401,152],"19":[360,41],"20":[41,41],"21":[41,0],"22":[0,90],"23":[0,90],"24":[0,90],"25":[90,38],"26":[0,90],"27":[0,90],"28":[90,0],"29":[0,90],"30":[0,90],"31":[52,38],"32":[0,38],"33":[0,0],"34":[0,0],"35":[0,0],"36":[0,0],"37":[0,0],"38":[0,0],"39":[0,0],"40":[0,0],"41":[0,0],"42":[0,0],"43":[5,0],"44":[5,0],"45":[5,5],"46":[0,0],"47":[0,0]},"_coverageSchema":"332fd63041d2c1bcb487cc26dd0d5f7d97098a6c","hash":"e63243907d0b035f3faa71a967f7f66d5c8fee20"}
,"/Users/sooraj/Desktop/chainios/chainsidepay-merchant/src/components/OnBoarding/Alerts/Alert.js": {"path":"/Users/sooraj/Desktop/chainios/chainsidepay-merchant/src/components/OnBoarding/Alerts/Alert.js","statementMap":{"0":{"start":{"line":37,"column":4},"end":{"line":37,"column":17}},"1":{"start":{"line":39,"column":4},"end":{"line":41,"column":6}},"2":{"start":{"line":43,"column":4},"end":{"line":43,"column":47}},"3":{"start":{"line":44,"column":4},"end":{"line":44,"column":49}},"4":{"start":{"line":48,"column":4},"end":{"line":48,"column":42}},"5":{"start":{"line":52,"column":4},"end":{"line":52,"column":43}},"6":{"start":{"line":56,"column":19},"end":{"line":56,"column":82}},"7":{"start":{"line":57,"column":4},"end":{"line":94,"column":6}},"8":{"start":{"line":62,"column":30},"end":{"line":62,"column":47}},"9":{"start":{"line":83,"column":47},"end":{"line":83,"column":73}}},"fnMap":{"0":{"name":"(anonymous_0)","decl":{"start":{"line":36,"column":2},"end":{"line":36,"column":3}},"loc":{"start":{"line":36,"column":21},"end":{"line":45,"column":3}},"line":36},"1":{"name":"(anonymous_1)","decl":{"start":{"line":47,"column":2},"end":{"line":47,"column":3}},"loc":{"start":{"line":47,"column":14},"end":{"line":49,"column":3}},"line":47},"2":{"name":"(anonymous_2)","decl":{"start":{"line":51,"column":2},"end":{"line":51,"column":3}},"loc":{"start":{"line":51,"column":15},"end":{"line":53,"column":3}},"line":51},"3":{"name":"(anonymous_3)","decl":{"start":{"line":55,"column":2},"end":{"line":55,"column":3}},"loc":{"start":{"line":55,"column":11},"end":{"line":95,"column":3}},"line":55},"4":{"name":"(anonymous_4)","decl":{"start":{"line":62,"column":24},"end":{"line":62,"column":25}},"loc":{"start":{"line":62,"column":30},"end":{"line":62,"column":47}},"line":62},"5":{"name":"(anonymous_5)","decl":{"start":{"line":83,"column":41},"end":{"line":83,"column":42}},"loc":{"start":{"line":83,"column":47},"end":{"line":83,"column":73}},"line":83}},"branchMap":{"0":{"loc":{"start":{"line":56,"column":19},"end":{"line":56,"column":82}},"type":"cond-expr","locations":[{"start":{"line":56,"column":56},"end":{"line":56,"column":68}},{"start":{"line":56,"column":71},"end":{"line":56,"column":82}}],"line":56}},"s":{"0":17,"1":17,"2":17,"3":17,"4":0,"5":0,"6":24,"7":24,"8":0,"9":0},"f":{"0":17,"1":0,"2":0,"3":24,"4":0,"5":0},"b":{"0":[3,21]},"_coverageSchema":"332fd63041d2c1bcb487cc26dd0d5f7d97098a6c","hash":"ac094977628437f949a15a587f7ac495b638bd27"}
,"/Users/sooraj/Desktop/chainios/chainsidepay-merchant/src/components/OnBoarding/Alerts/ErrorStyles.js": {"path":"/Users/sooraj/Desktop/chainios/chainsidepay-merchant/src/components/OnBoarding/Alerts/ErrorStyles.js","statementMap":{"0":{"start":{"line":6,"column":15},"end":{"line":83,"column":2}}},"fnMap":{},"branchMap":{},"s":{"0":4},"f":{},"b":{},"_coverageSchema":"332fd63041d2c1bcb487cc26dd0d5f7d97098a6c","hash":"2d38c2829a1a853a78d180ef7194eab5c7529fb2"}
,"/Users/sooraj/Desktop/chainios/chainsidepay-merchant/src/components/OnBoarding/Alerts/SucessStyles.js": {"path":"/Users/sooraj/Desktop/chainios/chainsidepay-merchant/src/components/OnBoarding/Alerts/SucessStyles.js","statementMap":{"0":{"start":{"line":6,"column":26},"end":{"line":6,"column":50}},"1":{"start":{"line":8,"column":15},"end":{"line":84,"column":2}}},"fnMap":{},"branchMap":{},"s":{"0":4,"1":4},"f":{},"b":{},"_coverageSchema":"332fd63041d2c1bcb487cc26dd0d5f7d97098a6c","hash":"b8308a642f6e4d8da7a6e0de105a9789795012cc"}
,"/Users/sooraj/Desktop/chainios/chainsidepay-merchant/src/components/OnBoarding/POSManual/POSManual.js": {"path":"/Users/sooraj/Desktop/chainios/chainsidepay-merchant/src/components/OnBoarding/POSManual/POSManual.js","statementMap":{"0":{"start":{"line":27,"column":0},"end":{"line":27,"column":29}},"1":{"start":{"line":29,"column":17},"end":{"line":29,"column":57}},"2":{"start":{"line":50,"column":4},"end":{"line":50,"column":17}},"3":{"start":{"line":51,"column":4},"end":{"line":55,"column":6}},"4":{"start":{"line":59,"column":23},"end":{"line":59,"column":44}},"5":{"start":{"line":60,"column":4},"end":{"line":60,"column":13}},"6":{"start":{"line":64,"column":4},"end":{"line":64,"column":43}},"7":{"start":{"line":68,"column":24},"end":{"line":73,"column":6}},"8":{"start":{"line":74,"column":4},"end":{"line":74,"column":48}},"9":{"start":{"line":78,"column":17},"end":{"line":78,"column":36}},"10":{"start":{"line":79,"column":4},"end":{"line":97,"column":7}},"11":{"start":{"line":80,"column":19},"end":{"line":82,"column":7}},"12":{"start":{"line":83,"column":6},"end":{"line":96,"column":20}},"13":{"start":{"line":84,"column":8},"end":{"line":95,"column":9}},"14":{"start":{"line":85,"column":10},"end":{"line":85,"column":47}},"15":{"start":{"line":87,"column":10},"end":{"line":87,"column":53}},"16":{"start":{"line":88,"column":30},"end":{"line":93,"column":12}},"17":{"start":{"line":94,"column":10},"end":{"line":94,"column":54}},"18":{"start":{"line":101,"column":4},"end":{"line":101,"column":38}},"19":{"start":{"line":105,"column":4},"end":{"line":105,"column":36}},"20":{"start":{"line":109,"column":4},"end":{"line":109,"column":100}},"21":{"start":{"line":109,"column":40},"end":{"line":109,"column":55}},"22":{"start":{"line":109,"column":69},"end":{"line":109,"column":98}},"23":{"start":{"line":113,"column":4},"end":{"line":148,"column":5}},"24":{"start":{"line":114,"column":6},"end":{"line":114,"column":69}},"25":{"start":{"line":116,"column":23},"end":{"line":116,"column":42}},"26":{"start":{"line":117,"column":23},"end":{"line":117,"column":40}},"27":{"start":{"line":118,"column":6},"end":{"line":147,"column":12}},"28":{"start":{"line":130,"column":8},"end":{"line":130,"column":71}},"29":{"start":{"line":131,"column":8},"end":{"line":131,"column":31}},"30":{"start":{"line":134,"column":6},"end":{"line":134,"column":68}},"31":{"start":{"line":135,"column":6},"end":{"line":143,"column":7}},"32":{"start":{"line":136,"column":28},"end":{"line":136,"column":53}},"33":{"start":{"line":137,"column":8},"end":{"line":137,"column":57}},"34":{"start":{"line":138,"column":29},"end":{"line":138,"column":55}},"35":{"start":{"line":139,"column":8},"end":{"line":139,"column":59}},"36":{"start":{"line":140,"column":8},"end":{"line":140,"column":32}},"37":{"start":{"line":142,"column":8},"end":{"line":142,"column":46}},"38":{"start":{"line":145,"column":6},"end":{"line":145,"column":44}},"39":{"start":{"line":152,"column":4},"end":{"line":152,"column":42}},"40":{"start":{"line":156,"column":4},"end":{"line":217,"column":6}},"41":{"start":{"line":158,"column":41},"end":{"line":158,"column":54}},"42":{"start":{"line":180,"column":36},"end":{"line":180,"column":69}},"43":{"start":{"line":188,"column":36},"end":{"line":188,"column":67}},"44":{"start":{"line":195,"column":43},"end":{"line":195,"column":62}},"45":{"start":{"line":210,"column":35},"end":{"line":210,"column":55}}},"fnMap":{"0":{"name":"(anonymous_0)","decl":{"start":{"line":49,"column":2},"end":{"line":49,"column":3}},"loc":{"start":{"line":49,"column":21},"end":{"line":56,"column":3}},"line":49},"1":{"name":"(anonymous_1)","decl":{"start":{"line":58,"column":2},"end":{"line":58,"column":3}},"loc":{"start":{"line":58,"column":11},"end":{"line":61,"column":3}},"line":58},"2":{"name":"(anonymous_2)","decl":{"start":{"line":63,"column":2},"end":{"line":63,"column":3}},"loc":{"start":{"line":63,"column":18},"end":{"line":65,"column":3}},"line":63},"3":{"name":"(anonymous_3)","decl":{"start":{"line":67,"column":2},"end":{"line":67,"column":3}},"loc":{"start":{"line":67,"column":27},"end":{"line":75,"column":3}},"line":67},"4":{"name":"(anonymous_4)","decl":{"start":{"line":77,"column":2},"end":{"line":77,"column":3}},"loc":{"start":{"line":77,"column":13},"end":{"line":98,"column":3}},"line":77},"5":{"name":"(anonymous_5)","decl":{"start":{"line":79,"column":27},"end":{"line":79,"column":28}},"loc":{"start":{"line":79,"column":36},"end":{"line":97,"column":5}},"line":79},"6":{"name":"(anonymous_6)","decl":{"start":{"line":83,"column":68},"end":{"line":83,"column":69}},"loc":{"start":{"line":83,"column":84},"end":{"line":96,"column":7}},"line":83},"7":{"name":"(anonymous_7)","decl":{"start":{"line":100,"column":2},"end":{"line":100,"column":3}},"loc":{"start":{"line":100,"column":29},"end":{"line":102,"column":3}},"line":100},"8":{"name":"(anonymous_8)","decl":{"start":{"line":104,"column":2},"end":{"line":104,"column":3}},"loc":{"start":{"line":104,"column":27},"end":{"line":106,"column":3}},"line":104},"9":{"name":"(anonymous_9)","decl":{"start":{"line":108,"column":2},"end":{"line":108,"column":3}},"loc":{"start":{"line":108,"column":21},"end":{"line":110,"column":3}},"line":108},"10":{"name":"(anonymous_10)","decl":{"start":{"line":109,"column":34},"end":{"line":109,"column":35}},"loc":{"start":{"line":109,"column":40},"end":{"line":109,"column":55}},"line":109},"11":{"name":"(anonymous_11)","decl":{"start":{"line":109,"column":63},"end":{"line":109,"column":64}},"loc":{"start":{"line":109,"column":69},"end":{"line":109,"column":98}},"line":109},"12":{"name":"(anonymous_12)","decl":{"start":{"line":112,"column":2},"end":{"line":112,"column":3}},"loc":{"start":{"line":112,"column":17},"end":{"line":149,"column":3}},"line":112},"13":{"name":"(anonymous_13)","decl":{"start":{"line":129,"column":14},"end":{"line":129,"column":15}},"loc":{"start":{"line":129,"column":33},"end":{"line":132,"column":7}},"line":129},"14":{"name":"(anonymous_14)","decl":{"start":{"line":133,"column":10},"end":{"line":133,"column":11}},"loc":{"start":{"line":133,"column":28},"end":{"line":144,"column":5}},"line":133},"15":{"name":"(anonymous_15)","decl":{"start":{"line":144,"column":13},"end":{"line":144,"column":14}},"loc":{"start":{"line":144,"column":20},"end":{"line":146,"column":5}},"line":144},"16":{"name":"(anonymous_16)","decl":{"start":{"line":151,"column":2},"end":{"line":151,"column":3}},"loc":{"start":{"line":151,"column":14},"end":{"line":153,"column":3}},"line":151},"17":{"name":"(anonymous_17)","decl":{"start":{"line":155,"column":2},"end":{"line":155,"column":3}},"loc":{"start":{"line":155,"column":11},"end":{"line":218,"column":3}},"line":155},"18":{"name":"(anonymous_18)","decl":{"start":{"line":158,"column":35},"end":{"line":158,"column":36}},"loc":{"start":{"line":158,"column":41},"end":{"line":158,"column":54}},"line":158},"19":{"name":"(anonymous_19)","decl":{"start":{"line":180,"column":28},"end":{"line":180,"column":29}},"loc":{"start":{"line":180,"column":36},"end":{"line":180,"column":69}},"line":180},"20":{"name":"(anonymous_20)","decl":{"start":{"line":188,"column":28},"end":{"line":188,"column":29}},"loc":{"start":{"line":188,"column":36},"end":{"line":188,"column":67}},"line":188},"21":{"name":"(anonymous_21)","decl":{"start":{"line":195,"column":37},"end":{"line":195,"column":38}},"loc":{"start":{"line":195,"column":43},"end":{"line":195,"column":62}},"line":195},"22":{"name":"(anonymous_22)","decl":{"start":{"line":210,"column":29},"end":{"line":210,"column":30}},"loc":{"start":{"line":210,"column":35},"end":{"line":210,"column":55}},"line":210}},"branchMap":{"0":{"loc":{"start":{"line":84,"column":8},"end":{"line":95,"column":9}},"type":"if","locations":[{"start":{"line":84,"column":8},"end":{"line":95,"column":9}},{"start":{"line":84,"column":8},"end":{"line":95,"column":9}}],"line":84},"1":{"loc":{"start":{"line":113,"column":4},"end":{"line":148,"column":5}},"type":"if","locations":[{"start":{"line":113,"column":4},"end":{"line":148,"column":5}},{"start":{"line":113,"column":4},"end":{"line":148,"column":5}}],"line":113},"2":{"loc":{"start":{"line":113,"column":8},"end":{"line":113,"column":62}},"type":"binary-expr","locations":[{"start":{"line":113,"column":8},"end":{"line":113,"column":34}},{"start":{"line":113,"column":38},"end":{"line":113,"column":62}}],"line":113},"3":{"loc":{"start":{"line":135,"column":6},"end":{"line":143,"column":7}},"type":"if","locations":[{"start":{"line":135,"column":6},"end":{"line":143,"column":7}},{"start":{"line":135,"column":6},"end":{"line":143,"column":7}}],"line":135},"4":{"loc":{"start":{"line":202,"column":11},"end":{"line":214,"column":20}},"type":"cond-expr","locations":[{"start":{"line":204,"column":12},"end":{"line":212,"column":14}},{"start":{"line":214,"column":12},"end":{"line":214,"column":20}}],"line":202}},"s":{"0":1,"1":1,"2":10,"3":10,"4":1,"5":1,"6":1,"7":1,"8":1,"9":3,"10":3,"11":3,"12":3,"13":0,"14":0,"15":0,"16":0,"17":0,"18":2,"19":2,"20":2,"21":2,"22":0,"23":2,"24":1,"25":1,"26":1,"27":1,"28":1,"29":1,"30":1,"31":1,"32":1,"33":1,"34":1,"35":1,"36":1,"37":0,"38":0,"39":1,"40":16,"41":0,"42":0,"43":0,"44":0,"45":0},"f":{"0":10,"1":1,"2":1,"3":1,"4":3,"5":3,"6":0,"7":2,"8":2,"9":2,"10":2,"11":0,"12":2,"13":1,"14":1,"15":0,"16":1,"17":16,"18":0,"19":0,"20":0,"21":0,"22":0},"b":{"0":[0,0],"1":[1,1],"2":[2,1],"3":[1,0],"4":[1,15]},"_coverageSchema":"332fd63041d2c1bcb487cc26dd0d5f7d97098a6c","hash":"e8e622b1ac71b6b0150f1b2430767b58b776f068"}
,"/Users/sooraj/Desktop/chainios/chainsidepay-merchant/src/components/OnBoarding/POSManual/Styles.js": {"path":"/Users/sooraj/Desktop/chainios/chainsidepay-merchant/src/components/OnBoarding/POSManual/Styles.js","statementMap":{"0":{"start":{"line":6,"column":18},"end":{"line":6,"column":42}},"1":{"start":{"line":8,"column":15},"end":{"line":76,"column":2}}},"fnMap":{},"branchMap":{},"s":{"0":1,"1":1},"f":{},"b":{},"_coverageSchema":"332fd63041d2c1bcb487cc26dd0d5f7d97098a6c","hash":"c024867907daa70a2275da5c714fe08b3178b57c"}
,"/Users/sooraj/Desktop/chainios/chainsidepay-merchant/src/components/Payment/Alert/Alert.js": {"path":"/Users/sooraj/Desktop/chainios/chainsidepay-merchant/src/components/Payment/Alert/Alert.js","statementMap":{"0":{"start":{"line":31,"column":19},"end":{"line":31,"column":35}},"1":{"start":{"line":32,"column":4},"end":{"line":57,"column":6}}},"fnMap":{"0":{"name":"(anonymous_0)","decl":{"start":{"line":30,"column":2},"end":{"line":30,"column":3}},"loc":{"start":{"line":30,"column":11},"end":{"line":58,"column":3}},"line":30}},"branchMap":{"0":{"loc":{"start":{"line":45,"column":12},"end":{"line":53,"column":22}},"type":"cond-expr","locations":[{"start":{"line":47,"column":14},"end":{"line":51,"column":33}},{"start":{"line":53,"column":14},"end":{"line":53,"column":22}}],"line":45}},"s":{"0":1,"1":1},"f":{"0":1},"b":{"0":[1,0]},"_coverageSchema":"332fd63041d2c1bcb487cc26dd0d5f7d97098a6c","hash":"7a733648ebeed3e4afbd1548c7de50bab3d84bd2"}
,"/Users/sooraj/Desktop/chainios/chainsidepay-merchant/src/components/Payment/Cancel/Cancel.js": {"path":"/Users/sooraj/Desktop/chainios/chainsidepay-merchant/src/components/Payment/Cancel/Cancel.js","statementMap":{"0":{"start":{"line":26,"column":18},"end":{"line":26,"column":23}},"1":{"start":{"line":27,"column":19},"end":{"line":27,"column":54}},"2":{"start":{"line":45,"column":4},"end":{"line":45,"column":17}},"3":{"start":{"line":46,"column":4},"end":{"line":50,"column":6}},"4":{"start":{"line":54,"column":4},"end":{"line":57,"column":7}},"5":{"start":{"line":55,"column":29},"end":{"line":55,"column":55}},"6":{"start":{"line":56,"column":6},"end":{"line":56,"column":54}},"7":{"start":{"line":58,"column":4},"end":{"line":58,"column":62}},"8":{"start":{"line":58,"column":35},"end":{"line":58,"column":60}},"9":{"start":{"line":62,"column":22},"end":{"line":62,"column":43}},"10":{"start":{"line":63,"column":22},"end":{"line":63,"column":44}},"11":{"start":{"line":64,"column":17},"end":{"line":64,"column":34}},"12":{"start":{"line":65,"column":23},"end":{"line":65,"column":40}},"13":{"start":{"line":66,"column":4},"end":{"line":104,"column":10}},"14":{"start":{"line":77,"column":6},"end":{"line":77,"column":21}},"15":{"start":{"line":80,"column":4},"end":{"line":94,"column":5}},"16":{"start":{"line":81,"column":6},"end":{"line":81,"column":82}},"17":{"start":{"line":81,"column":41},"end":{"line":81,"column":80}},"18":{"start":{"line":83,"column":6},"end":{"line":93,"column":7}},"19":{"start":{"line":84,"column":8},"end":{"line":84,"column":46}},"20":{"start":{"line":86,"column":25},"end":{"line":86,"column":40}},"21":{"start":{"line":87,"column":26},"end":{"line":87,"column":35}},"22":{"start":{"line":88,"column":22},"end":{"line":88,"column":49}},"23":{"start":{"line":89,"column":25},"end":{"line":89,"column":62}},"24":{"start":{"line":90,"column":28},"end":{"line":90,"column":57}},"25":{"start":{"line":91,"column":29},"end":{"line":91,"column":148}},"26":{"start":{"line":92,"column":8},"end":{"line":92,"column":76}},"27":{"start":{"line":96,"column":21},"end":{"line":96,"column":36}},"28":{"start":{"line":97,"column":22},"end":{"line":97,"column":31}},"29":{"start":{"line":98,"column":18},"end":{"line":98,"column":45}},"30":{"start":{"line":99,"column":21},"end":{"line":99,"column":58}},"31":{"start":{"line":100,"column":24},"end":{"line":100,"column":53}},"32":{"start":{"line":101,"column":25},"end":{"line":101,"column":144}},"33":{"start":{"line":102,"column":4},"end":{"line":102,"column":72}},"34":{"start":{"line":108,"column":25},"end":{"line":108,"column":46}},"35":{"start":{"line":109,"column":4},"end":{"line":109,"column":46}},"36":{"start":{"line":113,"column":25},"end":{"line":113,"column":46}},"37":{"start":{"line":114,"column":4},"end":{"line":114,"column":53}},"38":{"start":{"line":118,"column":25},"end":{"line":118,"column":46}},"39":{"start":{"line":119,"column":4},"end":{"line":119,"column":44}},"40":{"start":{"line":123,"column":4},"end":{"line":123,"column":45}},"41":{"start":{"line":127,"column":21},"end":{"line":127,"column":36}},"42":{"start":{"line":128,"column":22},"end":{"line":128,"column":31}},"43":{"start":{"line":129,"column":18},"end":{"line":129,"column":45}},"44":{"start":{"line":130,"column":21},"end":{"line":130,"column":58}},"45":{"start":{"line":131,"column":24},"end":{"line":131,"column":53}},"46":{"start":{"line":132,"column":25},"end":{"line":132,"column":144}},"47":{"start":{"line":133,"column":4},"end":{"line":133,"column":72}},"48":{"start":{"line":138,"column":22},"end":{"line":138,"column":43}},"49":{"start":{"line":139,"column":28},"end":{"line":139,"column":74}},"50":{"start":{"line":140,"column":22},"end":{"line":140,"column":60}},"51":{"start":{"line":141,"column":25},"end":{"line":141,"column":160}},"52":{"start":{"line":142,"column":30},"end":{"line":142,"column":193}},"53":{"start":{"line":143,"column":4},"end":{"line":229,"column":5}},"54":{"start":{"line":144,"column":6},"end":{"line":208,"column":8}},"55":{"start":{"line":148,"column":36},"end":{"line":148,"column":59}},"56":{"start":{"line":149,"column":37},"end":{"line":149,"column":61}},"57":{"start":{"line":196,"column":31},"end":{"line":196,"column":46}},"58":{"start":{"line":210,"column":6},"end":{"line":228,"column":17}},"59":{"start":{"line":222,"column":39},"end":{"line":222,"column":59}}},"fnMap":{"0":{"name":"(anonymous_0)","decl":{"start":{"line":44,"column":2},"end":{"line":44,"column":3}},"loc":{"start":{"line":44,"column":21},"end":{"line":51,"column":3}},"line":44},"1":{"name":"(anonymous_1)","decl":{"start":{"line":53,"column":2},"end":{"line":53,"column":3}},"loc":{"start":{"line":53,"column":23},"end":{"line":59,"column":3}},"line":53},"2":{"name":"(anonymous_2)","decl":{"start":{"line":54,"column":24},"end":{"line":54,"column":25}},"loc":{"start":{"line":54,"column":37},"end":{"line":57,"column":5}},"line":54},"3":{"name":"(anonymous_3)","decl":{"start":{"line":58,"column":26},"end":{"line":58,"column":27}},"loc":{"start":{"line":58,"column":35},"end":{"line":58,"column":60}},"line":58},"4":{"name":"(anonymous_4)","decl":{"start":{"line":61,"column":2},"end":{"line":61,"column":3}},"loc":{"start":{"line":61,"column":23},"end":{"line":105,"column":3}},"line":61},"5":{"name":"(anonymous_5)","decl":{"start":{"line":76,"column":12},"end":{"line":76,"column":13}},"loc":{"start":{"line":76,"column":31},"end":{"line":78,"column":5}},"line":76},"6":{"name":"(anonymous_6)","decl":{"start":{"line":79,"column":8},"end":{"line":79,"column":9}},"loc":{"start":{"line":79,"column":26},"end":{"line":95,"column":3}},"line":79},"7":{"name":"(anonymous_7)","decl":{"start":{"line":81,"column":29},"end":{"line":81,"column":30}},"loc":{"start":{"line":81,"column":41},"end":{"line":81,"column":80}},"line":81},"8":{"name":"(anonymous_8)","decl":{"start":{"line":95,"column":11},"end":{"line":95,"column":12}},"loc":{"start":{"line":95,"column":18},"end":{"line":103,"column":3}},"line":95},"9":{"name":"(anonymous_9)","decl":{"start":{"line":107,"column":2},"end":{"line":107,"column":3}},"loc":{"start":{"line":107,"column":13},"end":{"line":110,"column":3}},"line":107},"10":{"name":"(anonymous_10)","decl":{"start":{"line":112,"column":2},"end":{"line":112,"column":3}},"loc":{"start":{"line":112,"column":21},"end":{"line":115,"column":3}},"line":112},"11":{"name":"(anonymous_11)","decl":{"start":{"line":117,"column":2},"end":{"line":117,"column":3}},"loc":{"start":{"line":117,"column":22},"end":{"line":120,"column":3}},"line":117},"12":{"name":"(anonymous_12)","decl":{"start":{"line":122,"column":2},"end":{"line":122,"column":3}},"loc":{"start":{"line":122,"column":18},"end":{"line":124,"column":3}},"line":122},"13":{"name":"(anonymous_13)","decl":{"start":{"line":126,"column":2},"end":{"line":126,"column":3}},"loc":{"start":{"line":126,"column":19},"end":{"line":134,"column":3}},"line":126},"14":{"name":"(anonymous_14)","decl":{"start":{"line":137,"column":2},"end":{"line":137,"column":3}},"loc":{"start":{"line":137,"column":11},"end":{"line":230,"column":3}},"line":137},"15":{"name":"(anonymous_15)","decl":{"start":{"line":148,"column":30},"end":{"line":148,"column":31}},"loc":{"start":{"line":148,"column":36},"end":{"line":148,"column":59}},"line":148},"16":{"name":"(anonymous_16)","decl":{"start":{"line":149,"column":31},"end":{"line":149,"column":32}},"loc":{"start":{"line":149,"column":37},"end":{"line":149,"column":61}},"line":149},"17":{"name":"(anonymous_17)","decl":{"start":{"line":196,"column":25},"end":{"line":196,"column":26}},"loc":{"start":{"line":196,"column":31},"end":{"line":196,"column":46}},"line":196},"18":{"name":"(anonymous_18)","decl":{"start":{"line":222,"column":33},"end":{"line":222,"column":34}},"loc":{"start":{"line":222,"column":39},"end":{"line":222,"column":59}},"line":222}},"branchMap":{"0":{"loc":{"start":{"line":80,"column":4},"end":{"line":94,"column":5}},"type":"if","locations":[{"start":{"line":80,"column":4},"end":{"line":94,"column":5}},{"start":{"line":80,"column":4},"end":{"line":94,"column":5}}],"line":80},"1":{"loc":{"start":{"line":83,"column":6},"end":{"line":93,"column":7}},"type":"if","locations":[{"start":{"line":83,"column":6},"end":{"line":93,"column":7}},{"start":{"line":83,"column":6},"end":{"line":93,"column":7}}],"line":83},"2":{"loc":{"start":{"line":141,"column":25},"end":{"line":141,"column":160}},"type":"cond-expr","locations":[{"start":{"line":141,"column":57},"end":{"line":141,"column":107}},{"start":{"line":141,"column":110},"end":{"line":141,"column":160}}],"line":141},"3":{"loc":{"start":{"line":142,"column":30},"end":{"line":142,"column":193}},"type":"cond-expr","locations":[{"start":{"line":142,"column":62},"end":{"line":142,"column":126}},{"start":{"line":142,"column":129},"end":{"line":142,"column":193}}],"line":142},"4":{"loc":{"start":{"line":143,"column":4},"end":{"line":229,"column":5}},"type":"if","locations":[{"start":{"line":143,"column":4},"end":{"line":229,"column":5}},{"start":{"line":143,"column":4},"end":{"line":229,"column":5}}],"line":143},"5":{"loc":{"start":{"line":159,"column":25},"end":{"line":159,"column":91}},"type":"cond-expr","locations":[{"start":{"line":159,"column":37},"end":{"line":159,"column":67}},{"start":{"line":159,"column":70},"end":{"line":159,"column":91}}],"line":159},"6":{"loc":{"start":{"line":170,"column":25},"end":{"line":170,"column":106}},"type":"cond-expr","locations":[{"start":{"line":170,"column":50},"end":{"line":170,"column":81}},{"start":{"line":170,"column":84},"end":{"line":170,"column":106}}],"line":170},"7":{"loc":{"start":{"line":172,"column":16},"end":{"line":193,"column":26}},"type":"cond-expr","locations":[{"start":{"line":174,"column":18},"end":{"line":191,"column":25}},{"start":{"line":193,"column":18},"end":{"line":193,"column":26}}],"line":172},"8":{"loc":{"start":{"line":214,"column":14},"end":{"line":226,"column":24}},"type":"cond-expr","locations":[{"start":{"line":216,"column":16},"end":{"line":224,"column":18}},{"start":{"line":226,"column":16},"end":{"line":226,"column":24}}],"line":214}},"s":{"0":1,"1":1,"2":5,"3":5,"4":5,"5":5,"6":0,"7":5,"8":5,"9":7,"10":7,"11":7,"12":7,"13":7,"14":7,"15":7,"16":0,"17":0,"18":5,"19":0,"20":5,"21":5,"22":5,"23":5,"24":5,"25":5,"26":5,"27":2,"28":2,"29":2,"30":2,"31":2,"32":2,"33":2,"34":1,"35":1,"36":1,"37":1,"38":1,"39":1,"40":0,"41":1,"42":1,"43":1,"44":1,"45":1,"46":1,"47":1,"48":14,"49":14,"50":14,"51":14,"52":14,"53":14,"54":3,"55":0,"56":0,"57":0,"58":11,"59":0},"f":{"0":5,"1":5,"2":5,"3":5,"4":7,"5":7,"6":7,"7":0,"8":2,"9":1,"10":1,"11":1,"12":0,"13":1,"14":14,"15":0,"16":0,"17":0,"18":0},"b":{"0":[0,5],"1":[0,5],"2":[14,0],"3":[14,0],"4":[3,11],"5":[0,3],"6":[0,3],"7":[0,3],"8":[6,5]},"_coverageSchema":"332fd63041d2c1bcb487cc26dd0d5f7d97098a6c","hash":"88938eab992383bfaa920eb750cbd1085d890a7e"}
,"/Users/sooraj/Desktop/chainios/chainsidepay-merchant/src/components/Payment/Cancel/Styles.js": {"path":"/Users/sooraj/Desktop/chainios/chainsidepay-merchant/src/components/Payment/Cancel/Styles.js","statementMap":{"0":{"start":{"line":6,"column":26},"end":{"line":6,"column":50}},"1":{"start":{"line":8,"column":15},"end":{"line":128,"column":2}}},"fnMap":{},"branchMap":{},"s":{"0":1,"1":1},"f":{},"b":{},"_coverageSchema":"332fd63041d2c1bcb487cc26dd0d5f7d97098a6c","hash":"53b4efdc73c47d1f0895d453edffe008c46952d5"}
,"/Users/sooraj/Desktop/chainios/chainsidepay-merchant/src/components/Payment/Complete/Complete.js": {"path":"/Users/sooraj/Desktop/chainios/chainsidepay-merchant/src/components/Payment/Complete/Complete.js","statementMap":{"0":{"start":{"line":28,"column":19},"end":{"line":28,"column":43}},"1":{"start":{"line":47,"column":4},"end":{"line":47,"column":17}},"2":{"start":{"line":48,"column":4},"end":{"line":50,"column":6}},"3":{"start":{"line":55,"column":25},"end":{"line":55,"column":46}},"4":{"start":{"line":56,"column":4},"end":{"line":56,"column":53}},"5":{"start":{"line":60,"column":25},"end":{"line":60,"column":46}},"6":{"start":{"line":61,"column":4},"end":{"line":61,"column":44}},"7":{"start":{"line":66,"column":24},"end":{"line":71,"column":6}},"8":{"start":{"line":72,"column":4},"end":{"line":72,"column":48}},"9":{"start":{"line":77,"column":22},"end":{"line":77,"column":43}},"10":{"start":{"line":78,"column":4},"end":{"line":204,"column":5}},"11":{"start":{"line":79,"column":6},"end":{"line":143,"column":8}},"12":{"start":{"line":81,"column":22},"end":{"line":81,"column":43}},"13":{"start":{"line":83,"column":12},"end":{"line":83,"column":61}},"14":{"start":{"line":90,"column":36},"end":{"line":90,"column":59}},"15":{"start":{"line":91,"column":37},"end":{"line":91,"column":61}},"16":{"start":{"line":100,"column":24},"end":{"line":100,"column":45}},"17":{"start":{"line":117,"column":37},"end":{"line":117,"column":61}},"18":{"start":{"line":125,"column":46},"end":{"line":125,"column":70}},"19":{"start":{"line":131,"column":31},"end":{"line":131,"column":46}},"20":{"start":{"line":145,"column":6},"end":{"line":203,"column":8}},"21":{"start":{"line":150,"column":36},"end":{"line":150,"column":59}},"22":{"start":{"line":151,"column":37},"end":{"line":151,"column":61}},"23":{"start":{"line":172,"column":35},"end":{"line":172,"column":59}},"24":{"start":{"line":180,"column":44},"end":{"line":180,"column":68}},"25":{"start":{"line":189,"column":33},"end":{"line":189,"column":48}}},"fnMap":{"0":{"name":"(anonymous_0)","decl":{"start":{"line":46,"column":2},"end":{"line":46,"column":3}},"loc":{"start":{"line":46,"column":21},"end":{"line":51,"column":3}},"line":46},"1":{"name":"(anonymous_1)","decl":{"start":{"line":54,"column":2},"end":{"line":54,"column":3}},"loc":{"start":{"line":54,"column":21},"end":{"line":57,"column":3}},"line":54},"2":{"name":"(anonymous_2)","decl":{"start":{"line":59,"column":2},"end":{"line":59,"column":3}},"loc":{"start":{"line":59,"column":22},"end":{"line":62,"column":3}},"line":59},"3":{"name":"(anonymous_3)","decl":{"start":{"line":65,"column":2},"end":{"line":65,"column":3}},"loc":{"start":{"line":65,"column":13},"end":{"line":73,"column":3}},"line":65},"4":{"name":"(anonymous_4)","decl":{"start":{"line":76,"column":2},"end":{"line":76,"column":3}},"loc":{"start":{"line":76,"column":11},"end":{"line":205,"column":3}},"line":76},"5":{"name":"(anonymous_5)","decl":{"start":{"line":81,"column":15},"end":{"line":81,"column":16}},"loc":{"start":{"line":81,"column":22},"end":{"line":81,"column":43}},"line":81},"6":{"name":"(anonymous_6)","decl":{"start":{"line":82,"column":31},"end":{"line":82,"column":32}},"loc":{"start":{"line":82,"column":62},"end":{"line":84,"column":11}},"line":82},"7":{"name":"(anonymous_7)","decl":{"start":{"line":90,"column":30},"end":{"line":90,"column":31}},"loc":{"start":{"line":90,"column":36},"end":{"line":90,"column":59}},"line":90},"8":{"name":"(anonymous_8)","decl":{"start":{"line":91,"column":31},"end":{"line":91,"column":32}},"loc":{"start":{"line":91,"column":37},"end":{"line":91,"column":61}},"line":91},"9":{"name":"(anonymous_9)","decl":{"start":{"line":100,"column":17},"end":{"line":100,"column":18}},"loc":{"start":{"line":100,"column":24},"end":{"line":100,"column":45}},"line":100},"10":{"name":"(anonymous_10)","decl":{"start":{"line":117,"column":31},"end":{"line":117,"column":32}},"loc":{"start":{"line":117,"column":37},"end":{"line":117,"column":61}},"line":117},"11":{"name":"(anonymous_11)","decl":{"start":{"line":125,"column":40},"end":{"line":125,"column":41}},"loc":{"start":{"line":125,"column":46},"end":{"lin
[...]
t":{"line":76,"column":6},"end":{"line":76,"column":67}},"type":"if","locations":[{"start":{"line":76,"column":6},"end":{"line":76,"column":67}},{"start":{"line":76,"column":6},"end":{"line":76,"column":67}}],"line":76},"11":{"loc":{"start":{"line":80,"column":4},"end":{"line":82,"column":5}},"type":"if","locations":[{"start":{"line":80,"column":4},"end":{"line":82,"column":5}},{"start":{"line":80,"column":4},"end":{"line":82,"column":5}}],"line":80},"12":{"loc":{"start":{"line":86,"column":4},"end":{"line":88,"column":5}},"type":"if","locations":[{"start":{"line":86,"column":4},"end":{"line":88,"column":5}},{"start":{"line":86,"column":4},"end":{"line":88,"column":5}}],"line":86},"13":{"loc":{"start":{"line":96,"column":14},"end":{"line":96,"column":52}},"type":"cond-expr","locations":[{"start":{"line":96,"column":29},"end":{"line":96,"column":42}},{"start":{"line":96,"column":45},"end":{"line":96,"column":52}}],"line":96},"14":{"loc":{"start":{"line":97,"column":14},"end":{"line":97,"column":52}},"type":"cond-expr","locations":[{"start":{"line":97,"column":29},"end":{"line":97,"column":42}},{"start":{"line":97,"column":45},"end":{"line":97,"column":52}}],"line":97},"15":{"loc":{"start":{"line":98,"column":12},"end":{"line":98,"column":44}},"type":"cond-expr","locations":[{"start":{"line":98,"column":25},"end":{"line":98,"column":36}},{"start":{"line":98,"column":39},"end":{"line":98,"column":44}}],"line":98},"16":{"loc":{"start":{"line":100,"column":12},"end":{"line":100,"column":45}},"type":"cond-expr","locations":[{"start":{"line":100,"column":29},"end":{"line":100,"column":31}},{"start":{"line":100,"column":34},"end":{"line":100,"column":45}}],"line":100}},"s":{"0":1,"1":3,"2":3,"3":3,"4":3,"5":3,"6":3,"7":3,"8":11,"9":0,"10":0,"11":0,"12":3,"13":3,"14":3,"15":3,"16":3,"17":3,"18":0,"19":3,"20":3,"21":3,"22":3,"23":0,"24":3,"25":3,"26":0,"27":0,"28":0,"29":3,"30":0,"31":14,"32":0,"33":14,"34":14,"35":14,"36":14,"37":14,"38":14,"39":14,"40":14,"41":14,"42":14,"43":14,"44":1,"45":1},"f":{"0":3,"1":3,"2":11,"3":0,"4":3,"5":14,"6":14},"b":{"0":[1,0],"1":[0,11],"2":[11,0,0],"3":[0,3],"4":[0,3],"5":[3,0],"6":[3,0],"7":[0,3],"8":[0,3],"9":[0,3],"10":[0,0],"11":[0,3],"12":[0,14],"13":[0,14],"14":[14,0],"15":[14,0],"16":[14,0]},"_coverageSchema":"332fd63041d2c1bcb487cc26dd0d5f7d97098a6c","hash":"3c2e93b43fce049456f42c8012745394fd1eb4a4"}
,"/Users/sooraj/Desktop/chainios/chainsidepay-merchant/src/components/Payment/TimeOut/Alert.js": {"path":"/Users/sooraj/Desktop/chainios/chainsidepay-merchant/src/components/Payment/TimeOut/Alert.js","statementMap":{"0":{"start":{"line":33,"column":26},"end":{"line":33,"column":50}},"1":{"start":{"line":34,"column":18},"end":{"line":34,"column":22}},"2":{"start":{"line":35,"column":24},"end":{"line":35,"column":29}},"3":{"start":{"line":36,"column":16},"end":{"line":36,"column":21}},"4":{"start":{"line":37,"column":20},"end":{"line":37,"column":58}},"5":{"start":{"line":38,"column":19},"end":{"line":38,"column":54}},"6":{"start":{"line":56,"column":4},"end":{"line":56,"column":17}},"7":{"start":{"line":57,"column":4},"end":{"line":59,"column":6}},"8":{"start":{"line":63,"column":4},"end":{"line":66,"column":7}},"9":{"start":{"line":64,"column":29},"end":{"line":64,"column":55}},"10":{"start":{"line":65,"column":6},"end":{"line":65,"column":54}},"11":{"start":{"line":70,"column":25},"end":{"line":70,"column":46}},"12":{"start":{"line":71,"column":4},"end":{"line":71,"column":53}},"13":{"start":{"line":75,"column":25},"end":{"line":75,"column":46}},"14":{"start":{"line":76,"column":4},"end":{"line":76,"column":44}},"15":{"start":{"line":81,"column":24},"end":{"line":86,"column":6}},"16":{"start":{"line":87,"column":4},"end":{"line":87,"column":48}},"17":{"start":{"line":92,"column":28},"end":{"line":92,"column":61}},"18":{"start":{"line":93,"column":22},"end":{"line":93,"column":60}},"19":{"start":{"line":94,"column":25},"end":{"line":94,"column":160}},"20":{"start":{"line":95,"column":28},"end":{"line":95,"column":179}},"21":{"start":{"line":96,"column":4},"end":{"line":115,"column":6}}},"fnMap":{"0":{"name":"(anonymous_0)","decl":{"start":{"line":55,"column":2},"end":{"line":55,"column":3}},"loc":{"start":{"line":55,"column":21},"end":{"line":60,"column":3}},"line":55},"1":{"name":"(anonymous_1)","decl":{"start":{"line":62,"column":2},"end":{"line":62,"column":3}},"loc":{"start":{"line":62,"column":23},"end":{"line":67,"column":3}},"line":62},"2":{"name":"(anonymous_2)","decl":{"start":{"line":63,"column":24},"end":{"line":63,"column":25}},"loc":{"start":{"line":63,"column":37},"end":{"line":66,"column":5}},"line":63},"3":{"name":"(anonymous_3)","decl":{"start":{"line":69,"column":2},"end":{"line":69,"column":3}},"loc":{"start":{"line":69,"column":21},"end":{"line":72,"column":3}},"line":69},"4":{"name":"(anonymous_4)","decl":{"start":{"line":74,"column":2},"end":{"line":74,"column":3}},"loc":{"start":{"line":74,"column":22},"end":{"line":77,"column":3}},"line":74},"5":{"name":"(anonymous_5)","decl":{"start":{"line":80,"column":2},"end":{"line":80,"column":3}},"loc":{"start":{"line":80,"column":13},"end":{"line":88,"column":3}},"line":80},"6":{"name":"(anonymous_6)","decl":{"start":{"line":91,"column":2},"end":{"line":91,"column":3}},"loc":{"start":{"line":91,"column":11},"end":{"line":116,"column":3}},"line":91}},"branchMap":{"0":{"loc":{"start":{"line":94,"column":25},"end":{"line":94,"column":160}},"type":"cond-expr","locations":[{"start":{"line":94,"column":57},"end":{"line":94,"column":107}},{"start":{"line":94,"column":110},"end":{"line":94,"column":160}}],"line":94},"1":{"loc":{"start":{"line":95,"column":28},"end":{"line":95,"column":179}},"type":"cond-expr","locations":[{"start":{"line":95,"column":60},"end":{"line":95,"column":118}},{"start":{"line":95,"column":121},"end":{"line":95,"column":179}}],"line":95}},"s":{"0":1,"1":1,"2":1,"3":1,"4":1,"5":1,"6":1,"7":1,"8":1,"9":0,"10":0,"11":0,"12":0,"13":0,"14":0,"15":0,"16":0,"17":1,"18":1,"19":1,"20":1,"21":1},"f":{"0":1,"1":1,"2":0,"3":0,"4":0,"5":0,"6":1},"b":{"0":[1,0],"1":[1,0]},"_coverageSchema":"332fd63041d2c1bcb487cc26dd0d5f7d97098a6c","hash":"59ab630fae66279a338dd7a555c72cd430bb5727"}
,"/Users/sooraj/Desktop/chainios/chainsidepay-merchant/src/components/Payment/TimeOut/AlertCustomStyles.js": {"path":"/Users/sooraj/Desktop/chainios/chainsidepay-merchant/src/components/Payment/TimeOut/AlertCustomStyles.js","statementMap":{"0":{"start":{"line":6,"column":26},"end":{"line":6,"column":50}},"1":{"start":{"line":8,"column":15},"end":{"line":46,"column":2}}},"fnMap":{},"branchMap":{},"s":{"0":1,"1":1},"f":{},"b":{},"_coverageSchema":"332fd63041d2c1bcb487cc26dd0d5f7d97098a6c","hash":"45feb733cda88bdfcfd195894ec165c534d0ebb0"}
,"/Users/sooraj/Desktop/chainios/chainsidepay-merchant/src/components/Payment/TimeOut/Styles.js": {"path":"/Users/sooraj/Desktop/chainios/chainsidepay-merchant/src/components/Payment/TimeOut/Styles.js","statementMap":{"0":{"start":{"line":6,"column":26},"end":{"line":6,"column":50}},"1":{"start":{"line":8,"column":15},"end":{"line":116,"column":2}}},"fnMap":{},"branchMap":{},"s":{"0":2,"1":2},"f":{},"b":{},"_coverageSchema":"332fd63041d2c1bcb487cc26dd0d5f7d97098a6c","hash":"8537b59b76bd9d6b77b1ded9226433a778667918"}
,"/Users/sooraj/Desktop/chainios/chainsidepay-merchant/src/components/Payment/TimeOut/TimeOut.js": {"path":"/Users/sooraj/Desktop/chainios/chainsidepay-merchant/src/components/Payment/TimeOut/TimeOut.js","statementMap":{"0":{"start":{"line":26,"column":18},"end":{"line":26,"column":22}},"1":{"start":{"line":27,"column":21},"end":{"line":27,"column":59}},"2":{"start":{"line":45,"column":25},"end":{"line":45,"column":46}},"3":{"start":{"line":46,"column":4},"end":{"line":46,"column":53}},"4":{"start":{"line":50,"column":25},"end":{"line":50,"column":46}},"5":{"start":{"line":51,"column":4},"end":{"line":51,"column":44}},"6":{"start":{"line":56,"column":24},"end":{"line":61,"column":6}},"7":{"start":{"line":62,"column":4},"end":{"line":62,"column":48}},"8":{"start":{"line":67,"column":22},"end":{"line":67,"column":43}},"9":{"start":{"line":68,"column":4},"end":{"line":119,"column":6}},"10":{"start":{"line":73,"column":34},"end":{"line":73,"column":57}},"11":{"start":{"line":74,"column":35},"end":{"line":74,"column":59}},"12":{"start":{"line":99,"column":35},"end":{"line":99,"column":50}},"13":{"start":{"line":109,"column":25},"end":{"line":109,"column":40}}},"fnMap":{"0":{"name":"(anonymous_0)","decl":{"start":{"line":44,"column":2},"end":{"line":44,"column":3}},"loc":{"start":{"line":44,"column":21},"end":{"line":47,"column":3}},"line":44},"1":{"name":"(anonymous_1)","decl":{"start":{"line":49,"column":2},"end":{"line":49,"column":3}},"loc":{"start":{"line":49,"column":22},"end":{"line":52,"column":3}},"line":49},"2":{"name":"(anonymous_2)","decl":{"start":{"line":55,"column":2},"end":{"line":55,"column":3}},"loc":{"start":{"line":55,"column":13},"end":{"line":63,"column":3}},"line":55},"3":{"name":"(anonymous_3)","decl":{"start":{"line":66,"column":2},"end":{"line":66,"column":3}},"loc":{"start":{"line":66,"column":11},"end":{"line":120,"column":3}},"line":66},"4":{"name":"(anonymous_4)","decl":{"start":{"line":73,"column":28},"end":{"line":73,"column":29}},"loc":{"start":{"line":73,"column":34},"end":{"line":73,"column":57}},"line":73},"5":{"name":"(anonymous_5)","decl":{"start":{"line":74,"column":29},"end":{"line":74,"column":30}},"loc":{"start":{"line":74,"column":35},"end":{"line":74,"column":59}},"line":74},"6":{"name":"(anonymous_6)","decl":{"start":{"line":99,"column":29},"end":{"line":99,"column":30}},"loc":{"start":{"line":99,"column":35},"end":{"line":99,"column":50}},"line":99},"7":{"name":"(anonymous_7)","decl":{"start":{"line":109,"column":19},"end":{"line":109,"column":20}},"loc":{"start":{"line":109,"column":25},"end":{"line":109,"column":40}},"line":109}},"branchMap":{"0":{"loc":{"start":{"line":83,"column":21},"end":{"line":83,"column":100}},"type":"cond-expr","locations":[{"start":{"line":83,"column":46},"end":{"line":83,"column":76}},{"start":{"line":83,"column":79},"end":{"line":83,"column":100}}],"line":83},"1":{"loc":{"start":{"line":95,"column":10},"end":{"line":106,"column":20}},"type":"cond-expr","locations":[{"start":{"line":97,"column":12},"end":{"line":104,"column":19}},{"start":{"line":106,"column":12},"end":{"line":106,"column":20}}],"line":95}},"s":{"0":1,"1":1,"2":1,"3":1,"4":1,"5":1,"6":1,"7":1,"8":2,"9":2,"10":0,"11":0,"12":0,"13":0},"f":{"0":1,"1":1,"2":1,"3":2,"4":0,"5":0,"6":0,"7":0},"b":{"0":[1,1],"1":[1,1]},"_coverageSchema":"332fd63041d2c1bcb487cc26dd0d5f7d97098a6c","hash":"91dc707ff3b1defde6694e1a027fc8bcc56151c2"}
,"/Users/sooraj/Desktop/chainios/chainsidepay-merchant/src/config/ApiConfig.js": {"path":"/Users/sooraj/Desktop/chainios/chainsidepay-merchant/src/config/ApiConfig.js","statementMap":{"0":{"start":{"line":1,"column":16},"end":{"line":1,"column":89}},"1":{"start":{"line":3,"column":24},"end":{"line":3,"column":47}},"2":{"start":{"line":4,"column":33},"end":{"line":4,"column":59}},"3":{"start":{"line":5,"column":31},"end":{"line":5,"column":56}},"4":{"start":{"line":6,"column":27},"end":{"line":6,"column":48}},"5":{"start":{"line":7,"column":45},"end":{"line":7,"column":65}},"6":{"start":{"line":8,"column":32},"end":{"line":8,"column":52}},"7":{"start":{"line":9,"column":32},"end":{"line":9,"column":62}},"8":{"start":{"line":10,"column":30},"end":{"line":10,"column":47}},"9":{"start":{"line":11,"column":31},"end":{"line":11,"column":54}},"10":{"start":{"line":12,"column":23},"end":{"line":12,"column":51}},"11":{"start":{"line":13,"column":24},"end":{"line":13,"column":52}},"12":{"start":{"line":14,"column":35},"end":{"line":14,"column":63}},"13":{"start":{"line":16,"column":34},"end":{"line":16,"column":37}},"14":{"start":{"line":17,"column":36},"end":{"line":17,"column":39}},"15":{"start":{"line":18,"column":36},"end":{"line":18,"column":39}},"16":{"start":{"line":19,"column":26},"end":{"line":19,"column":41}}},"fnMap":{},"branchMap":{},"s":{"0":5,"1":5,"2":5,"3":5,"4":5,"5":5,"6":5,"7":5,"8":5,"9":5,"10":5,"11":5,"12":5,"13":5,"14":5,"15":5,"16":5},"f":{},"b":{},"_coverageSchema":"332fd63041d2c1bcb487cc26dd0d5f7d97098a6c","hash":"8fd8f4aafad50a079518fa07508efe0a80551ecf"}
,"/Users/sooraj/Desktop/chainios/chainsidepay-merchant/src/config/Common.js": {"path":"/Users/sooraj/Desktop/chainios/chainsidepay-merchant/src/config/Common.js","statementMap":{"0":{"start":{"line":8,"column":18},"end":{"line":8,"column":20}},"1":{"start":{"line":9,"column":19},"end":{"line":9,"column":21}},"2":{"start":{"line":10,"column":20},"end":{"line":10,"column":25}},"3":{"start":{"line":11,"column":17},"end":{"line":11,"column":23}},"4":{"start":{"line":13,"column":11},"end":{"line":13,"column":13}},"5":{"start":{"line":17,"column":2},"end":{"line":17,"column":20}},"6":{"start":{"line":21,"column":2},"end":{"line":21,"column":24}},"7":{"start":{"line":25,"column":2},"end":{"line":25,"column":23}},"8":{"start":{"line":29,"column":2},"end":{"line":29,"column":20}},"9":{"start":{"line":33,"column":2},"end":{"line":33,"column":12}},"10":{"start":{"line":37,"column":2},"end":{"line":41,"column":3}},"11":{"start":{"line":38,"column":4},"end":{"line":38,"column":16}},"12":{"start":{"line":40,"column":4},"end":{"line":40,"column":17}},"13":{"start":{"line":45,"column":2},"end":{"line":45,"column":45}},"14":{"start":{"line":49,"column":2},"end":{"line":53,"column":5}},"15":{"start":{"line":50,"column":4},"end":{"line":50,"column":20}},"16":{"start":{"line":52,"column":4},"end":{"line":52,"column":23}},"17":{"start":{"line":57,"column":2},"end":{"line":57,"column":46}},"18":{"start":{"line":61,"column":2},"end":{"line":65,"column":5}},"19":{"start":{"line":62,"column":4},"end":{"line":62,"column":20}},"20":{"start":{"line":64,"column":4},"end":{"line":64,"column":23}},"21":{"start":{"line":70,"column":2},"end":{"line":95,"column":5}},"22":{"start":{"line":71,"column":4},"end":{"line":94,"column":5}},"23":{"start":{"line":82,"column":6},"end":{"line":82,"column":29}},"24":{"start":{"line":85,"column":4},"end":{"line":90,"column":5}},"25":{"start":{"line":86,"column":6},"end":{"line":86,"column":46}},"26":{"start":{"line":87,"column":6},"end":{"line":87,"column":34}},"27":{"start":{"line":88,"column":6},"end":{"line":88,"column":48}},"28":{"start":{"line":89,"column":6},"end":{"line":89,"column":36}},"29":{"start":{"line":91,"column":4},"end":{"line":91,"column":23}},"30":{"start":{"line":93,"column":4},"end":{"line":93,"column":33}}},"fnMap":{"0":{"name":"screenNameSetter","decl":{"start":{"line":16,"column":16},"end":{"line":16,"column":32}},"loc":{"start":{"line":16,"column":39},"end":{"line":18,"column":1}},"line":16},"1":{"name":"feedbackSetter","decl":{"start":{"line":20,"column":16},"end":{"line":20,"column":30}},"loc":{"start":{"line":20,"column":38},"end":{"line":22,"column":1}},"line":20},"2":{"name":"feedbackGetter","decl":{"start":{"line":24,"column":16},"end":{"line":24,"column":30}},"loc":{"start":{"line":24,"column":33},"end":{"line":26,"column":1}},"line":24},"3":{"name":"screenNameChecker","decl":{"start":{"line":28,"column":16},"end":{"line":28,"column":33}},"loc":{"start":{"line":28,"column":36},"end":{"line":30,"column":1}},"line":28},"4":{"name":"uuidSetter","decl":{"start":{"line":32,"column":16},"end":{"line":32,"column":26}},"loc":{"start":{"line":32,"column":31},"end":{"line":34,"column":1}},"line":32},"5":{"name":"uuidChecker","decl":{"start":{"line":36,"column":16},"end":{"line":36,"column":27}},"loc":{"start":{"line":36,"column":32},"end":{"line":42,"column":1}},"line":36},"6":{"name":"setAccessToken","decl":{"start":{"line":44,"column":16},"end":{"line":44,"column":30}},"loc":{"start":{"line":44,"column":38},"end":{"line":46,"column":1}},"line":44},"7":{"name":"getAccessToken","decl":{"start":{"line":48,"column":16},"end":{"line":48,"column":30}},"loc":{"start":{"line":48,"column":33},"end":{"line":54,"column":1}},"line":48},"8":{"name":"(anonymous_8)","decl":{"start":{"line":49,"column":50},"end":{"line":49,"column":51}},"loc":{"start":{"line":49,"column":64},"end":{"line":51,"column":3}},"line":49},"9":{"name":"(anonymous_9)","decl":{"start":{"line":51,"column":5},"end":{"line":51,"column":6}},"loc":{"start":{"line":51,"column":16},"end":{"line":53,"column":3}},"line":51},"10":{"name":"setRefreshToken","decl":{"start":{"line":56,"column":16},"end":{"line":56,"column":31}},"loc":{"start":{"line":56,"column":39},"end":{"line":58,"column":1}},"line":56},"11":{"name":"getRefreshToken","decl":{"start":{"line":60,"column":16},"end":{"line":60,"column":31}},"loc":{"start":{"line":60,"column":34},"end":{"line":66,"column":1}},"line":60},"12":{"name":"(anonymous_12)","decl":{"start":{"line":61,"column":51},"end":{"line":61,"column":52}},"loc":{"start":{"line":61,"column":65},"end":{"line":63,"column":3}},"line":61},"13":{"name":"(anonymous_13)","decl":{"start":{"line":63,"column":5},"end":{"line":63,"column":6}},"loc":{"start":{"line":63,"column":16},"end":{"line":65,"column":3}},"line":63},"14":{"name":"requestNewToken","decl":{"start":{"line":69,"column":16},"end":{"line":69,"column":31}},"loc":{"start":{"line":69,"column":34},"end":{"line":96,"column":1}},"line":69},"15":{"name":"(anonymous_15)","decl":{"start":{"line":70,"column":32},"end":{"line":70,"column":33}},"loc":{"start":{"line":70,"column":41},"end":{"line":95,"column":3}},"line":70},"16":{"name":"(anonymous_16)","decl":{"start":{"line":81,"column":12},"end":{"line":81,"column":13}},"loc":{"start":{"line":81,"column":31},"end":{"line":83,"column":5}},"line":81},"17":{"name":"(anonymous_17)","decl":{"start":{"line":84,"column":8},"end":{"line":84,"column":9}},"loc":{"start":{"line":84,"column":26},"end":{"line":92,"column":3}},"line":84},"18":{"name":"(anonymous_18)","decl":{"start":{"line":92,"column":11},"end":{"line":92,"column":12}},"loc":{"start":{"line":92,"column":18},"end":{"line":94,"column":3}},"line":92}},"branchMap":{"0":{"loc":{"start":{"line":37,"column":2},"end":{"line":41,"column":3}},"type":"if","locations":[{"start":{"line":37,"column":2},"end":{"line":41,"column":3}},{"start":{"line":37,"column":2},"end":{"line":41,"column":3}}],"line":37},"1":{"loc":{"start":{"line":85,"column":4},"end":{"line":90,"column":5}},"type":"if","locations":[{"start":{"line":85,"column":4},"end":{"line":90,"column":5}},{"start":{"line":85,"column":4},"end":{"line":90,"column":5}}],"line":85}},"s":{"0":4,"1":4,"2":4,"3":4,"4":4,"5":0,"6":0,"7":0,"8":0,"9":5,"10":0,"11":0,"12":0,"13":0,"14":28,"15":14,"16":0,"17":0,"18":1,"19":1,"20":0,"21":1,"22":1,"23":1,"24":0,"25":0,"26":0,"27":0,"28":0,"29":0,"30":1},"f":{"0":0,"1":0,"2":0,"3":0,"4":5,"5":0,"6":0,"7":28,"8":14,"9":0,"10":0,"11":1,"12":1,"13":0,"14":1,"15":1,"16":1,"17":0,"18":1},"b":{"0":[0,0],"1":[0,0]},"_coverageSchema":"332fd63041d2c1bcb487cc26dd0d5f7d97098a6c","hash":"61fa51796459c15fe1e806479cb078cd2b29a48c"}
,"/Users/sooraj/Desktop/chainios/chainsidepay-merchant/src/config/FirebaseConfig.js": {"path":"/Users/sooraj/Desktop/chainios/chainsidepay-merchant/src/config/FirebaseConfig.js","statementMap":{"0":{"start":{"line":3,"column":23},"end":{"line":5,"column":1}},"1":{"start":{"line":7,"column":27},"end":{"line":7,"column":65}}},"fnMap":{},"branchMap":{},"s":{"0":1,"1":1},"f":{},"b":{},"_coverageSchema":"332fd63041d2c1bcb487cc26dd0d5f7d97098a6c","hash":"bdeab97d97d1b3216c50e9b4ca907e943a440158"}
,"/Users/sooraj/Desktop/chainios/chainsidepay-merchant/src/config/Locale.js": {"path":"/Users/sooraj/Desktop/chainios/chainsidepay-merchant/src/config/Locale.js","statementMap":{"0":{"start":{"line":3,"column":0},"end":{"line":3,"column":29}},"1":{"start":{"line":4,"column":0},"end":{"line":4,"column":22}},"2":{"start":{"line":6,"column":0},"end":{"line":333,"column":2}}},"fnMap":{},"branchMap":{},"s":{"0":10,"1":10,"2":10},"f":{},"b":{},"_coverageSchema":"332fd63041d2c1bcb487cc26dd0d5f7d97098a6c","hash":"76e7fbc4e338be40f96c99491de40d882968eb6f"}
}
