TN:
SF:/Users/sooraj/Desktop/chainios/chainsidepay-merchant/src/assets/buttondisabled.png
FNF:0
FNH:0
DA:1,7
LF:1
LH:1
BRF:0
BRH:0
end_of_record
TN:
SF:/Users/sooraj/Desktop/chainios/chainsidepay-merchant/src/assets/header.png
FNF:0
FNH:0
DA:1,8
LF:1
LH:1
BRF:0
BRH:0
end_of_record
TN:
SF:/Users/sooraj/Desktop/chainios/chainsidepay-merchant/src/assets/loading.png
FNF:0
FNH:0
DA:1,1
LF:1
LH:1
BRF:0
BRH:0
end_of_record
TN:
SF:/Users/sooraj/Desktop/chainios/chainsidepay-merchant/src/assets/nfc-logo.png
FNF:0
FNH:0
DA:1,1
LF:1
LH:1
BRF:0
BRH:0
end_of_record
TN:
SF:/Users/sooraj/Desktop/chainios/chainsidepay-merchant/src/assets/pos-setup.png
FNF:0
FNH:0
DA:1,1
LF:1
LH:1
BRF:0
BRH:0
end_of_record
TN:
SF:/Users/sooraj/Desktop/chainios/chainsidepay-merchant/src/assets/timeout.png
FNF:0
FNH:0
DA:1,1
LF:1
LH:1
BRF:0
BRH:0
end_of_record
TN:
SF:/Users/sooraj/Desktop/chainios/chainsidepay-merchant/src/components/Button/Button.js
FN:17,(anonymous_0)
FNF:1
FNH:1
FNDA:38,(anonymous_0)
DA:10,7
DA:11,7
DA:18,38
LF:3
LH:3
BRDA:21,0,0,0
BRDA:21,0,1,38
BRF:2
BRH:1
end_of_record
TN:
SF:/Users/sooraj/Desktop/chainios/chainsidepay-merchant/src/components/FeedBack/FeedBack.js
FN:44,(anonymous_0)
FN:52,(anonymous_1)
FN:57,(anonymous_2)
FN:68,(anonymous_3)
FN:81,(anonymous_4)
FN:84,(anonymous_5)
FN:86,(anonymous_6)
FN:107,(anonymous_7)
FN:120,(anonymous_8)
FN:133,(anonymous_9)
FN:136,(anonymous_10)
FN:138,(anonymous_11)
FN:159,(anonymous_12)
FN:171,(anonymous_13)
FN:176,(anonymous_14)
FN:187,(anonymous_15)
FN:193,(anonymous_16)
FN:208,(anonymous_17)
FN:216,(anonymous_18)
FN:216,(anonymous_19)
FN:216,(anonymous_20)
FN:216,(anonymous_21)
FN:246,(anonymous_22)
FNF:23
FNH:14
FNDA:13,(anonymous_0)
FNDA:1,(anonymous_1)
FNDA:1,(anonymous_2)
FNDA:5,(anonymous_3)
FNDA:5,(anonymous_4)
FNDA:5,(anonymous_5)
FNDA:0,(anonymous_6)
FNDA:1,(anonymous_7)
FNDA:3,(anonymous_8)
FNDA:3,(anonymous_9)
FNDA:3,(anonymous_10)
FNDA:0,(anonymous_11)
FNDA:1,(anonymous_12)
FNDA:1,(anonymous_13)
FNDA:3,(anonymous_14)
FNDA:25,(anonymous_15)
FNDA:0,(anonymous_16)
FNDA:0,(anonymous_17)
FNDA:0,(anonymous_18)
FNDA:0,(anonymous_19)
FNDA:0,(anonymous_20)
FNDA:0,(anonymous_21)
FNDA:0,(anonymous_22)
DA:26,1
DA:45,13
DA:46,13
DA:53,1
DA:54,1
DA:58,1
DA:59,1
DA:65,1
DA:69,5
DA:70,5
DA:71,5
DA:82,5
DA:85,5
DA:86,1
DA:88,3
DA:89,3
DA:90,1
DA:91,1
DA:92,1
DA:93,1
DA:94,1
DA:95,1
DA:96,1
DA:97,2
DA:98,2
DA:99,2
DA:100,2
DA:101,2
DA:102,2
DA:103,2
DA:104,2
DA:108,1
DA:109,1
DA:110,1
DA:111,1
DA:112,1
DA:113,1
DA:114,1
DA:121,3
DA:122,3
DA:123,3
DA:134,3
DA:137,3
DA:138,0
DA:140,2
DA:141,2
DA:142,1
DA:143,1
DA:144,1
DA:145,1
DA:146,1
DA:147,1
DA:148,1
DA:149,1
DA:150,1
DA:151,1
DA:152,1
DA:153,1
DA:154,1
DA:155,1
DA:156,1
DA:160,1
DA:161,1
DA:162,1
DA:163,1
DA:164,1
DA:165,1
DA:166,1
DA:172,1
DA:177,3
DA:178,3
DA:179,3
DA:180,3
DA:181,3
DA:182,3
DA:183,3
DA:188,25
DA:189,25
DA:193,0
DA:208,0
DA:216,0
DA:246,0
LF:82
LH:77
BRDA:85,0,0,1
BRDA:85,0,1,3
BRDA:89,1,0,1
BRDA:89,1,1,2
BRDA:89,2,0,3
BRDA:89,2,1,3
BRDA:97,3,0,2
BRDA:97,3,1,0
BRDA:97,4,0,2
BRDA:97,4,1,2
BRDA:137,5,0,0
BRDA:137,5,1,2
BRDA:141,6,0,1
BRDA:141,6,1,1
BRDA:141,7,0,2
BRDA:141,7,1,2
BRDA:149,8,0,1
BRDA:149,8,1,0
BRDA:149,9,0,1
BRDA:149,9,1,1
BRDA:196,10,0,25
BRDA:196,10,1,0
BRDA:196,11,0,25
BRDA:196,11,1,25
BRDA:203,12,0,25
BRDA:203,12,1,0
BRDA:209,13,0,25
BRDA:209,13,1,0
BRDA:216,14,0,25
BRDA:216,14,1,0
BRDA:217,15,0,1
BRDA:217,15,1,24
BRDA:218,16,0,1
BRDA:218,16,1,24
BRDA:226,17,0,25
BRDA:226,17,1,0
BRDA:238,18,0,10
BRDA:238,18,1,15
BRF:38
BRH:30
end_of_record
TN:
SF:/Users/sooraj/Desktop/chainios/chainsidepay-merchant/src/components/FeedBack/Styles.js
FNF:0
FNH:0
DA:6,1
DA:8,1
LF:2
LH:2
BRF:0
BRH:0
end_of_record
TN:
SF:/Users/sooraj/Desktop/chainios/chainsidepay-merchant/src/components/Header/Header.js
FN:36,(anonymous_0)
FN:41,(anonymous_1)
FN:59,(anonymous_2)
FN:69,(anonymous_3)
FNF:4
FNH:1
FNDA:23,(anonymous_0)
FNDA:0,(anonymous_1)
FNDA:0,(anonymous_2)
FNDA:0,(anonymous_3)
DA:18,5
DA:37,23
DA:41,0
DA:59,0
DA:69,0
LF:5
LH:2
BRDA:38,0,0,2
BRDA:38,0,1,21
BRDA:49,1,0,1
BRDA:49,1,1,22
BRDA:64,2,0,21
BRDA:64,2,1,2
BRDA:74,3,0,21
BRDA:74,3,1,2
BRF:8
BRH:8
end_of_record
TN:
SF:/Users/sooraj/Desktop/chainios/chainsidepay-merchant/src/components/Header/HeaderStyles.js
FNF:0
FNH:0
DA:6,6
DA:8,6
LF:2
LH:2
BRF:0
BRH:0
end_of_record
TN:
SF:/Users/sooraj/Desktop/chainios/chainsidepay-merchant/src/components/Header/HeaderWithTitle.js
FN:32,(anonymous_0)
FN:37,(anonymous_1)
FNF:2
FNH:1
FNDA:25,(anonymous_0)
FNDA:0,(anonymous_1)
DA:18,1
DA:33,25
DA:37,0
LF:3
LH:2
BRDA:34,0,0,0
BRDA:34,0,1,25
BRDA:44,1,0,25
BRDA:44,1,1,0
BRF:4
BRH:2
end_of_record
TN:
SF:/Users/sooraj/Desktop/chainios/chainsidepay-merchant/src/components/Home/Accounting.js
FN:12,(anonymous_0)
FN:56,isString
FN:64,isArray
FN:71,isObject
FN:80,defaults
FN:100,map
FN:118,checkPrecision
FN:133,checkCurrencyFormat
FN:179,(anonymous_8)
FN:182,(anonymous_9)
FN:216,(anonymous_10)
FN:232,(anonymous_11)
FN:235,(anonymous_12)
FN:277,(anonymous_13)
FN:280,(anonymous_14)
FN:323,(anonymous_15)
FN:348,(anonymous_16)
FN:368,(anonymous_17)
FN:390,(anonymous_18)
FN:397,(anonymous_19)
FN:398,(anonymous_20)
FNF:21
FNH:11
FNDA:5,(anonymous_0)
FNDA:90,isString
FNDA:581,isArray
FNDA:180,isObject
FNDA:180,defaults
FNDA:0,map
FNDA:401,checkPrecision
FNDA:90,checkCurrencyFormat
FNDA:401,(anonymous_8)
FNDA:0,(anonymous_9)
FNDA:221,(anonymous_10)
FNDA:90,(anonymous_11)
FNDA:0,(anonymous_12)
FNDA:90,(anonymous_13)
FNDA:0,(anonymous_14)
FNDA:0,(anonymous_15)
FNDA:0,(anonymous_16)
FNDA:0,(anonymous_17)
FNDA:0,(anonymous_18)
FNDA:0,(anonymous_19)
FNDA:0,(anonymous_20)
DA:12,5
DA:17,5
DA:20,5
DA:27,5
DA:48,5
DA:49,5
DA:50,5
DA:57,90
DA:65,581
DA:72,180
DA:82,180
DA:83,180
DA:85,180
DA:86,900
DA:88,900
DA:91,180
DA:101,0
DA:103,0
DA:106,0
DA:109,0
DA:110,0
DA:112,0
DA:119,401
DA:120,401
DA:134,90
DA:137,90
DA:140,90
DA:143,90
DA:150,0
DA:153,0
DA:161,0
DA:179,5
DA:181,401
DA:182,0
DA:183,0
DA:188,401
DA:191,401
DA:194,41
DA:197,41
DA:198,41
DA:206,41
DA:216,5
DA:217,221
DA:218,221
DA:221,221
DA:232,5
DA:234,90
DA:235,0
DA:236,0
DA:241,90
DA:244,90
DA:254,90
DA:257,90
DA:258,90
DA:259,90
DA:262,90
DA:277,5
DA:279,90
DA:280,0
DA:281,0
DA:286,90
DA:289,90
DA:301,90
DA:304,90
DA:307,90
DA:323,5
DA:324,0
DA:327,0
DA:339,0
DA:342,0
DA:345,0
DA:348,0
DA:349,0
DA:351,0
DA:354,0
DA:357,0
DA:360,0
DA:362,0
DA:363,0
DA:368,0
DA:370,0
DA:372,0
DA:374,0
DA:383,5
DA:384,5
DA:385,5
DA:387,5
DA:388,0
DA:390,0
DA:391,0
DA:397,0
DA:398,0
DA:400,0
DA:402,0
DA:404,0
DA:409,0
LF:96
LH:55
BRDA:57,0,0,90
BRDA:57,0,1,90
BRDA:57,0,2,90
BRDA:57,0,3,90
BRDA:65,1,0,581
BRDA:65,1,1,0
BRDA:72,2,0,180
BRDA:72,2,1,90
BRDA:82,3,0,180
BRDA:82,3,1,0
BRDA:83,4,0,180
BRDA:83,4,1,0
BRDA:86,5,0,900
BRDA:86,5,1,0
BRDA:88,6,0,270
BRDA:88,6,1,630
BRDA:103,7,0,0
BRDA:103,7,1,0
BRDA:106,8,0,0
BRDA:106,8,1,0
BRDA:106,9,0,0
BRDA:106,9,1,0
BRDA:120,10,0,0
BRDA:120,10,1,401
BRDA:137,11,0,0
BRDA:137,11,1,90
BRDA:140,12,0,90
BRDA:140,12,1,0
BRDA:140,13,0,90
BRDA:140,13,1,90
BRDA:150,14,0,0
BRDA:150,14,1,0
BRDA:150,15,0,0
BRDA:150,15,1,0
BRDA:150,15,2,0
BRDA:153,16,0,0
BRDA:153,16,1,0
BRDA:181,17,0,0
BRDA:181,17,1,401
BRDA:188,18,0,401
BRDA:188,18,1,152
BRDA:191,19,0,360
BRDA:191,19,1,41
BRDA:194,20,0,41
BRDA:194,20,1,41
BRDA:206,21,0,41
BRDA:206,21,1,0
BRDA:234,22,0,0
BRDA:234,22,1,90
BRDA:245,23,0,0
BRDA:245,23,1,90
BRDA:257,24,0,0
BRDA:257,24,1,90
BRDA:258,25,0,90
BRDA:258,25,1,38
BRDA:259,26,0,0
BRDA:259,26,1,90
BRDA:262,27,0,0
BRDA:262,27,1,90
BRDA:262,28,0,90
BRDA:262,28,1,0
BRDA:279,29,0,0
BRDA:279,29,1,90
BRDA:290,30,0,0
BRDA:290,30,1,90
BRDA:304,31,0,52
BRDA:304,31,1,38
BRDA:304,32,0,0
BRDA:304,32,1,38
BRDA:324,33,0,0
BRDA:324,33,1,0
BRDA:328,34,0,0
BRDA:328,34,1,0
BRDA:342,35,0,0
BRDA:342,35,1,0
BRDA:349,36,0,0
BRDA:349,36,1,0
BRDA:357,37,0,0
BRDA:357,37,1,0
BRDA:357,38,0,0
BRDA:357,38,1,0
BRDA:362,39,0,0
BRDA:362,39,1,0
BRDA:370,40,0,0
BRDA:370,40,1,0
BRDA:370,41,0,0
BRDA:370,41,1,0
BRDA:372,42,0,0
BRDA:372,42,1,0
BRDA:383,43,0,5
BRDA:383,43,1,0
BRDA:384,44,0,5
BRDA:384,44,1,0
BRDA:384,45,0,5
BRDA:384,45,1,5
BRDA:388,46,0,0
BRDA:388,46,1,0
BRDA:388,47,0,0
BRDA:388,47,1,0
BRF:99
BRH:42
end_of_record
TN:
SF:/Users/sooraj/Desktop/chainios/chainsidepay-merchant/src/components/OnBoarding/Alerts/Alert.js
FN:36,(anonymous_0)
FN:47,(anonymous_1)
FN:51,(anonymous_2)
FN:55,(anonymous_3)
FN:62,(anonymous_4)
FN:83,(anonymous_5)
FNF:6
FNH:2
FNDA:17,(anonymous_0)
FNDA:0,(anonymous_1)
FNDA:0,(anonymous_2)
FNDA:24,(anonymous_3)
FNDA:0,(anonymous_4)
FNDA:0,(anonymous_5)
DA:37,17
DA:39,17
DA:43,17
DA:44,17
DA:48,0
DA:52,0
DA:56,24
DA:57,24
DA:62,0
DA:83,0
LF:10
LH:6
BRDA:56,0,0,3
BRDA:56,0,1,21
BRF:2
BRH:2
end_of_record
TN:
SF:/Users/sooraj/Desktop/chainios/chainsidepay-merchant/src/components/OnBoarding/Alerts/ErrorStyles.js
FNF:0
FNH:0
DA:6,4
LF:1
LH:1
BRF:0
BRH:0
end_of_record
TN:
SF:/Users/sooraj/Desktop/chainios/chainsidepay-merchant/src/components/OnBoarding/Alerts/SucessStyles.js
FNF:0
FNH:0
DA:6,4
DA:8,4
LF:2
LH:2
BRF:0
BRH:0
end_of_record
TN:
SF:/Users/sooraj/Desktop/chainios/chainsidepay-merchant/src/components/OnBoarding/POSManual/POSManual.js
FN:49,(anonymous_0)
FN:58,(anonymous_1)
FN:63,(anonymous_2)
FN:67,(anonymous_3)
FN:77,(anonymous_4)
FN:79,(anonymous_5)
FN:83,(anonymous_6)
FN:100,(anonymous_7)
FN:104,(anonymous_8)
FN:108,(anonymous_9)
FN:109,(anonymous_10)
FN:109,(anonymous_11)
FN:112,(anonymous_12)
FN:129,(anonymous_13)
FN:133,(anonymous_14)
FN:144,(anonymous_15)
FN:151,(anonymous_16)
FN:155,(anonymous_17)
FN:158,(anonymous_18)
FN:180,(anonymous_19)
FN:188,(anonymous_20)
FN:195,(anonymous_21)
FN:210,(anonymous_22)
FNF:23
FNH:15
FNDA:10,(anonymous_0)
FNDA:1,(anonymous_1)
FNDA:1,(anonymous_2)
FNDA:1,(anonymous_3)
FNDA:3,(anonymous_4)
FNDA:3,(anonymous_5)
FNDA:0,(anonymous_6)
FNDA:2,(anonymous_7)
FNDA:2,(anonymous_8)
FNDA:2,(anonymous_9)
FNDA:2,(anonymous_10)
FNDA:0,(anonymous_11)
FNDA:2,(anonymous_12)
FNDA:1,(anonymous_13)
FNDA:1,(anonymous_14)
FNDA:0,(anonymous_15)
FNDA:1,(anonymous_16)
FNDA:16,(anonymous_17)
FNDA:0,(anonymous_18)
FNDA:0,(anonymous_19)
FNDA:0,(anonymous_20)
FNDA:0,(anonymous_21)
FNDA:0,(anonymous_22)
DA:27,1
DA:29,1
DA:50,10
DA:51,10
DA:59,1
DA:60,1
DA:64,1
DA:68,1
DA:74,1
DA:78,3
DA:79,3
DA:80,3
DA:83,3
DA:84,0
DA:85,0
DA:87,0
DA:88,0
DA:94,0
DA:101,2
DA:105,2
DA:109,2
DA:113,2
DA:114,1
DA:116,1
DA:117,1
DA:118,1
DA:130,1
DA:131,1
DA:134,1
DA:135,1
DA:136,1
DA:137,1
DA:138,1
DA:139,1
DA:140,1
DA:142,0
DA:145,0
DA:152,1
DA:156,16
DA:158,0
DA:180,0
DA:188,0
DA:195,0
DA:210,0
LF:44
LH:32
BRDA:84,0,0,0
BRDA:84,0,1,0
BRDA:113,1,0,1
BRDA:113,1,1,1
BRDA:113,2,0,2
BRDA:113,2,1,1
BRDA:135,3,0,1
BRDA:135,3,1,0
BRDA:202,4,0,1
BRDA:202,4,1,15
BRF:10
BRH:7
end_of_record
TN:
SF:/Users/sooraj/Desktop/chainios/chainsidepay-merchant/src/components/OnBoarding/POSManual/Styles.js
FNF:0
FNH:0
DA:6,1
DA:8,1
LF:2
LH:2
BRF:0
BRH:0
end_of_record
TN:
SF:/Users/sooraj/Desktop/chainios/chainsidepay-merchant/src/components/Payment/Alert/Alert.js
FN:30,(anonymous_0)
FNF:1
FNH:1
FNDA:1,(anonymous_0)
DA:31,1
DA:32,1
LF:2
LH:2
BRDA:45,0,0,1
BRDA:45,0,1,0
BRF:2
BRH:1
end_of_record
TN:
SF:/Users/sooraj/Desktop/chainios/chainsidepay-merchant/src/components/Payment/Cancel/Cancel.js
FN:44,(anonymous_0)
FN:53,(anonymous_1)
FN:54,(anonymous_2)
FN:58,(anonymous_3)
FN:61,(anonymous_4)
FN:76,(anonymous_5)
FN:79,(anonymous_6)
FN:81,(anonymous_7)
FN:95,(anonymous_8)
FN:107,(anonymous_9)
FN:112,(anonymous_10)
FN:117,(anonymous_11)
FN:122,(anonymous_12)
FN:126,(anonymous_13)
FN:137,(anonymous_14)
FN:148,(anonymous_15)
FN:149,(anonymous_16)
FN:196,(anonymous_17)
FN:222,(anonymous_18)
FNF:19
FNH:13
FNDA:5,(anonymous_0)
FNDA:5,(anonymous_1)
FNDA:5,(anonymous_2)
FNDA:5,(anonymous_3)
FNDA:7,(anonymous_4)
FNDA:7,(anonymous_5)
FNDA:7,(anonymous_6)
FNDA:0,(anonymous_7)
FNDA:2,(anonymous_8)
FNDA:1,(anonymous_9)
FNDA:1,(anonymous_10)
FNDA:1,(anonymous_11)
FNDA:0,(anonymous_12)
FNDA:1,(anonymous_13)
FNDA:14,(anonymous_14)
FNDA:0,(anonymous_15)
FNDA:0,(anonymous_16)
FNDA:0,(anonymous_17)
FNDA:0,(anonymous_18)
DA:26,1
DA:27,1
DA:45,5
DA:46,5
DA:54,5
DA:55,5
DA:56,0
DA:58,5
DA:62,7
DA:63,7
DA:64,7
DA:65,7
DA:66,7
DA:77,7
DA:80,7
DA:81,0
DA:83,5
DA:84,0
DA:86,5
DA:87,5
DA:88,5
DA:89,5
DA:90,5
DA:91,5
DA:92,5
DA:96,2
DA:97,2
DA:98,2
DA:99,2
DA:100,2
DA:101,2
DA:102,2
DA:108,1
DA:109,1
DA:113,1
DA:114,1
DA:118,1
DA:119,1
DA:123,0
DA:127,1
DA:128,1
DA:129,1
DA:130,1
DA:131,1
DA:132,1
DA:133,1
DA:138,14
DA:139,14
DA:140,14
DA:141,14
DA:142,14
DA:143,14
DA:144,3
DA:148,0
DA:149,0
DA:196,0
DA:210,11
DA:222,0
LF:58
LH:50
BRDA:80,0,0,0
BRDA:80,0,1,5
BRDA:83,1,0,0
BRDA:83,1,1,5
BRDA:141,2,0,14
BRDA:141,2,1,0
BRDA:142,3,0,14
BRDA:142,3,1,0
BRDA:143,4,0,3
BRDA:143,4,1,11
BRDA:159,5,0,0
BRDA:159,5,1,3
BRDA:170,6,0,0
BRDA:170,6,1,3
BRDA:172,7,0,0
BRDA:172,7,1,3
BRDA:214,8,0,6
BRDA:214,8,1,5
BRF:18
BRH:11
end_of_record
TN:
SF:/Users/sooraj/Desktop/chainios/chainsidepay-merchant/src/components/Payment/Cancel/Styles.js
FNF:0
FNH:0
DA:6,1
DA:8,1
LF:2
LH:2
BRF:0
BRH:0
end_of_record
TN:
SF:/Users/sooraj/Desktop/chainios/chainsidepay-merchant/src/components/Payment/Complete/Complete.js
FN:46,(anonymous_0)
FN:54,(anonymous_1)
FN:59,(anonymous_2)
FN:65,(anonymous_3)
FN:76,(anonymous_4)
FN:81,(anonymous_5)
FN:82,(anonymous_6)
FN:90,(anonymous_7)
FN:91,(anonymous_8)
FN:100,(anonymous_9)
FN:117,(anonymous_10)
FN:125,(anonymous_11)
FN:131,(anonymous_12)
FN:150,(anonymous_13)
FN:151,(anonymous_14)
FN:172,(anonymous_15)
FN:180,(anonymous_16)
FN:189,(anonymous_17)
FNF:18
FNH:7
FNDA:5,(anonymous_0)
FNDA:1,(anonymous_1)
FNDA:1,(anonymous_2)
FNDA:1,(anonymous_3)
FNDA:5,(anonymous_4)
FNDA:3,(anonymous_5)
FNDA:0,(anonymous_6)
FNDA:0,(anonymous_7)
FNDA:0,(anonymous_8)
FNDA:3,(anonymous_9)
FNDA:0,(anonymous_10)
FNDA:0,(anonymous_11)
FNDA:0,(anonymous_12)
FNDA:0,(anonymous_13)
FNDA:0,(anonymous_14)
FNDA:0,(anonymous_15)
FNDA:0,(anonymous_16)
FNDA:0,(anonymous_17)
DA:28,1
DA:47,5
DA:48,5
DA:55,1
DA:56,1
DA:60,1
DA:61,1
DA:66,1
DA:72,1
DA:77,5
DA:78,5
DA:79,3
DA:81,3
DA:83,0
DA:90,0
DA:91,0
DA:100,3
DA:117,0
DA:125,0
DA:131,0
DA:145,2
DA:150,0
DA:151,0
DA:172,0
DA:180,0
DA:189,0
LF:26
LH:15
BRDA:78,0,0,3
BRDA:78,0,1,2
BRDA:78,1,0,5
BRDA:78,1,1,4
BRDA:108,2,0,3
BRDA:108,2,1,0
BRDA:108,3,0,3
BRDA:108,3,1,3
BRDA:111,4,0,3
BRDA:111,4,1,0
BRDA:123,5,0,3
BRDA:123,5,1,0
BRDA:166,6,0,1
BRDA:166,6,1,1
BRDA:178,7,0,1
BRDA:178,7,1,1
BRDA:185,8,0,2
BRDA:185,8,1,0
BRDA:185,9,0,2
BRDA:185,9,1,0
BRF:20
BRH:15
end_of_record
TN:
SF:/Users/sooraj/Desktop/chainios/chainsidepay-merchant/src/components/Payment/Complete/OverPaymentAlert.js
FN:48,(anonymous_0)
FN:55,(anonymous_1)
FN:56,(anonymous_2)
FN:63,(anonymous_3)
FNF:4
FNH:3
FNDA:4,(anonymous_0)
FNDA:4,(anonymous_1)
FNDA:0,(anonymous_2)
FNDA:4,(anonymous_3)
DA:23,1
DA:24,1
DA:49,4
DA:50,4
DA:56,4
DA:57,0
DA:58,0
DA:64,4
DA:65,4
DA:66,4
DA:67,4
DA:68,4
DA:69,4
LF:13
LH:11
BRDA:66,0,0,4
BRDA:66,0,1,0
BRDA:67,1,0,4
BRDA:67,1,1,0
BRDA:68,2,0,4
BRDA:68,2,1,0
BRF:6
BRH:3
end_of_record
TN:
SF:/Users/sooraj/Desktop/chainios/chainsidepay-merchant/src/components/Payment/Complete/OverPaymentAlertStyles.js
FNF:0
FNH:0
DA:6,1
DA:8,1
LF:2
LH:2
BRF:0
BRH:0
end_of_record
TN:
SF:/Users/sooraj/Desktop/chainios/chainsidepay-merchant/src/components/Payment/Complete/RiskAlert.js
FN:40,(anonymous_0)
FNF:1
FNH:1
FNDA:4,(anonymous_0)
DA:20,1
DA:41,4
LF:2
LH:2
BRF:0
BRH:0
end_of_record
TN:
SF:/Users/sooraj/Desktop/chainios/chainsidepay-merchant/src/components/Payment/Complete/RiskAlertStyles.js
FNF:0
FNH:0
DA:6,1
DA:8,1
LF:2
LH:2
BRF:0
BRH:0
end_of_record
TN:
SF:/Users/sooraj/Desktop/chainios/chainsidepay-merchant/src/components/Payment/Complete/Status.js
FN:30,(anonymous_0)
FNF:1
FNH:1
FNDA:5,(anonymous_0)
DA:31,5
LF:1
LH:1
BRDA:32,0,0,3
BRDA:32,0,1,2
BRDA:35,1,0,5
BRDA:35,1,1,0
BRF:4
BRH:3
end_of_record
TN:
SF:/Users/sooraj/Desktop/chainios/chainsidepay-merchant/src/components/Payment/Complete/Styles.js
FNF:0
FNH:0
DA:6,2
DA:8,2
LF:2
LH:2
BRF:0
BRH:0
end_of_record
TN:
SF:/Users/sooraj/Desktop/chainios/chainsidepay-merchant/src/components/Payment/PopUp/NotificationPopUp.js
FN:36,(anonymous_0)
FN:47,(anonymous_1)
FN:51,(anonymous_2)
FN:57,(anonymous_3)
FN:58,(anonymous_4)
FN:64,(anonymous_5)
FN:72,(anonymous_6)
FN:101,(anonymous_7)
FN:111,(anonymous_8)
FNF:9
FNH:5
FNDA:3,(anonymous_0)
FNDA:1,(anonymous_1)
FNDA:1,(anonymous_2)
FNDA:3,(anonymous_3)
FNDA:0,(anonymous_4)
FNDA:4,(anonymous_5)
FNDA:0,(anonymous_6)
FNDA:0,(anonymous_7)
FNDA:0,(anonymous_8)
DA:21,2
DA:22,2
DA:37,3
DA:39,3
DA:43,3
DA:44,3
DA:48,1
DA:52,1
DA:53,0
DA:58,3
DA:59,0
DA:60,0
DA:65,4
DA:66,4
DA:72,0
DA:101,0
DA:111,0
LF:17
LH:11
BRDA:52,0,0,0
BRDA:52,0,1,1
BRDA:65,1,0,0
BRDA:65,1,1,4
BRF:4
BRH:2
end_of_record
TN:
SF:/Users/sooraj/Desktop/chainios/chainsidepay-merchant/src/components/Payment/PopUp/NotificationPopUpStyles.js
FNF:0
FNH:0
DA:7,2
DA:9,2
LF:2
LH:2
BRF:0
BRH:0
end_of_record
TN:
SF:/Users/sooraj/Desktop/chainios/chainsidepay-merchant/src/components/Payment/PopUp/PopUp.js
FN:28,(anonymous_0)
FN:39,(anonymous_1)
FN:43,(anonymous_2)
FN:48,(anonymous_3)
FN:55,(anonymous_4)
FN:71,(anonymous_5)
FN:79,(anonymous_6)
FNF:7
FNH:4
FNDA:3,(anonymous_0)
FNDA:1,(anonymous_1)
FNDA:1,(anonymous_2)
FNDA:5,(anonymous_3)
FNDA:0,(anonymous_4)
FNDA:0,(anonymous_5)
FNDA:0,(anonymous_6)
DA:29,3
DA:31,3
DA:35,3
DA:36,3
DA:40,1
DA:44,1
DA:49,5
DA:55,0
DA:71,0
DA:79,0
LF:10
LH:7
BRF:0
BRH:0
end_of_record
TN:
SF:/Users/sooraj/Desktop/chainios/chainsidepay-merchant/src/components/Payment/PopUp/PopUpStyles.js
FNF:0
FNH:0
DA:7,2
DA:9,2
LF:2
LH:2
BRF:0
BRH:0
end_of_record
TN:
SF:/Users/sooraj/Desktop/chainios/chainsidepay-merchant/src/components/Payment/PopUp/Prompt.js
FN:33,(anonymous_0)
FN:46,(anonymous_1)
FN:50,(anonymous_2)
FN:54,(anonymous_3)
FN:74,(anonymous_4)
FN:81,(anonymous_5)
FN:98,(anonymous_6)
FN:104,(anonymous_7)
FN:104,(anonymous_8)
FN:112,(anonymous_9)
FNF:10
FNH:5
FNDA:7,(anonymous_0)
FNDA:1,(anonymous_1)
FNDA:1,(anonymous_2)
FNDA:4,(anonymous_3)
FNDA:17,(anonymous_4)
FNDA:0,(anonymous_5)
FNDA:0,(anonymous_6)
FNDA:0,(anonymous_7)
FNDA:0,(anonymous_8)
FNDA:0,(anonymous_9)
DA:34,7
DA:36,7
DA:42,7
DA:43,7
DA:47,1
DA:51,1
DA:55,4
DA:56,4
DA:57,4
DA:58,2
DA:59,2
DA:60,1
DA:62,1
DA:65,2
DA:66,2
DA:67,1
DA:69,1
DA:75,17
DA:81,0
DA:98,0
DA:104,0
DA:112,0
LF:22
LH:18
BRDA:57,0,0,2
BRDA:57,0,1,2
BRDA:59,1,0,1
BRDA:59,1,1,1
BRDA:66,2,0,1
BRDA:66,2,1,1
BRDA:88,3,0,10
BRDA:88,3,1,7
BRDA:95,4,0,10
BRDA:95,4,1,7
BRDA:96,5,0,10
BRDA:96,5,1,7
BRDA:105,6,0,15
BRDA:105,6,1,2
BRF:14
BRH:14
end_of_record
TN:
SF:/Users/sooraj/Desktop/chainios/chainsidepay-merchant/src/components/Payment/PopUp/PromptStyles.js
FNF:0
FNH:0
DA:7,2
DA:9,2
LF:2
LH:2
BRF:0
BRH:0
end_of_record
TN:
SF:/Users/sooraj/Desktop/chainios/chainsidepay-merchant/src/components/Payment/Request/AmountCard.js
FN:33,(anonymous_0)
FN:40,(anonymous_1)
FN:41,(anonymous_2)
FN:47,(anonymous_3)
FNF:4
FNH:4
FNDA:12,(anonymous_0)
FNDA:12,(anonymous_1)
FNDA:4,(anonymous_2)
FNDA:22,(anonymous_3)
DA:15,4
DA:16,4
DA:34,12
DA:35,12
DA:41,12
DA:42,4
DA:43,0
DA:48,22
DA:49,22
DA:50,22
DA:51,22
DA:52,22
LF:12
LH:11
BRDA:50,0,0,22
BRDA:50,0,1,0
BRDA:51,1,0,22
BRDA:51,1,1,0
BRDA:53,2,0,0
BRDA:53,2,1,22
BRDA:55,3,0,0
BRDA:55,3,1,22
BRDA:63,4,0,0
BRDA:63,4,1,22
BRDA:66,5,0,0
BRDA:66,5,1,22
BRF:12
BRH:6
end_of_record
TN:
SF:/Users/sooraj/Desktop/chainios/chainsidepay-merchant/src/components/Payment/Request/Request.js
FN:52,(anonymous_0)
FN:69,(anonymous_1)
FN:70,(anonymous_2)
FN:74,(anonymous_3)
FN:88,(anonymous_4)
FN:91,(anonymous_5)
FN:93,(anonymous_6)
FN:102,(anonymous_7)
FN:114,(anonymous_8)
FN:138,(anonymous_9)
FN:142,(anonymous_10)
FN:147,(anonymous_11)
FN:156,(anonymous_12)
FN:181,(anonymous_13)
FN:184,(anonymous_14)
FN:186,(anonymous_15)
FN:190,(anonymous_16)
FN:198,(anonymous_17)
FN:221,(anonymous_18)
FN:224,(anonymous_19)
FN:226,(anonymous_20)
FN:235,(anonymous_21)
FN:249,(anonymous_22)
FN:254,(anonymous_23)
FN:259,(anonymous_24)
FN:263,(anonymous_25)
FN:268,(anonymous_26)
FN:289,(anonymous_27)
FN:309,(anonymous_28)
FN:320,(anonymous_29)
FN:329,(anonymous_30)
FN:330,(anonymous_31)
FN:350,(anonymous_32)
FN:351,(anonymous_33)
FN:352,(anonymous_34)
FN:393,(anonymous_35)
FN:405,(anonymous_36)
FN:413,(anonymous_37)
FN:461,(anonymous_38)
FNF:39
FNH:24
FNDA:21,(anonymous_0)
FNDA:21,(anonymous_1)
FNDA:9,(anonymous_2)
FNDA:12,(anonymous_3)
FNDA:12,(anonymous_4)
FNDA:5,(anonymous_5)
FNDA:0,(anonymous_6)
FNDA:11,(anonymous_7)
FNDA:1,(anonymous_8)
FNDA:1,(anonymous_9)
FNDA:1,(anonymous_10)
FNDA:2,(anonymous_11)
FNDA:1,(anonymous_12)
FNDA:2,(anonymous_13)
FNDA:0,(anonymous_14)
FNDA:0,(anonymous_15)
FNDA:2,(anonymous_16)
FNDA:3,(anonymous_17)
FNDA:2,(anonymous_18)
FNDA:1,(anonymous_19)
FNDA:0,(anonymous_20)
FNDA:1,(anonymous_21)
FNDA:0,(anonymous_22)
FNDA:0,(anonymous_23)
FNDA:4,(anonymous_24)
FNDA:1,(anonymous_25)
FNDA:3,(anonymous_26)
FNDA:2,(anonymous_27)
FNDA:2,(anonymous_28)
FNDA:64,(anonymous_29)
FNDA:0,(anonymous_30)
FNDA:0,(anonymous_31)
FNDA:0,(anonymous_32)
FNDA:0,(anonymous_33)
FNDA:0,(anonymous_34)
FNDA:0,(anonymous_35)
FNDA:0,(anonymous_36)
FNDA:0,(anonymous_37)
FNDA:0,(anonymous_38)
DA:33,1
DA:34,1
DA:53,21
DA:54,21
DA:70,21
DA:75,12
DA:76,12
DA:77,12
DA:78,12
DA:89,12
DA:92,5
DA:93,0
DA:95,5
DA:96,5
DA:97,5
DA:98,5
DA:99,4
DA:103,11
DA:104,11
DA:105,11
DA:106,11
DA:107,11
DA:108,11
DA:109,11
DA:115,1
DA:116,1
DA:117,1
DA:118,1
DA:119,1
DA:120,1
DA:121,1
DA:135,1
DA:139,1
DA:143,1
DA:148,2
DA:149,2
DA:150,1
DA:152,1
DA:157,1
DA:158,1
DA:159,1
DA:160,1
DA:161,1
DA:162,1
DA:176,1
DA:177,0
DA:182,2
DA:183,2
DA:184,1
DA:185,1
DA:186,1
DA:191,2
DA:192,0
DA:194,2
DA:199,3
DA:200,0
DA:202,3
DA:203,3
DA:204,3
DA:205,3
DA:206,3
DA:208,0
DA:210,3
DA:211,3
DA:222,2
DA:225,1
DA:226,0
DA:228,1
DA:229,1
DA:230,1
DA:232,0
DA:236,1
DA:237,1
DA:238,1
DA:239,1
DA:240,1
DA:241,1
DA:242,1
DA:243,1
DA:250,0
DA:251,0
DA:255,0
DA:256,0
DA:260,4
DA:264,1
DA:269,3
DA:270,2
DA:271,2
DA:272,2
DA:273,2
DA:274,2
DA:275,2
DA:276,2
DA:277,1
DA:278,1
DA:279,1
DA:280,1
DA:281,1
DA:282,1
DA:283,1
DA:284,1
DA:290,2
DA:291,1
DA:292,1
DA:293,1
DA:294,1
DA:295,1
DA:296,1
DA:297,1
DA:298,1
DA:299,1
DA:300,1
DA:301,1
DA:302,1
DA:303,1
DA:304,1
DA:305,1
DA:310,2
DA:321,64
DA:322,64
DA:323,11
DA:324,0
DA:329,0
DA:330,0
DA:347,11
DA:350,0
DA:351,0
DA:352,0
DA:393,0
DA:405,0
DA:413,0
DA:461,0
DA:471,53
LF:133
LH:112
BRDA:92,0,0,0
BRDA:92,0,1,5
BRDA:98,1,0,4
BRDA:98,1,1,1
BRDA:149,2,0,1
BRDA:149,2,1,1
BRDA:176,3,0,0
BRDA:176,3,1,1
BRDA:183,4,0,1
BRDA:183,4,1,1
BRDA:185,5,0,1
BRDA:185,5,1,0
BRDA:191,6,0,0
BRDA:191,6,1,2
BRDA:199,7,0,0
BRDA:199,7,1,3
BRDA:205,8,0,3
BRDA:205,8,1,0
BRDA:225,9,0,0
BRDA:225,9,1,1
BRDA:229,10,0,1
BRDA:229,10,1,0
BRDA:269,11,0,2
BRDA:269,11,1,1
BRDA:269,12,0,3
BRDA:269,12,1,2
BRDA:277,13,0,1
BRDA:277,13,1,0
BRDA:277,14,0,1
BRDA:277,14,1,0
BRDA:290,15,0,1
BRDA:290,15,1,1
BRDA:290,16,0,2
BRDA:290,16,1,1
BRDA:298,17,0,1
BRDA:298,17,1,0
BRDA:298,18,0,1
BRDA:298,18,1,0
BRDA:322,19,0,11
BRDA:322,19,1,53
BRDA:323,20,0,0
BRDA:323,20,1,11
BRDA:368,21,0,10
BRDA:368,21,1,1
BRDA:379,22,0,10
BRDA:379,22,1,1
BRDA:423,23,0,0
BRDA:423,23,1,11
BRDA:434,24,0,0
BRDA:434,24,1,11
BRDA:443,25,0,0
BRDA:443,25,1,11
BRDA:453,26,0,7
BRDA:453,26,1,4
BRF:54
BRH:38
end_of_record
TN:
SF:/Users/sooraj/Desktop/chainios/chainsidepay-merchant/src/components/Payment/Request/Styles.js
FNF:0
FNH:0
DA:6,4
DA:8,4
LF:2
LH:2
BRF:0
BRH:0
end_of_record
TN:
SF:/Users/sooraj/Desktop/chainios/chainsidepay-merchant/src/components/Payment/Request/Timer.js
FN:15,(anonymous_0)
FN:29,(anonymous_1)
FN:39,(anonymous_2)
FN:45,(anonymous_3)
FN:50,(anonymous_4)
FN:85,(anonymous_5)
FN:105,(anonymous_6)
FNF:7
FNH:6
FNDA:3,(anonymous_0)
FNDA:3,(anonymous_1)
FNDA:11,(anonymous_2)
FNDA:0,(anonymous_3)
FNDA:3,(anonymous_4)
FNDA:14,(anonymous_5)
FNDA:14,(anonymous_6)
DA:4,1
DA:16,3
DA:17,3
DA:23,3
DA:25,3
DA:26,3
DA:30,3
DA:31,3
DA:40,11
DA:41,0
DA:46,0
DA:47,0
DA:51,3
DA:52,3
DA:53,3
DA:56,3
DA:57,3
DA:59,3
DA:60,0
DA:63,3
DA:64,3
DA:66,3
DA:67,3
DA:68,3
DA:75,3
DA:76,0
DA:77,0
DA:80,3
DA:81,0
DA:86,14
DA:87,0
DA:90,14
DA:92,14
DA:93,14
DA:94,14
DA:96,14
DA:97,14
DA:98,14
DA:100,14
DA:102,14
DA:106,14
DA:107,14
DA:118,1
DA:127,1
LF:44
LH:36
BRDA:4,0,0,1
BRDA:4,0,1,0
BRDA:40,1,0,0
BRDA:40,1,1,11
BRDA:40,2,0,11
BRDA:40,2,1,0
BRDA:40,2,2,0
BRDA:52,3,0,0
BRDA:52,3,1,3
BRDA:59,4,0,0
BRDA:59,4,1,3
BRDA:64,5,0,3
BRDA:64,5,1,0
BRDA:66,6,0,3
BRDA:66,6,1,0
BRDA:67,7,0,0
BRDA:67,7,1,3
BRDA:69,8,0,0
BRDA:69,8,1,3
BRDA:75,9,0,0
BRDA:75,9,1,3
BRDA:76,10,0,0
BRDA:76,10,1,0
BRDA:80,11,0,0
BRDA:80,11,1,3
BRDA:86,12,0,0
BRDA:86,12,1,14
BRDA:96,13,0,0
BRDA:96,13,1,14
BRDA:97,14,0,14
BRDA:97,14,1,0
BRDA:98,15,0,14
BRDA:98,15,1,0
BRDA:100,16,0,14
BRDA:100,16,1,0
BRF:35
BRH:16
end_of_record
TN:
SF:/Users/sooraj/Desktop/chainios/chainsidepay-merchant/src/components/Payment/TimeOut/Alert.js
FN:55,(anonymous_0)
FN:62,(anonymous_1)
FN:63,(anonymous_2)
FN:69,(anonymous_3)
FN:74,(anonymous_4)
FN:80,(anonymous_5)
FN:91,(anonymous_6)
FNF:7
FNH:3
FNDA:1,(anonymous_0)
FNDA:1,(anonymous_1)
FNDA:0,(anonymous_2)
FNDA:0,(anonymous_3)
FNDA:0,(anonymous_4)
FNDA:0,(anonymous_5)
FNDA:1,(anonymous_6)
DA:33,1
DA:34,1
DA:35,1
DA:36,1
DA:37,1
DA:38,1
DA:56,1
DA:57,1
DA:63,1
DA:64,0
DA:65,0
DA:70,0
DA:71,0
DA:75,0
DA:76,0
DA:81,0
DA:87,0
DA:92,1
DA:93,1
DA:94,1
DA:95,1
DA:96,1
LF:22
LH:14
BRDA:94,0,0,1
BRDA:94,0,1,0
BRDA:95,1,0,1
BRDA:95,1,1,0
BRF:4
BRH:2
end_of_record
TN:
SF:/Users/sooraj/Desktop/chainios/chainsidepay-merchant/src/components/Payment/TimeOut/AlertCustomStyles.js
FNF:0
FNH:0
DA:6,1
DA:8,1
LF:2
LH:2
BRF:0
BRH:0
end_of_record
TN:
SF:/Users/sooraj/Desktop/chainios/chainsidepay-merchant/src/components/Payment/TimeOut/Styles.js
FNF:0
FNH:0
DA:6,2
DA:8,2
LF:2
LH:2
BRF:0
BRH:0
end_of_record
TN:
SF:/Users/sooraj/Desktop/chainios/chainsidepay-merchant/src/components/Payment/TimeOut/TimeOut.js
FN:44,(anonymous_0)
FN:49,(anonymous_1)
FN:55,(anonymous_2)
FN:66,(anonymous_3)
FN:73,(anonymous_4)
FN:74,(anonymous_5)
FN:99,(anonymous_6)
FN:109,(anonymous_7)
FNF:8
FNH:4
FNDA:1,(anonymous_0)
FNDA:1,(anonymous_1)
FNDA:1,(anonymous_2)
FNDA:2,(anonymous_3)
FNDA:0,(anonymous_4)
FNDA:0,(anonymous_5)
FNDA:0,(anonymous_6)
FNDA:0,(anonymous_7)
DA:26,1
DA:27,1
DA:45,1
DA:46,1
DA:50,1
DA:51,1
DA:56,1
DA:62,1
DA:67,2
DA:68,2
DA:73,0
DA:74,0
DA:99,0
DA:109,0
LF:14
LH:10
BRDA:83,0,0,1
BRDA:83,0,1,1
BRDA:95,1,0,1
BRDA:95,1,1,1
BRF:4
BRH:4
end_of_record
TN:
SF:/Users/sooraj/Desktop/chainios/chainsidepay-merchant/src/config/ApiConfig.js
FNF:0
FNH:0
DA:1,5
DA:3,5
DA:4,5
DA:5,5
DA:6,5
DA:7,5
DA:8,5
DA:9,5
DA:10,5
DA:11,5
DA:12,5
DA:13,5
DA:14,5
DA:16,5
DA:17,5
DA:18,5
DA:19,5
LF:17
LH:17
BRF:0
BRH:0
end_of_record
TN:
SF:/Users/sooraj/Desktop/chainios/chainsidepay-merchant/src/config/Common.js
FN:16,screenNameSetter
FN:20,feedbackSetter
FN:24,feedbackGetter
FN:28,screenNameChecker
FN:32,uuidSetter
FN:36,uuidChecker
FN:44,setAccessToken
FN:48,getAccessToken
FN:49,(anonymous_8)
FN:51,(anonymous_9)
FN:56,setRefreshToken
FN:60,getRefreshToken
FN:61,(anonymous_12)
FN:63,(anonymous_13)
FN:69,requestNewToken
FN:70,(anonymous_15)
FN:81,(anonymous_16)
FN:84,(anonymous_17)
FN:92,(anonymous_18)
FNF:19
FNH:9
FNDA:0,screenNameSetter
FNDA:0,feedbackSetter
FNDA:0,feedbackGetter
FNDA:0,screenNameChecker
FNDA:5,uuidSetter
FNDA:0,uuidChecker
FNDA:0,setAccessToken
FNDA:28,getAccessToken
FNDA:14,(anonymous_8)
FNDA:0,(anonymous_9)
FNDA:0,setRefreshToken
FNDA:1,getRefreshToken
FNDA:1,(anonymous_12)
FNDA:0,(anonymous_13)
FNDA:1,requestNewToken
FNDA:1,(anonymous_15)
FNDA:1,(anonymous_16)
FNDA:0,(anonymous_17)
FNDA:1,(anonymous_18)
DA:8,4
DA:9,4
DA:10,4
DA:11,4
DA:13,4
DA:17,0
DA:21,0
DA:25,0
DA:29,0
DA:33,5
DA:37,0
DA:38,0
DA:40,0
DA:45,0
DA:49,28
DA:50,14
DA:52,0
DA:57,0
DA:61,1
DA:62,1
DA:64,0
DA:70,1
DA:71,1
DA:82,1
DA:85,0
DA:86,0
DA:87,0
DA:88,0
DA:89,0
DA:91,0
DA:93,1
LF:31
LH:14
BRDA:37,0,0,0
BRDA:37,0,1,0
BRDA:85,1,0,0
BRDA:85,1,1,0
BRF:4
BRH:0
end_of_record
TN:
SF:/Users/sooraj/Desktop/chainios/chainsidepay-merchant/src/config/FirebaseConfig.js
FNF:0
FNH:0
DA:3,1
DA:7,1
LF:2
LH:2
BRF:0
BRH:0
end_of_record
TN:
SF:/Users/sooraj/Desktop/chainios/chainsidepay-merchant/src/config/Locale.js
FNF:0
FNH:0
DA:3,10
DA:4,10
DA:6,10
LF:3
LH:3
BRF:0
BRH:0
end_of_record
